28-03-2024 00:00:40.457 [main] INFO  bdki.project.ProjectApplication.logStarting - Starting ProjectApplication using Java 17.0.9 with PID 25164 (C:\Users\USER\Downloads\project\project\target\classes started by USER in C:\Users\USER\Downloads\project\project)
28-03-2024 00:00:40.501 [main] DEBUG bdki.project.ProjectApplication.logStarting - Running with Spring Boot v3.2.3, Spring v6.1.4
28-03-2024 00:00:40.508 [main] INFO  bdki.project.ProjectApplication.logStartupProfileInfo - The following 1 profile is active: "default"
28-03-2024 00:00:51.654 [main] INFO  bdki.project.ProjectApplication.logStarted - Started ProjectApplication in 12.449 seconds (process running for 13.257)
28-03-2024 00:05:23.020 [main] INFO  bdki.project.ProjectApplication.logStarting - Starting ProjectApplication using Java 17.0.9 with PID 21628 (C:\Users\USER\Downloads\project\project\target\classes started by USER in C:\Users\USER\Downloads\project\project)
28-03-2024 00:05:23.038 [main] DEBUG bdki.project.ProjectApplication.logStarting - Running with Spring Boot v3.2.3, Spring v6.1.4
28-03-2024 00:05:23.038 [main] INFO  bdki.project.ProjectApplication.logStartupProfileInfo - The following 1 profile is active: "default"
28-03-2024 00:05:34.300 [main] INFO  bdki.project.ProjectApplication.logStarted - Started ProjectApplication in 12.401 seconds (process running for 13.015)
28-03-2024 00:09:36.121 [main] INFO  bdki.project.ProjectApplication.logStarting - Starting ProjectApplication using Java 17.0.9 with PID 2892 (C:\Users\USER\Downloads\project\project\target\classes started by USER in C:\Users\USER\Downloads\project\project)
28-03-2024 00:09:36.121 [main] DEBUG bdki.project.ProjectApplication.logStarting - Running with Spring Boot v3.2.3, Spring v6.1.4
28-03-2024 00:09:36.121 [main] INFO  bdki.project.ProjectApplication.logStartupProfileInfo - The following 1 profile is active: "default"
28-03-2024 00:09:45.853 [main] INFO  bdki.project.ProjectApplication.logStarted - Started ProjectApplication in 11.155 seconds (process running for 11.892)
28-03-2024 08:30:48.645 [main] INFO  bdki.project.ProjectApplication.logStarting - Starting ProjectApplication using Java 17.0.9 with PID 16640 (C:\Users\USER\Downloads\project\project\target\classes started by USER in C:\Users\USER\Downloads\project\project)
28-03-2024 08:30:48.647 [main] DEBUG bdki.project.ProjectApplication.logStarting - Running with Spring Boot v3.2.3, Spring v6.1.4
28-03-2024 08:30:48.649 [main] INFO  bdki.project.ProjectApplication.logStartupProfileInfo - The following 1 profile is active: "default"
28-03-2024 08:30:58.942 [main] INFO  bdki.project.ProjectApplication.logStarted - Started ProjectApplication in 11.401 seconds (process running for 12.204)
28-03-2024 09:15:05.572 [main] INFO  bdki.project.ProjectApplication.logStarting - Starting ProjectApplication using Java 17.0.9 with PID 3964 (C:\Users\USER\Downloads\project\project\target\classes started by USER in C:\Users\USER\Downloads\project\project)
28-03-2024 09:15:05.573 [main] DEBUG bdki.project.ProjectApplication.logStarting - Running with Spring Boot v3.2.3, Spring v6.1.4
28-03-2024 09:15:05.573 [main] INFO  bdki.project.ProjectApplication.logStartupProfileInfo - The following 1 profile is active: "default"
28-03-2024 09:15:20.714 [main] INFO  bdki.project.ProjectApplication.logStarted - Started ProjectApplication in 16.425 seconds (process running for 17.36)
28-03-2024 09:17:19.308 [main] INFO  bdki.project.ProjectApplication.logStarting - Starting ProjectApplication using Java 17.0.9 with PID 13592 (C:\Users\USER\Downloads\project\project\target\classes started by USER in C:\Users\USER\Downloads\project\project)
28-03-2024 09:17:19.308 [main] DEBUG bdki.project.ProjectApplication.logStarting - Running with Spring Boot v3.2.3, Spring v6.1.4
28-03-2024 09:17:19.308 [main] INFO  bdki.project.ProjectApplication.logStartupProfileInfo - The following 1 profile is active: "default"
28-03-2024 09:17:34.128 [main] INFO  bdki.project.ProjectApplication.logStarted - Started ProjectApplication in 16.301 seconds (process running for 17.746)
28-03-2024 09:19:43.343 [main] INFO  bdki.project.ProjectApplication.logStarting - Starting ProjectApplication using Java 17.0.9 with PID 13924 (C:\Users\USER\Downloads\project\project\target\classes started by USER in C:\Users\USER\Downloads\project\project)
28-03-2024 09:19:43.358 [main] DEBUG bdki.project.ProjectApplication.logStarting - Running with Spring Boot v3.2.3, Spring v6.1.4
28-03-2024 09:19:43.417 [main] INFO  bdki.project.ProjectApplication.logStartupProfileInfo - The following 1 profile is active: "default"
28-03-2024 09:20:01.404 [main] INFO  bdki.project.ProjectApplication.logStarted - Started ProjectApplication in 19.65 seconds (process running for 20.985)
28-03-2024 09:24:08.043 [main] INFO  bdki.project.ProjectApplication.logStarting - Starting ProjectApplication using Java 17.0.9 with PID 14024 (C:\Users\USER\Downloads\project\project\target\classes started by USER in C:\Users\USER\Downloads\project\project)
28-03-2024 09:24:08.046 [main] DEBUG bdki.project.ProjectApplication.logStarting - Running with Spring Boot v3.2.3, Spring v6.1.4
28-03-2024 09:24:08.048 [main] INFO  bdki.project.ProjectApplication.logStartupProfileInfo - The following 1 profile is active: "default"
28-03-2024 09:24:18.828 [main] INFO  bdki.project.ProjectApplication.logStarted - Started ProjectApplication in 13.747 seconds (process running for 16.568)
28-03-2024 09:32:20.324 [main] INFO  bdki.project.ProjectApplication.logStarting - Starting ProjectApplication using Java 17.0.9 with PID 5800 (C:\Users\USER\Downloads\project\project\target\classes started by USER in C:\Users\USER\Downloads\project\project)
28-03-2024 09:32:20.340 [main] DEBUG bdki.project.ProjectApplication.logStarting - Running with Spring Boot v3.2.3, Spring v6.1.4
28-03-2024 09:32:20.340 [main] INFO  bdki.project.ProjectApplication.logStartupProfileInfo - The following 1 profile is active: "default"
28-03-2024 09:35:34.421 [main] INFO  bdki.project.ProjectApplication.logStarting - Starting ProjectApplication using Java 17.0.9 with PID 16880 (C:\Users\USER\Downloads\project\project\target\classes started by USER in C:\Users\USER\Downloads\project\project)
28-03-2024 09:35:34.421 [main] DEBUG bdki.project.ProjectApplication.logStarting - Running with Spring Boot v3.2.3, Spring v6.1.4
28-03-2024 09:35:34.421 [main] INFO  bdki.project.ProjectApplication.logStartupProfileInfo - The following 1 profile is active: "default"
28-03-2024 09:37:35.417 [main] INFO  bdki.project.ProjectApplication.logStarting - Starting ProjectApplication using Java 17.0.9 with PID 1180 (C:\Users\USER\Downloads\project\project\target\classes started by USER in C:\Users\USER\Downloads\project\project)
28-03-2024 09:37:35.417 [main] DEBUG bdki.project.ProjectApplication.logStarting - Running with Spring Boot v3.2.3, Spring v6.1.4
28-03-2024 09:37:35.417 [main] INFO  bdki.project.ProjectApplication.logStartupProfileInfo - The following 1 profile is active: "default"
28-03-2024 09:45:38.904 [main] INFO  b.project.ProjectApplicationTests.logStarting - Starting ProjectApplicationTests using Java 17.0.9 with PID 25432 (started by USER in C:\Users\USER\Downloads\project\project)
28-03-2024 09:45:38.921 [main] DEBUG b.project.ProjectApplicationTests.logStarting - Running with Spring Boot v3.2.3, Spring v6.1.4
28-03-2024 09:45:38.921 [main] INFO  b.project.ProjectApplicationTests.logStartupProfileInfo - The following 1 profile is active: "default"
28-03-2024 09:48:32.904 [main] INFO  b.project.ProjectApplicationTests.logStarting - Starting ProjectApplicationTests using Java 17.0.9 with PID 27912 (started by USER in C:\Users\USER\Downloads\project\project)
28-03-2024 09:48:32.920 [main] DEBUG b.project.ProjectApplicationTests.logStarting - Running with Spring Boot v3.2.3, Spring v6.1.4
28-03-2024 09:48:32.920 [main] INFO  b.project.ProjectApplicationTests.logStartupProfileInfo - The following 1 profile is active: "default"
28-03-2024 09:48:51.215 [main] INFO  b.project.ProjectApplicationTests.logStarted - Started ProjectApplicationTests in 19.701 seconds (process running for 23.573)
28-03-2024 09:49:33.894 [main] INFO  bdki.project.ProjectApplication.logStarting - Starting ProjectApplication using Java 17.0.9 with PID 24896 (C:\Users\USER\Downloads\project\project\target\classes started by USER in C:\Users\USER\Downloads\project\project)
28-03-2024 09:49:33.897 [main] DEBUG bdki.project.ProjectApplication.logStarting - Running with Spring Boot v3.2.3, Spring v6.1.4
28-03-2024 09:49:33.899 [main] INFO  bdki.project.ProjectApplication.logStartupProfileInfo - The following 1 profile is active: "default"
28-03-2024 09:49:42.590 [main] INFO  bdki.project.ProjectApplication.logStarted - Started ProjectApplication in 9.789 seconds (process running for 10.747)
28-03-2024 09:53:08.370 [main] INFO  bdki.project.ProjectApplication.logStarting - Starting ProjectApplication using Java 17.0.9 with PID 18076 (C:\Users\USER\Downloads\project\project\target\classes started by USER in C:\Users\USER\Downloads\project\project)
28-03-2024 09:53:08.370 [main] DEBUG bdki.project.ProjectApplication.logStarting - Running with Spring Boot v3.2.3, Spring v6.1.4
28-03-2024 09:53:08.370 [main] INFO  bdki.project.ProjectApplication.logStartupProfileInfo - The following 1 profile is active: "default"
28-03-2024 09:53:17.015 [main] INFO  bdki.project.ProjectApplication.logStarted - Started ProjectApplication in 9.667 seconds (process running for 10.642)
28-03-2024 10:00:55.619 [main] INFO  bdki.project.ProjectApplication.logStarting - Starting ProjectApplication using Java 17.0.9 with PID 19884 (C:\Users\USER\Downloads\project\project\target\classes started by USER in C:\Users\USER\Downloads\project\project)
28-03-2024 10:00:55.619 [main] DEBUG bdki.project.ProjectApplication.logStarting - Running with Spring Boot v3.2.3, Spring v6.1.4
28-03-2024 10:00:55.619 [main] INFO  bdki.project.ProjectApplication.logStartupProfileInfo - The following 1 profile is active: "default"
28-03-2024 10:01:04.328 [main] INFO  bdki.project.ProjectApplication.logStarted - Started ProjectApplication in 9.665 seconds (process running for 10.478)
28-03-2024 10:05:26.898 [main] INFO  bdki.project.ProjectApplication.logStarting - Starting ProjectApplication using Java 17.0.9 with PID 26104 (C:\Users\USER\Downloads\project\project\target\classes started by USER in C:\Users\USER\Downloads\project\project)
28-03-2024 10:05:26.914 [main] DEBUG bdki.project.ProjectApplication.logStarting - Running with Spring Boot v3.2.3, Spring v6.1.4
28-03-2024 10:05:26.914 [main] INFO  bdki.project.ProjectApplication.logStartupProfileInfo - The following 1 profile is active: "default"
28-03-2024 10:06:38.299 [main] INFO  bdki.project.ProjectApplication.logStarting - Starting ProjectApplication using Java 17.0.9 with PID 5148 (C:\Users\USER\Downloads\project\project\target\classes started by USER in C:\Users\USER\Downloads\project\project)
28-03-2024 10:06:38.299 [main] DEBUG bdki.project.ProjectApplication.logStarting - Running with Spring Boot v3.2.3, Spring v6.1.4
28-03-2024 10:06:38.299 [main] INFO  bdki.project.ProjectApplication.logStartupProfileInfo - The following 1 profile is active: "default"
28-03-2024 10:06:46.996 [main] INFO  bdki.project.ProjectApplication.logStarted - Started ProjectApplication in 9.784 seconds (process running for 10.931)
28-03-2024 11:42:42.557 [main] INFO  bdki.project.ProjectApplication.logStarting - Starting ProjectApplication using Java 17.0.9 with PID 25040 (C:\Users\USER\Downloads\project\project\target\classes started by USER in C:\Users\USER\Downloads\project\project)
28-03-2024 11:42:42.566 [main] DEBUG bdki.project.ProjectApplication.logStarting - Running with Spring Boot v3.2.3, Spring v6.1.4
28-03-2024 11:42:42.566 [main] INFO  bdki.project.ProjectApplication.logStartupProfileInfo - The following 1 profile is active: "default"
28-03-2024 11:42:55.647 [main] INFO  bdki.project.ProjectApplication.logStarted - Started ProjectApplication in 14.607 seconds (process running for 15.886)
28-03-2024 11:44:53.723 [main] INFO  bdki.project.ProjectApplication.logStarting - Starting ProjectApplication using Java 17.0.9 with PID 16616 (C:\Users\USER\Downloads\project\project\target\classes started by USER in C:\Users\USER\Downloads\project\project)
28-03-2024 11:44:53.727 [main] DEBUG bdki.project.ProjectApplication.logStarting - Running with Spring Boot v3.2.3, Spring v6.1.4
28-03-2024 11:44:53.732 [main] INFO  bdki.project.ProjectApplication.logStartupProfileInfo - The following 1 profile is active: "default"
28-03-2024 11:45:23.187 [main] INFO  bdki.project.ProjectApplication.logStarted - Started ProjectApplication in 31.216 seconds (process running for 32.698)
28-03-2024 13:22:32.486 [main] INFO  bdki.project.ProjectApplication.logStarting - Starting ProjectApplication using Java 17.0.9 with PID 27608 (C:\Users\USER\Downloads\project\project\target\classes started by USER in C:\Users\USER\Downloads\project\project)
28-03-2024 13:22:32.486 [main] DEBUG bdki.project.ProjectApplication.logStarting - Running with Spring Boot v3.2.3, Spring v6.1.4
28-03-2024 13:22:32.486 [main] INFO  bdki.project.ProjectApplication.logStartupProfileInfo - The following 1 profile is active: "default"
28-03-2024 13:26:32.460 [main] INFO  b.project.ProjectApplicationTests.logStarting - Starting ProjectApplicationTests using Java 17.0.9 with PID 27556 (started by USER in C:\Users\USER\Downloads\project\project)
28-03-2024 13:26:32.460 [main] DEBUG b.project.ProjectApplicationTests.logStarting - Running with Spring Boot v3.2.3, Spring v6.1.4
28-03-2024 13:26:32.469 [main] INFO  b.project.ProjectApplicationTests.logStartupProfileInfo - The following 1 profile is active: "default"
28-03-2024 13:27:15.269 [main] INFO  b.project.ProjectApplicationTests.logStarted - Started ProjectApplicationTests in 45.493 seconds (process running for 51.345)
28-03-2024 13:28:35.127 [main] INFO  bdki.project.ProjectApplication.logStarting - Starting ProjectApplication using Java 17.0.9 with PID 20996 (C:\Users\USER\Downloads\project\project\target\classes started by USER in C:\Users\USER\Downloads\project\project)
28-03-2024 13:28:35.127 [main] DEBUG bdki.project.ProjectApplication.logStarting - Running with Spring Boot v3.2.3, Spring v6.1.4
28-03-2024 13:28:35.132 [main] INFO  bdki.project.ProjectApplication.logStartupProfileInfo - The following 1 profile is active: "default"
28-03-2024 13:28:48.556 [main] INFO  bdki.project.ProjectApplication.logStarted - Started ProjectApplication in 15.261 seconds (process running for 18.159)
28-03-2024 13:31:02.796 [main] INFO  bdki.project.ProjectApplication.logStarting - Starting ProjectApplication using Java 17.0.9 with PID 17848 (C:\Users\USER\Downloads\project\project\target\classes started by USER in C:\Users\USER\Downloads\project\project)
28-03-2024 13:31:02.809 [main] DEBUG bdki.project.ProjectApplication.logStarting - Running with Spring Boot v3.2.3, Spring v6.1.4
28-03-2024 13:31:02.809 [main] INFO  bdki.project.ProjectApplication.logStartupProfileInfo - The following 1 profile is active: "default"
28-03-2024 13:31:19.229 [main] INFO  bdki.project.ProjectApplication.logStarted - Started ProjectApplication in 18.333 seconds (process running for 19.514)
28-03-2024 14:17:51.926 [main] INFO  bdki.project.ProjectApplication.logStarting - Starting ProjectApplication using Java 17.0.9 with PID 8468 (C:\Users\USER\Downloads\project\project\target\classes started by USER in C:\Users\USER\Downloads\project\project)
28-03-2024 14:17:51.926 [main] DEBUG bdki.project.ProjectApplication.logStarting - Running with Spring Boot v3.2.3, Spring v6.1.4
28-03-2024 14:17:51.926 [main] INFO  bdki.project.ProjectApplication.logStartupProfileInfo - The following 1 profile is active: "default"
28-03-2024 14:18:03.183 [main] INFO  bdki.project.ProjectApplication.logStarted - Started ProjectApplication in 12.69 seconds (process running for 13.577)
28-03-2024 14:20:20.285 [main] INFO  bdki.project.ProjectApplication.logStarting - Starting ProjectApplication using Java 17.0.9 with PID 6676 (C:\Users\USER\Downloads\project\project\target\classes started by USER in C:\Users\USER\Downloads\project\project)
28-03-2024 14:20:20.287 [main] DEBUG bdki.project.ProjectApplication.logStarting - Running with Spring Boot v3.2.3, Spring v6.1.4
28-03-2024 14:20:20.289 [main] INFO  bdki.project.ProjectApplication.logStartupProfileInfo - The following 1 profile is active: "default"
28-03-2024 14:20:31.457 [main] INFO  bdki.project.ProjectApplication.logStarted - Started ProjectApplication in 12.618 seconds (process running for 13.88)
28-03-2024 14:22:38.492 [main] INFO  bdki.project.ProjectApplication.logStarting - Starting ProjectApplication using Java 17.0.9 with PID 19980 (C:\Users\USER\Downloads\project\project\target\classes started by USER in C:\Users\USER\Downloads\project\project)
28-03-2024 14:22:38.492 [main] DEBUG bdki.project.ProjectApplication.logStarting - Running with Spring Boot v3.2.3, Spring v6.1.4
28-03-2024 14:22:38.492 [main] INFO  bdki.project.ProjectApplication.logStartupProfileInfo - The following 1 profile is active: "default"
28-03-2024 14:22:50.258 [main] INFO  bdki.project.ProjectApplication.logStarted - Started ProjectApplication in 13.645 seconds (process running for 14.395)
28-03-2024 15:19:43.290 [main] INFO  bdki.project.ProjectApplication.logStarting - Starting ProjectApplication using Java 17.0.9 with PID 12508 (C:\Users\USER\Downloads\project\project\target\classes started by USER in C:\Users\USER\Downloads\project\project)
28-03-2024 15:19:43.292 [main] DEBUG bdki.project.ProjectApplication.logStarting - Running with Spring Boot v3.2.3, Spring v6.1.4
28-03-2024 15:19:43.292 [main] INFO  bdki.project.ProjectApplication.logStartupProfileInfo - The following 1 profile is active: "default"
28-03-2024 15:21:23.858 [main] INFO  bdki.project.ProjectApplication.logStarting - Starting ProjectApplication using Java 17.0.9 with PID 7392 (C:\Users\USER\Downloads\project\project\target\classes started by USER in C:\Users\USER\Downloads\project\project)
28-03-2024 15:21:23.858 [main] DEBUG bdki.project.ProjectApplication.logStarting - Running with Spring Boot v3.2.3, Spring v6.1.4
28-03-2024 15:21:23.858 [main] INFO  bdki.project.ProjectApplication.logStartupProfileInfo - The following 1 profile is active: "default"
28-03-2024 15:21:35.593 [main] INFO  bdki.project.ProjectApplication.logStarted - Started ProjectApplication in 13.361 seconds (process running for 14.401)
28-03-2024 15:31:51.715 [main] INFO  bdki.project.ProjectApplication.logStarting - Starting ProjectApplication using Java 17.0.9 with PID 20700 (C:\Users\USER\Downloads\project\project\target\classes started by USER in C:\Users\USER\Downloads\project\project)
28-03-2024 15:31:51.715 [main] DEBUG bdki.project.ProjectApplication.logStarting - Running with Spring Boot v3.2.3, Spring v6.1.4
28-03-2024 15:31:51.720 [main] INFO  bdki.project.ProjectApplication.logStartupProfileInfo - The following 1 profile is active: "default"
28-03-2024 15:32:06.359 [main] INFO  bdki.project.ProjectApplication.logStarted - Started ProjectApplication in 16.389 seconds (process running for 17.557)
28-03-2024 15:34:37.399 [main] INFO  bdki.project.ProjectApplication.logStarting - Starting ProjectApplication using Java 17.0.9 with PID 4796 (C:\Users\USER\Downloads\project\project\target\classes started by USER in C:\Users\USER\Downloads\project\project)
28-03-2024 15:34:37.404 [main] DEBUG bdki.project.ProjectApplication.logStarting - Running with Spring Boot v3.2.3, Spring v6.1.4
28-03-2024 15:34:37.404 [main] INFO  bdki.project.ProjectApplication.logStartupProfileInfo - The following 1 profile is active: "default"
28-03-2024 15:34:52.629 [main] INFO  bdki.project.ProjectApplication.logStarted - Started ProjectApplication in 17.028 seconds (process running for 18.35)
28-03-2024 15:35:55.231 [main] INFO  bdki.project.ProjectApplication.logStarting - Starting ProjectApplication using Java 17.0.9 with PID 15512 (C:\Users\USER\Downloads\project\project\target\classes started by USER in C:\Users\USER\Downloads\project\project)
28-03-2024 15:35:55.234 [main] DEBUG bdki.project.ProjectApplication.logStarting - Running with Spring Boot v3.2.3, Spring v6.1.4
28-03-2024 15:35:55.236 [main] INFO  bdki.project.ProjectApplication.logStartupProfileInfo - The following 1 profile is active: "default"
28-03-2024 15:36:08.318 [main] INFO  bdki.project.ProjectApplication.logStarted - Started ProjectApplication in 14.669 seconds (process running for 15.872)
28-03-2024 15:38:01.169 [main] INFO  bdki.project.ProjectApplication.logStarting - Starting ProjectApplication using Java 17.0.9 with PID 17484 (C:\Users\USER\Downloads\project\project\target\classes started by USER in C:\Users\USER\Downloads\project\project)
28-03-2024 15:38:01.169 [main] DEBUG bdki.project.ProjectApplication.logStarting - Running with Spring Boot v3.2.3, Spring v6.1.4
28-03-2024 15:38:01.169 [main] INFO  bdki.project.ProjectApplication.logStartupProfileInfo - The following 1 profile is active: "default"
28-03-2024 15:38:13.374 [main] INFO  bdki.project.ProjectApplication.logStarted - Started ProjectApplication in 13.918 seconds (process running for 15.093)
28-03-2024 15:40:15.932 [main] INFO  bdki.project.ProjectApplication.logStarting - Starting ProjectApplication using Java 17.0.9 with PID 408 (C:\Users\USER\Downloads\project\project\target\classes started by USER in C:\Users\USER\Downloads\project\project)
28-03-2024 15:40:15.934 [main] DEBUG bdki.project.ProjectApplication.logStarting - Running with Spring Boot v3.2.3, Spring v6.1.4
28-03-2024 15:40:15.938 [main] INFO  bdki.project.ProjectApplication.logStartupProfileInfo - The following 1 profile is active: "default"
28-03-2024 15:40:31.580 [main] INFO  bdki.project.ProjectApplication.logStarted - Started ProjectApplication in 17.132 seconds (process running for 19.27)
28-03-2024 15:41:41.688 [main] INFO  bdki.project.ProjectApplication.logStarting - Starting ProjectApplication using Java 17.0.9 with PID 18212 (C:\Users\USER\Downloads\project\project\target\classes started by USER in C:\Users\USER\Downloads\project\project)
28-03-2024 15:41:41.691 [main] DEBUG bdki.project.ProjectApplication.logStarting - Running with Spring Boot v3.2.3, Spring v6.1.4
28-03-2024 15:41:41.692 [main] INFO  bdki.project.ProjectApplication.logStartupProfileInfo - The following 1 profile is active: "default"
28-03-2024 15:41:53.379 [main] INFO  bdki.project.ProjectApplication.logStarted - Started ProjectApplication in 13.169 seconds (process running for 14.077)
28-03-2024 15:53:42.220 [main] INFO  bdki.project.ProjectApplication.logStarting - Starting ProjectApplication using Java 17.0.9 with PID 16608 (C:\Users\USER\Downloads\project\project\target\classes started by USER in C:\Users\USER\Downloads\project\project)
28-03-2024 15:53:42.226 [main] DEBUG bdki.project.ProjectApplication.logStarting - Running with Spring Boot v3.2.3, Spring v6.1.4
28-03-2024 15:53:42.226 [main] INFO  bdki.project.ProjectApplication.logStartupProfileInfo - The following 1 profile is active: "default"
28-03-2024 15:53:55.387 [main] INFO  bdki.project.ProjectApplication.logStarted - Started ProjectApplication in 14.63 seconds (process running for 15.616)
28-03-2024 15:57:47.500 [main] INFO  bdki.project.ProjectApplication.logStarting - Starting ProjectApplication using Java 17.0.9 with PID 18344 (C:\Users\USER\Downloads\project\project\target\classes started by USER in C:\Users\USER\Downloads\project\project)
28-03-2024 15:57:47.506 [main] DEBUG bdki.project.ProjectApplication.logStarting - Running with Spring Boot v3.2.3, Spring v6.1.4
28-03-2024 15:57:47.521 [main] INFO  bdki.project.ProjectApplication.logStartupProfileInfo - The following 1 profile is active: "default"
28-03-2024 15:58:10.847 [main] INFO  bdki.project.ProjectApplication.logStarted - Started ProjectApplication in 26.545 seconds (process running for 28.404)
28-03-2024 15:58:39.606 [main] INFO  bdki.project.ProjectApplication.logStarting - Starting ProjectApplication using Java 17.0.9 with PID 19160 (C:\Users\USER\Downloads\project\project\target\classes started by USER in C:\Users\USER\Downloads\project\project)
28-03-2024 15:58:39.606 [main] DEBUG bdki.project.ProjectApplication.logStarting - Running with Spring Boot v3.2.3, Spring v6.1.4
28-03-2024 15:58:39.606 [main] INFO  bdki.project.ProjectApplication.logStartupProfileInfo - The following 1 profile is active: "default"
28-03-2024 15:59:00.836 [main] INFO  bdki.project.ProjectApplication.logStarted - Started ProjectApplication in 22.553 seconds (process running for 23.773)
28-03-2024 16:01:07.189 [main] INFO  bdki.project.ProjectApplication.logStarting - Starting ProjectApplication using Java 17.0.9 with PID 14468 (C:\Users\USER\Downloads\project\project\target\classes started by USER in C:\Users\USER\Downloads\project\project)
28-03-2024 16:01:07.196 [main] DEBUG bdki.project.ProjectApplication.logStarting - Running with Spring Boot v3.2.3, Spring v6.1.4
28-03-2024 16:01:07.196 [main] INFO  bdki.project.ProjectApplication.logStartupProfileInfo - The following 1 profile is active: "default"
28-03-2024 16:01:19.301 [main] INFO  bdki.project.ProjectApplication.logStarted - Started ProjectApplication in 13.55 seconds (process running for 15.097)
28-03-2024 16:03:12.547 [main] INFO  bdki.project.ProjectApplication.logStarting - Starting ProjectApplication using Java 17.0.9 with PID 17712 (C:\Users\USER\Downloads\project\project\target\classes started by USER in C:\Users\USER\Downloads\project\project)
28-03-2024 16:03:12.554 [main] DEBUG bdki.project.ProjectApplication.logStarting - Running with Spring Boot v3.2.3, Spring v6.1.4
28-03-2024 16:03:12.555 [main] INFO  bdki.project.ProjectApplication.logStartupProfileInfo - The following 1 profile is active: "default"
28-03-2024 16:04:33.767 [main] INFO  bdki.project.ProjectApplication.logStarted - Started ProjectApplication in 82.785 seconds (process running for 88.209)
28-03-2024 16:06:17.704 [main] INFO  bdki.project.ProjectApplication.logStarting - Starting ProjectApplication using Java 17.0.9 with PID 19792 (C:\Users\USER\Downloads\project\project\target\classes started by USER in C:\Users\USER\Downloads\project\project)
28-03-2024 16:06:17.704 [main] DEBUG bdki.project.ProjectApplication.logStarting - Running with Spring Boot v3.2.3, Spring v6.1.4
28-03-2024 16:06:17.704 [main] INFO  bdki.project.ProjectApplication.logStartupProfileInfo - The following 1 profile is active: "default"
28-03-2024 16:06:27.823 [main] INFO  bdki.project.ProjectApplication.logStarted - Started ProjectApplication in 11.796 seconds (process running for 12.609)
28-03-2024 16:08:52.858 [main] INFO  bdki.project.ProjectApplication.logStarting - Starting ProjectApplication using Java 17.0.9 with PID 25648 (C:\Users\USER\Downloads\project\project\target\classes started by USER in C:\Users\USER\Downloads\project\project)
28-03-2024 16:08:52.861 [main] DEBUG bdki.project.ProjectApplication.logStarting - Running with Spring Boot v3.2.3, Spring v6.1.4
28-03-2024 16:08:52.863 [main] INFO  bdki.project.ProjectApplication.logStartupProfileInfo - The following 1 profile is active: "default"
28-03-2024 16:09:02.038 [main] INFO  bdki.project.ProjectApplication.logStarted - Started ProjectApplication in 10.277 seconds (process running for 11.043)
28-03-2024 16:11:13.033 [main] INFO  bdki.project.ProjectApplication.logStarting - Starting ProjectApplication using Java 17.0.9 with PID 21068 (C:\Users\USER\Downloads\project\project\target\classes started by USER in C:\Users\USER\Downloads\project\project)
28-03-2024 16:11:13.033 [main] DEBUG bdki.project.ProjectApplication.logStarting - Running with Spring Boot v3.2.3, Spring v6.1.4
28-03-2024 16:11:13.033 [main] INFO  bdki.project.ProjectApplication.logStartupProfileInfo - The following 1 profile is active: "default"
28-03-2024 16:11:21.755 [main] INFO  bdki.project.ProjectApplication.logStarted - Started ProjectApplication in 10.156 seconds (process running for 10.984)
28-03-2024 19:33:15.944 [main] INFO  bdki.project.ProjectApplication.logStarting - Starting ProjectApplication using Java 17.0.9 with PID 23808 (C:\Users\USER\Downloads\project\project\target\classes started by USER in C:\Users\USER\Downloads\project\project)
28-03-2024 19:33:15.949 [main] DEBUG bdki.project.ProjectApplication.logStarting - Running with Spring Boot v3.2.3, Spring v6.1.4
28-03-2024 19:33:15.954 [main] INFO  bdki.project.ProjectApplication.logStartupProfileInfo - The following 1 profile is active: "default"
28-03-2024 19:33:35.209 [main] INFO  bdki.project.ProjectApplication.logStarted - Started ProjectApplication in 22.612 seconds (process running for 24.17)
28-03-2024 19:38:19.506 [main] INFO  bdki.project.ProjectApplication.logStarting - Starting ProjectApplication using Java 17.0.9 with PID 11548 (C:\Users\USER\Downloads\project\project\target\classes started by USER in C:\Users\USER\Downloads\project\project)
28-03-2024 19:38:19.506 [main] DEBUG bdki.project.ProjectApplication.logStarting - Running with Spring Boot v3.2.3, Spring v6.1.4
28-03-2024 19:38:19.524 [main] INFO  bdki.project.ProjectApplication.logStartupProfileInfo - The following 1 profile is active: "default"
28-03-2024 19:38:29.987 [main] INFO  bdki.project.ProjectApplication.logStarted - Started ProjectApplication in 12.123 seconds (process running for 13.369)
28-03-2024 19:45:23.964 [main] INFO  bdki.project.ProjectApplication.logStarting - Starting ProjectApplication using Java 17.0.9 with PID 15716 (C:\Users\USER\Downloads\project\project\target\classes started by USER in C:\Users\USER\Downloads\project\project)
28-03-2024 19:45:23.964 [main] DEBUG bdki.project.ProjectApplication.logStarting - Running with Spring Boot v3.2.3, Spring v6.1.4
28-03-2024 19:45:23.980 [main] INFO  bdki.project.ProjectApplication.logStartupProfileInfo - The following 1 profile is active: "default"
28-03-2024 19:45:35.781 [main] INFO  bdki.project.ProjectApplication.logStarted - Started ProjectApplication in 13.276 seconds (process running for 14.078)
