21-04-2024 05:42:48.180 [main] INFO  bdki.project.ProjectApplication.logStarting - Starting ProjectApplication using Java 17.0.9 with PID 1916 (C:\Users\USER\Downloads\project\project\target\classes started by USER in C:\Users\USER\Downloads\project\project)
21-04-2024 05:42:48.180 [main] DEBUG bdki.project.ProjectApplication.logStarting - Running with Spring Boot v3.2.3, Spring v6.1.4
21-04-2024 05:42:48.193 [main] INFO  bdki.project.ProjectApplication.logStartupProfileInfo - The following 1 profile is active: "default"
21-04-2024 05:43:35.072 [main] INFO  b.project.ProjectApplicationTests.logStarting - Starting ProjectApplicationTests using Java 17.0.9 with PID 14072 (started by USER in C:\Users\USER\Downloads\project\project)
21-04-2024 05:43:35.080 [main] DEBUG b.project.ProjectApplicationTests.logStarting - Running with Spring Boot v3.2.3, Spring v6.1.4
21-04-2024 05:43:35.080 [main] INFO  b.project.ProjectApplicationTests.logStartupProfileInfo - The following 1 profile is active: "default"
21-04-2024 05:45:30.423 [main] INFO  bdki.project.ProjectApplication.logStarting - Starting ProjectApplication using Java 17.0.9 with PID 7812 (C:\Users\USER\Downloads\project\project\target\classes started by USER in C:\Users\USER\Downloads\project\project)
21-04-2024 05:45:30.423 [main] DEBUG bdki.project.ProjectApplication.logStarting - Running with Spring Boot v3.2.3, Spring v6.1.4
21-04-2024 05:45:30.428 [main] INFO  bdki.project.ProjectApplication.logStartupProfileInfo - The following 1 profile is active: "default"
21-04-2024 05:45:42.021 [main] INFO  bdki.project.ProjectApplication.logStarted - Started ProjectApplication in 13.305 seconds (process running for 14.277)
21-04-2024 05:47:36.775 [main] INFO  bdki.project.ProjectApplication.logStarting - Starting ProjectApplication using Java 17.0.9 with PID 20284 (C:\Users\USER\Downloads\project\project\target\classes started by USER in C:\Users\USER\Downloads\project\project)
21-04-2024 05:47:36.775 [main] DEBUG bdki.project.ProjectApplication.logStarting - Running with Spring Boot v3.2.3, Spring v6.1.4
21-04-2024 05:47:36.775 [main] INFO  bdki.project.ProjectApplication.logStartupProfileInfo - The following 1 profile is active: "default"
21-04-2024 05:47:50.150 [main] INFO  bdki.project.ProjectApplication.logStarted - Started ProjectApplication in 14.619 seconds (process running for 15.453)
21-04-2024 05:54:03.820 [main] INFO  b.project.ProjectApplicationTests.logStarting - Starting ProjectApplicationTests using Java 17.0.9 with PID 10552 (started by USER in C:\Users\USER\Downloads\project\project)
21-04-2024 05:54:03.835 [main] DEBUG b.project.ProjectApplicationTests.logStarting - Running with Spring Boot v3.2.3, Spring v6.1.4
21-04-2024 05:54:03.844 [main] INFO  b.project.ProjectApplicationTests.logStartupProfileInfo - The following 1 profile is active: "default"
21-04-2024 05:54:17.749 [main] INFO  b.project.ProjectApplicationTests.logStarted - Started ProjectApplicationTests in 15.154 seconds (process running for 17.498)
21-04-2024 05:55:05.491 [main] INFO  bdki.project.ProjectApplication.logStarting - Starting ProjectApplication using Java 17.0.9 with PID 9360 (C:\Users\USER\Downloads\project\project\target\classes started by USER in C:\Users\USER\Downloads\project\project)
21-04-2024 05:55:05.499 [main] DEBUG bdki.project.ProjectApplication.logStarting - Running with Spring Boot v3.2.3, Spring v6.1.4
21-04-2024 05:55:05.499 [main] INFO  bdki.project.ProjectApplication.logStartupProfileInfo - The following 1 profile is active: "default"
21-04-2024 05:55:18.357 [main] INFO  bdki.project.ProjectApplication.logStarted - Started ProjectApplication in 14.263 seconds (process running for 15.141)
21-04-2024 05:56:13.224 [main] INFO  bdki.project.ProjectApplication.logStarting - Starting ProjectApplication using Java 17.0.9 with PID 3260 (C:\Users\USER\Downloads\project\project\target\classes started by USER in C:\Users\USER\Downloads\project\project)
21-04-2024 05:56:13.224 [main] DEBUG bdki.project.ProjectApplication.logStarting - Running with Spring Boot v3.2.3, Spring v6.1.4
21-04-2024 05:56:13.224 [main] INFO  bdki.project.ProjectApplication.logStartupProfileInfo - The following 1 profile is active: "default"
21-04-2024 05:59:01.019 [main] INFO  bdki.project.ProjectApplication.logStarting - Starting ProjectApplication using Java 17.0.9 with PID 21548 (C:\Users\USER\Downloads\project\project\target\classes started by USER in C:\Users\USER\Downloads\project\project)
21-04-2024 05:59:01.034 [main] DEBUG bdki.project.ProjectApplication.logStarting - Running with Spring Boot v3.2.3, Spring v6.1.4
21-04-2024 05:59:01.098 [main] INFO  bdki.project.ProjectApplication.logStartupProfileInfo - The following 1 profile is active: "default"
21-04-2024 05:59:15.184 [main] INFO  bdki.project.ProjectApplication.logStarted - Started ProjectApplication in 15.878 seconds (process running for 17.721)
21-04-2024 06:04:28.870 [main] INFO  bdki.project.ProjectApplication.logStarting - Starting ProjectApplication using Java 17.0.9 with PID 5352 (C:\Users\USER\Downloads\project\project\target\classes started by USER in C:\Users\USER\Downloads\project\project)
21-04-2024 06:04:28.870 [main] DEBUG bdki.project.ProjectApplication.logStarting - Running with Spring Boot v3.2.3, Spring v6.1.4
21-04-2024 06:04:28.870 [main] INFO  bdki.project.ProjectApplication.logStartupProfileInfo - The following 1 profile is active: "default"
21-04-2024 06:05:24.383 [main] INFO  b.project.ProjectApplicationTests.logStarting - Starting ProjectApplicationTests using Java 17.0.9 with PID 20948 (started by USER in C:\Users\USER\Downloads\project\project)
21-04-2024 06:05:24.387 [main] DEBUG b.project.ProjectApplicationTests.logStarting - Running with Spring Boot v3.2.3, Spring v6.1.4
21-04-2024 06:05:24.389 [main] INFO  b.project.ProjectApplicationTests.logStartupProfileInfo - The following 1 profile is active: "default"
21-04-2024 06:05:39.524 [main] INFO  b.project.ProjectApplicationTests.logStarted - Started ProjectApplicationTests in 16.582 seconds (process running for 19.962)
21-04-2024 06:06:22.810 [main] INFO  bdki.project.ProjectApplication.logStarting - Starting ProjectApplication using Java 17.0.9 with PID 16736 (C:\Users\USER\Downloads\project\project\target\classes started by USER in C:\Users\USER\Downloads\project\project)
21-04-2024 06:06:22.810 [main] DEBUG bdki.project.ProjectApplication.logStarting - Running with Spring Boot v3.2.3, Spring v6.1.4
21-04-2024 06:06:22.810 [main] INFO  bdki.project.ProjectApplication.logStartupProfileInfo - The following 1 profile is active: "default"
21-04-2024 06:06:35.640 [main] INFO  bdki.project.ProjectApplication.logStarted - Started ProjectApplication in 14.627 seconds (process running for 15.721)
21-04-2024 22:08:45.910 [main] INFO  bdki.project.ProjectApplication.logStarting - Starting ProjectApplication using Java 17.0.9 with PID 16764 (C:\Users\USER\Downloads\project\project\target\classes started by USER in C:\Users\USER\Downloads\project\project)
21-04-2024 22:08:45.910 [main] DEBUG bdki.project.ProjectApplication.logStarting - Running with Spring Boot v3.2.3, Spring v6.1.4
21-04-2024 22:08:45.910 [main] INFO  bdki.project.ProjectApplication.logStartupProfileInfo - The following 1 profile is active: "default"
21-04-2024 22:09:02.031 [main] INFO  bdki.project.ProjectApplication.logStarted - Started ProjectApplication in 17.677 seconds (process running for 20.747)
