09-04-2024 01:29:54.653 [background-preinit] INFO  o.h.validator.internal.util.Version.<clinit> - HV000001: Hibernate Validator 8.0.1.Final
09-04-2024 01:30:01.200 [main] INFO  o.h.jpa.internal.util.LogHelper.logPersistenceUnitInformation - HHH000204: Processing PersistenceUnitInfo [name: default]
09-04-2024 01:30:01.313 [main] INFO  org.hibernate.Version.logVersion - HHH000412: Hibernate ORM core version 6.4.4.Final
09-04-2024 01:30:01.392 [main] INFO  o.h.c.i.RegionFactoryInitiator.initiateService - HHH000026: Second-level cache disabled
09-04-2024 01:30:04.678 [main] INFO  o.h.e.t.j.p.i.JtaPlatformInitiator.initiateService - HHH000489: No JTA platform available (set 'hibernate.transaction.jta.platform' to enable JTA platform integration)
09-04-2024 01:33:50.981 [background-preinit] INFO  o.h.validator.internal.util.Version.<clinit> - HV000001: Hibernate Validator 8.0.1.Final
09-04-2024 01:33:58.408 [main] INFO  o.h.jpa.internal.util.LogHelper.logPersistenceUnitInformation - HHH000204: Processing PersistenceUnitInfo [name: default]
09-04-2024 01:33:58.805 [main] INFO  org.hibernate.Version.logVersion - HHH000412: Hibernate ORM core version 6.4.4.Final
09-04-2024 01:33:59.024 [main] INFO  o.h.c.i.RegionFactoryInitiator.initiateService - HHH000026: Second-level cache disabled
09-04-2024 01:34:04.860 [main] INFO  o.h.e.t.j.p.i.JtaPlatformInitiator.initiateService - HHH000489: No JTA platform available (set 'hibernate.transaction.jta.platform' to enable JTA platform integration)
09-04-2024 01:35:08.451 [background-preinit] INFO  o.h.validator.internal.util.Version.<clinit> - HV000001: Hibernate Validator 8.0.1.Final
09-04-2024 01:35:12.245 [main] INFO  o.h.jpa.internal.util.LogHelper.logPersistenceUnitInformation - HHH000204: Processing PersistenceUnitInfo [name: default]
09-04-2024 01:35:12.325 [main] INFO  org.hibernate.Version.logVersion - HHH000412: Hibernate ORM core version 6.4.4.Final
09-04-2024 01:35:12.389 [main] INFO  o.h.c.i.RegionFactoryInitiator.initiateService - HHH000026: Second-level cache disabled
09-04-2024 01:35:15.151 [main] INFO  o.h.e.t.j.p.i.JtaPlatformInitiator.initiateService - HHH000489: No JTA platform available (set 'hibernate.transaction.jta.platform' to enable JTA platform integration)
09-04-2024 01:38:16.124 [background-preinit] INFO  o.h.validator.internal.util.Version.<clinit> - HV000001: Hibernate Validator 8.0.1.Final
09-04-2024 01:38:20.296 [main] INFO  o.h.jpa.internal.util.LogHelper.logPersistenceUnitInformation - HHH000204: Processing PersistenceUnitInfo [name: default]
09-04-2024 01:38:20.426 [main] INFO  org.hibernate.Version.logVersion - HHH000412: Hibernate ORM core version 6.4.4.Final
09-04-2024 01:38:20.496 [main] INFO  o.h.c.i.RegionFactoryInitiator.initiateService - HHH000026: Second-level cache disabled
09-04-2024 01:38:23.046 [main] INFO  o.h.e.t.j.p.i.JtaPlatformInitiator.initiateService - HHH000489: No JTA platform available (set 'hibernate.transaction.jta.platform' to enable JTA platform integration)
09-04-2024 01:40:34.234 [background-preinit] INFO  o.h.validator.internal.util.Version.<clinit> - HV000001: Hibernate Validator 8.0.1.Final
09-04-2024 01:40:38.026 [main] INFO  o.h.jpa.internal.util.LogHelper.logPersistenceUnitInformation - HHH000204: Processing PersistenceUnitInfo [name: default]
09-04-2024 01:40:38.106 [main] INFO  org.hibernate.Version.logVersion - HHH000412: Hibernate ORM core version 6.4.4.Final
09-04-2024 01:40:38.172 [main] INFO  o.h.c.i.RegionFactoryInitiator.initiateService - HHH000026: Second-level cache disabled
09-04-2024 01:40:40.686 [main] INFO  o.h.e.t.j.p.i.JtaPlatformInitiator.initiateService - HHH000489: No JTA platform available (set 'hibernate.transaction.jta.platform' to enable JTA platform integration)
09-04-2024 02:04:15.194 [background-preinit] INFO  o.h.validator.internal.util.Version.<clinit> - HV000001: Hibernate Validator 8.0.1.Final
09-04-2024 02:04:24.378 [main] INFO  o.h.jpa.internal.util.LogHelper.logPersistenceUnitInformation - HHH000204: Processing PersistenceUnitInfo [name: default]
09-04-2024 02:04:24.538 [main] INFO  org.hibernate.Version.logVersion - HHH000412: Hibernate ORM core version 6.4.4.Final
09-04-2024 02:04:24.640 [main] INFO  o.h.c.i.RegionFactoryInitiator.initiateService - HHH000026: Second-level cache disabled
09-04-2024 02:04:28.319 [main] INFO  o.h.e.t.j.p.i.JtaPlatformInitiator.initiateService - HHH000489: No JTA platform available (set 'hibernate.transaction.jta.platform' to enable JTA platform integration)
09-04-2024 02:26:00.670 [background-preinit] INFO  o.h.validator.internal.util.Version.<clinit> - HV000001: Hibernate Validator 8.0.1.Final
09-04-2024 02:26:05.354 [main] INFO  o.h.jpa.internal.util.LogHelper.logPersistenceUnitInformation - HHH000204: Processing PersistenceUnitInfo [name: default]
09-04-2024 02:26:05.563 [main] INFO  org.hibernate.Version.logVersion - HHH000412: Hibernate ORM core version 6.4.4.Final
09-04-2024 02:26:05.665 [main] INFO  o.h.c.i.RegionFactoryInitiator.initiateService - HHH000026: Second-level cache disabled
09-04-2024 02:26:08.783 [main] INFO  o.h.e.t.j.p.i.JtaPlatformInitiator.initiateService - HHH000489: No JTA platform available (set 'hibernate.transaction.jta.platform' to enable JTA platform integration)
09-04-2024 02:30:37.281 [background-preinit] INFO  o.h.validator.internal.util.Version.<clinit> - HV000001: Hibernate Validator 8.0.1.Final
09-04-2024 02:30:41.136 [main] INFO  o.h.jpa.internal.util.LogHelper.logPersistenceUnitInformation - HHH000204: Processing PersistenceUnitInfo [name: default]
09-04-2024 02:30:41.248 [main] INFO  org.hibernate.Version.logVersion - HHH000412: Hibernate ORM core version 6.4.4.Final
09-04-2024 02:30:41.315 [main] INFO  o.h.c.i.RegionFactoryInitiator.initiateService - HHH000026: Second-level cache disabled
09-04-2024 02:30:45.293 [main] INFO  o.h.e.t.j.p.i.JtaPlatformInitiator.initiateService - HHH000489: No JTA platform available (set 'hibernate.transaction.jta.platform' to enable JTA platform integration)
