06-04-2024 14:05:37.521 [main] INFO  bdki.project.ProjectApplication.logStarting - Starting ProjectApplication using Java 17.0.9 with PID 19980 (C:\Users\USER\Downloads\project\project\target\classes started by USER in C:\Users\USER\Downloads\project\project)
06-04-2024 14:05:37.525 [main] DEBUG bdki.project.ProjectApplication.logStarting - Running with Spring Boot v3.2.3, Spring v6.1.4
06-04-2024 14:05:37.525 [main] INFO  bdki.project.ProjectApplication.logStartupProfileInfo - The following 1 profile is active: "default"
06-04-2024 14:18:39.398 [main] INFO  b.project.ProjectApplicationTests.logStarting - Starting ProjectApplicationTests using Java 17.0.9 with PID 2148 (started by USER in C:\Users\USER\Downloads\project\project)
06-04-2024 14:18:39.418 [main] DEBUG b.project.ProjectApplicationTests.logStarting - Running with Spring Boot v3.2.3, Spring v6.1.4
06-04-2024 14:18:39.418 [main] INFO  b.project.ProjectApplicationTests.logStartupProfileInfo - The following 1 profile is active: "default"
06-04-2024 14:21:50.783 [main] INFO  b.project.ProjectApplicationTests.logStarting - Starting ProjectApplicationTests using Java 17.0.9 with PID 8228 (started by USER in C:\Users\USER\Downloads\project\project)
06-04-2024 14:21:50.783 [main] DEBUG b.project.ProjectApplicationTests.logStarting - Running with Spring Boot v3.2.3, Spring v6.1.4
06-04-2024 14:21:50.783 [main] INFO  b.project.ProjectApplicationTests.logStartupProfileInfo - The following 1 profile is active: "default"
06-04-2024 14:22:08.670 [main] INFO  b.project.ProjectApplicationTests.logStarted - Started ProjectApplicationTests in 19.292 seconds (process running for 22.949)
06-04-2024 14:23:12.352 [main] INFO  bdki.project.ProjectApplication.logStarting - Starting ProjectApplication using Java 17.0.9 with PID 21368 (C:\Users\USER\Downloads\project\project\target\classes started by USER in C:\Users\USER\Downloads\project\project)
06-04-2024 14:23:12.352 [main] DEBUG bdki.project.ProjectApplication.logStarting - Running with Spring Boot v3.2.3, Spring v6.1.4
06-04-2024 14:23:12.352 [main] INFO  bdki.project.ProjectApplication.logStartupProfileInfo - The following 1 profile is active: "default"
06-04-2024 14:23:23.360 [main] INFO  bdki.project.ProjectApplication.logStarted - Started ProjectApplication in 12.283 seconds (process running for 13.208)
06-04-2024 14:41:50.806 [main] INFO  bdki.project.ProjectApplication.logStarting - Starting ProjectApplication using Java 17.0.9 with PID 21208 (C:\Users\USER\Downloads\project\project\target\classes started by USER in C:\Users\USER\Downloads\project\project)
06-04-2024 14:41:50.809 [main] DEBUG bdki.project.ProjectApplication.logStarting - Running with Spring Boot v3.2.3, Spring v6.1.4
06-04-2024 14:41:50.811 [main] INFO  bdki.project.ProjectApplication.logStartupProfileInfo - The following 1 profile is active: "default"
06-04-2024 14:42:02.848 [main] INFO  bdki.project.ProjectApplication.logStarted - Started ProjectApplication in 13.942 seconds (process running for 15.097)
06-04-2024 14:43:55.912 [main] INFO  bdki.project.ProjectApplication.logStarting - Starting ProjectApplication using Java 17.0.9 with PID 17212 (C:\Users\USER\Downloads\project\project\target\classes started by USER in C:\Users\USER\Downloads\project\project)
06-04-2024 14:43:55.912 [main] DEBUG bdki.project.ProjectApplication.logStarting - Running with Spring Boot v3.2.3, Spring v6.1.4
06-04-2024 14:43:55.912 [main] INFO  bdki.project.ProjectApplication.logStartupProfileInfo - The following 1 profile is active: "default"
06-04-2024 14:44:06.312 [main] INFO  bdki.project.ProjectApplication.logStarted - Started ProjectApplication in 11.601 seconds (process running for 12.372)
06-04-2024 14:49:19.151 [http-nio-8005-exec-5] INFO  b.project.publisher.RabbitMQProducer.sendMessage - Message sent -> {"channel":"MARTIPAY","notificationType":"REGISTRATION-ACCOUNT-BINDING","rawNotification":[{"url":"https://","bodyRequest":{"phoneNumber":"6285270196990","fullName":"Kal Kausar","birthdate":"1998-08-30","placeOrBirth":"Banda Aceh","email":"kalkausar98@gmail.com","channelRequest":"MARTIPAY","stan":"123456","requestDate":"2024-01-30","requestTime":"14:56:27","tokenAuthorization":"pw/hyLkFlQhdyq3DRvFdWw==","responseCode":"00","responseDescription":"Success"},"header":[{"key":"Content-Type","value":"Application/JSON"},{"key":"channelRequest","value":"MARTIPAY"}],"requestParams":[{"key":"id","value":"2"},{"key":"name","value":"kalkausar"}]}]}
06-04-2024 14:49:19.189 [http-nio-8005-exec-5] INFO  b.project.consumer.RabbitMQConsumer.consume - received message : {"channel":"MARTIPAY","notificationType":"REGISTRATION-ACCOUNT-BINDING","rawNotification":[{"url":"https://","bodyRequest":{"phoneNumber":"6285270196990","fullName":"Kal Kausar","birthdate":"1998-08-30","placeOrBirth":"Banda Aceh","email":"kalkausar98@gmail.com","channelRequest":"MARTIPAY","stan":"123456","requestDate":"2024-01-30","requestTime":"14:56:27","tokenAuthorization":"pw/hyLkFlQhdyq3DRvFdWw==","responseCode":"00","responseDescription":"Success"},"header":[{"key":"Content-Type","value":"Application/JSON"},{"key":"channelRequest","value":"MARTIPAY"}],"requestParams":[{"key":"id","value":"2"},{"key":"name","value":"kalkausar"}]}]}
06-04-2024 14:49:19.269 [org.springframework.amqp.rabbit.RabbitListenerEndpointContainer#0-1] INFO  b.project.consumer.RabbitMQConsumer.consume - received message : {"channel":"MARTIPAY","notificationType":"REGISTRATION-ACCOUNT-BINDING","rawNotification":[{"url":"https://","bodyRequest":{"phoneNumber":"6285270196990","fullName":"Kal Kausar","birthdate":"1998-08-30","placeOrBirth":"Banda Aceh","email":"kalkausar98@gmail.com","channelRequest":"MARTIPAY","stan":"123456","requestDate":"2024-01-30","requestTime":"14:56:27","tokenAuthorization":"pw/hyLkFlQhdyq3DRvFdWw==","responseCode":"00","responseDescription":"Success"},"header":[{"key":"Content-Type","value":"Application/JSON"},{"key":"channelRequest","value":"MARTIPAY"}],"requestParams":[{"key":"id","value":"2"},{"key":"name","value":"kalkausar"}]}]}
06-04-2024 14:51:14.546 [main] INFO  b.project.ProjectApplicationTests.logStarting - Starting ProjectApplicationTests using Java 17.0.9 with PID 16544 (started by USER in C:\Users\USER\Downloads\project\project)
06-04-2024 14:51:14.550 [main] DEBUG b.project.ProjectApplicationTests.logStarting - Running with Spring Boot v3.2.3, Spring v6.1.4
06-04-2024 14:51:14.550 [main] INFO  b.project.ProjectApplicationTests.logStartupProfileInfo - The following 1 profile is active: "default"
06-04-2024 14:51:43.159 [main] INFO  b.project.ProjectApplicationTests.logStarted - Started ProjectApplicationTests in 30.6 seconds (process running for 40.116)
06-04-2024 14:51:43.223 [org.springframework.amqp.rabbit.RabbitListenerEndpointContainer#0-1] INFO  b.project.consumer.RabbitMQConsumer.consume - received message : {"channel":"MARTIPAY","notificationType":"REGISTRATION-ACCOUNT-BINDING","rawNotification":[{"url":"https://","bodyRequest":{"phoneNumber":"6285270196990","fullName":"Kal Kausar","birthdate":"1998-08-30","placeOrBirth":"Banda Aceh","email":"kalkausar98@gmail.com","channelRequest":"MARTIPAY","stan":"123456","requestDate":"2024-01-30","requestTime":"14:56:27","tokenAuthorization":"pw/hyLkFlQhdyq3DRvFdWw==","responseCode":"00","responseDescription":"Success"},"header":[{"key":"Content-Type","value":"Application/JSON"},{"key":"channelRequest","value":"MARTIPAY"}],"requestParams":[{"key":"id","value":"2"},{"key":"name","value":"kalkausar"}]}]}
06-04-2024 14:53:08.386 [main] INFO  bdki.project.ProjectApplication.logStarting - Starting ProjectApplication using Java 17.0.9 with PID 2600 (C:\Users\USER\Downloads\project\project\target\classes started by USER in C:\Users\USER\Downloads\project\project)
06-04-2024 14:53:08.386 [main] DEBUG bdki.project.ProjectApplication.logStarting - Running with Spring Boot v3.2.3, Spring v6.1.4
06-04-2024 14:53:08.386 [main] INFO  bdki.project.ProjectApplication.logStartupProfileInfo - The following 1 profile is active: "default"
06-04-2024 14:53:18.178 [main] INFO  bdki.project.ProjectApplication.logStarted - Started ProjectApplication in 10.943 seconds (process running for 11.751)
06-04-2024 14:53:18.193 [org.springframework.amqp.rabbit.RabbitListenerEndpointContainer#0-1] INFO  b.project.consumer.RabbitMQConsumer.consume - received message : {"channel":"MARTIPAY","notificationType":"REGISTRATION-ACCOUNT-BINDING","rawNotification":[{"url":"https://","bodyRequest":{"phoneNumber":"6285270196990","fullName":"Kal Kausar","birthdate":"1998-08-30","placeOrBirth":"Banda Aceh","email":"kalkausar98@gmail.com","channelRequest":"MARTIPAY","stan":"123456","requestDate":"2024-01-30","requestTime":"14:56:27","tokenAuthorization":"pw/hyLkFlQhdyq3DRvFdWw==","responseCode":"00","responseDescription":"Success"},"header":[{"key":"Content-Type","value":"Application/JSON"},{"key":"channelRequest","value":"MARTIPAY"}],"requestParams":[{"key":"id","value":"2"},{"key":"name","value":"kalkausar"}]}]}
06-04-2024 14:54:11.021 [http-nio-8005-exec-1] INFO  b.project.publisher.RabbitMQProducer.sendMessage - Message sent -> {"channel":"MARTIPAY","notificationType":"REGISTRATION-ACCOUNT-BINDING","rawNotification":[{"url":"https://","bodyRequest":{"phoneNumber":"6285270196990","fullName":"Kal Kausar","birthdate":"1998-08-30","placeOrBirth":"Banda Aceh","email":"kalkausar98@gmail.com","channelRequest":"MARTIPAY","stan":"123456","requestDate":"2024-01-30","requestTime":"14:56:27","tokenAuthorization":"pw/hyLkFlQhdyq3DRvFdWw==","responseCode":"00","responseDescription":"Success"},"header":[{"key":"Content-Type","value":"Application/JSON"},{"key":"channelRequest","value":"MARTIPAY"}],"requestParams":[{"key":"id","value":"2"},{"key":"name","value":"kalkausar"}]}]}
06-04-2024 14:54:11.061 [http-nio-8005-exec-1] INFO  b.project.consumer.RabbitMQConsumer.consume - received message : {"channel":"MARTIPAY","notificationType":"REGISTRATION-ACCOUNT-BINDING","rawNotification":[{"url":"https://","bodyRequest":{"phoneNumber":"6285270196990","fullName":"Kal Kausar","birthdate":"1998-08-30","placeOrBirth":"Banda Aceh","email":"kalkausar98@gmail.com","channelRequest":"MARTIPAY","stan":"123456","requestDate":"2024-01-30","requestTime":"14:56:27","tokenAuthorization":"pw/hyLkFlQhdyq3DRvFdWw==","responseCode":"00","responseDescription":"Success"},"header":[{"key":"Content-Type","value":"Application/JSON"},{"key":"channelRequest","value":"MARTIPAY"}],"requestParams":[{"key":"id","value":"2"},{"key":"name","value":"kalkausar"}]}]}
06-04-2024 14:55:05.015 [main] INFO  bdki.project.ProjectApplication.logStarting - Starting ProjectApplication using Java 17.0.9 with PID 23268 (C:\Users\USER\Downloads\project\project\target\classes started by USER in C:\Users\USER\Downloads\project\project)
06-04-2024 14:55:05.015 [main] DEBUG bdki.project.ProjectApplication.logStarting - Running with Spring Boot v3.2.3, Spring v6.1.4
06-04-2024 14:55:05.031 [main] INFO  bdki.project.ProjectApplication.logStartupProfileInfo - The following 1 profile is active: "default"
06-04-2024 14:55:14.930 [main] INFO  bdki.project.ProjectApplication.logStarted - Started ProjectApplication in 11.639 seconds (process running for 12.713)
06-04-2024 14:56:15.729 [http-nio-8005-exec-2] INFO  b.project.publisher.RabbitMQProducer.sendMessage - Message sent -> {"channel":"MARTIPAY","notificationType":"REGISTRATION-ACCOUNT-BINDING","rawNotification":[{"url":"https://","bodyRequest":{"phoneNumber":"6285270196990","fullName":"Kal Kausar","birthdate":"1998-08-30","placeOrBirth":"Banda Aceh","email":"kalkausar98@gmail.com","channelRequest":"MARTIPAY","stan":"123456","requestDate":"2024-01-30","requestTime":"14:56:27","tokenAuthorization":"pw/hyLkFlQhdyq3DRvFdWw==","responseCode":"00","responseDescription":"Success"},"header":[{"key":"Content-Type","value":"Application/JSON"},{"key":"channelRequest","value":"MARTIPAY"}],"requestParams":[{"key":"id","value":"2"},{"key":"name","value":"kalkausar"}]}]}
06-04-2024 14:56:15.912 [http-nio-8005-exec-2] INFO  b.project.consumer.RabbitMQConsumer.consume - received message : {"channel":"MARTIPAY","notificationType":"REGISTRATION-ACCOUNT-BINDING","rawNotification":[{"url":"https://","bodyRequest":{"phoneNumber":"6285270196990","fullName":"Kal Kausar","birthdate":"1998-08-30","placeOrBirth":"Banda Aceh","email":"kalkausar98@gmail.com","channelRequest":"MARTIPAY","stan":"123456","requestDate":"2024-01-30","requestTime":"14:56:27","tokenAuthorization":"pw/hyLkFlQhdyq3DRvFdWw==","responseCode":"00","responseDescription":"Success"},"header":[{"key":"Content-Type","value":"Application/JSON"},{"key":"channelRequest","value":"MARTIPAY"}],"requestParams":[{"key":"id","value":"2"},{"key":"name","value":"kalkausar"}]}]}
06-04-2024 14:57:22.144 [main] INFO  bdki.project.ProjectApplication.logStarting - Starting ProjectApplication using Java 17.0.9 with PID 14824 (C:\Users\USER\Downloads\project\project\target\classes started by USER in C:\Users\USER\Downloads\project\project)
06-04-2024 14:57:22.150 [main] DEBUG bdki.project.ProjectApplication.logStarting - Running with Spring Boot v3.2.3, Spring v6.1.4
06-04-2024 14:57:22.158 [main] INFO  bdki.project.ProjectApplication.logStartupProfileInfo - The following 1 profile is active: "default"
06-04-2024 14:57:41.753 [main] INFO  bdki.project.ProjectApplication.logStarted - Started ProjectApplication in 22.069 seconds (process running for 24.761)
06-04-2024 14:58:01.261 [http-nio-8005-exec-1] INFO  b.project.publisher.RabbitMQProducer.sendMessage - Message sent -> {"channel":"MARTIPAY","notificationType":"REGISTRATION-ACCOUNT-BINDING","rawNotification":[{"url":"https://","bodyRequest":{"phoneNumber":"6285270196990","fullName":"Kal Kausar","birthdate":"1998-08-30","placeOrBirth":"Banda Aceh","email":"kalkausar98@gmail.com","channelRequest":"MARTIPAY","stan":"123456","requestDate":"2024-01-30","requestTime":"14:56:27","tokenAuthorization":"pw/hyLkFlQhdyq3DRvFdWw==","responseCode":"00","responseDescription":"Success"},"header":[{"key":"Content-Type","value":"Application/JSON"},{"key":"channelRequest","value":"MARTIPAY"}],"requestParams":[{"key":"id","value":"2"},{"key":"name","value":"kalkausar"}]}]}
06-04-2024 14:58:46.021 [http-nio-8005-exec-1] INFO  b.project.consumer.RabbitMQConsumer.consume - received message : {"channel":"MARTIPAY","notificationType":"REGISTRATION-ACCOUNT-BINDING","rawNotification":[{"url":"https://","bodyRequest":{"phoneNumber":"6285270196990","fullName":"Kal Kausar","birthdate":"1998-08-30","placeOrBirth":"Banda Aceh","email":"kalkausar98@gmail.com","channelRequest":"MARTIPAY","stan":"123456","requestDate":"2024-01-30","requestTime":"14:56:27","tokenAuthorization":"pw/hyLkFlQhdyq3DRvFdWw==","responseCode":"00","responseDescription":"Success"},"header":[{"key":"Content-Type","value":"Application/JSON"},{"key":"channelRequest","value":"MARTIPAY"}],"requestParams":[{"key":"id","value":"2"},{"key":"name","value":"kalkausar"}]}]}
06-04-2024 15:11:37.972 [main] INFO  bdki.project.ProjectApplication.logStarting - Starting ProjectApplication using Java 17.0.9 with PID 18508 (C:\Users\USER\Downloads\project\project\target\classes started by USER in C:\Users\USER\Downloads\project\project)
06-04-2024 15:11:37.987 [main] DEBUG bdki.project.ProjectApplication.logStarting - Running with Spring Boot v3.2.3, Spring v6.1.4
06-04-2024 15:11:37.987 [main] INFO  bdki.project.ProjectApplication.logStartupProfileInfo - The following 1 profile is active: "default"
06-04-2024 15:11:49.447 [main] INFO  bdki.project.ProjectApplication.logStarted - Started ProjectApplication in 13.125 seconds (process running for 14.181)
06-04-2024 15:11:49.447 [org.springframework.amqp.rabbit.RabbitListenerEndpointContainer#0-1] INFO  b.project.consumer.RabbitMQConsumer.consume - received message : {"channel":"MARTIPAY","notificationType":"REGISTRATION-ACCOUNT-BINDING","rawNotification":[{"url":"https://","bodyRequest":{"phoneNumber":"6285270196990","fullName":"Kal Kausar","birthdate":"1998-08-30","placeOrBirth":"Banda Aceh","email":"kalkausar98@gmail.com","channelRequest":"MARTIPAY","stan":"123456","requestDate":"2024-01-30","requestTime":"14:56:27","tokenAuthorization":"pw/hyLkFlQhdyq3DRvFdWw==","responseCode":"00","responseDescription":"Success"},"header":[{"key":"Content-Type","value":"Application/JSON"},{"key":"channelRequest","value":"MARTIPAY"}],"requestParams":[{"key":"id","value":"2"},{"key":"name","value":"kalkausar"}]}]}
06-04-2024 15:11:49.835 [org.springframework.amqp.rabbit.RabbitListenerEndpointContainer#0-1] INFO  b.project.consumer.RabbitMQConsumer.postApiCallback - 
 =================================================================== 

Access Rabbit MQ Consumer REGISTRATION-ACCOUNT-BINDING
URL 	 	 : http://ue-dev.bankdki.co.id/api/transactionservice/transaction/cashin 
Header 	 	 : {"Content-Type":["Application/JSON"],"channelRequest":["MARTIPAY"]} 
Request 	 : {"requestTime":"14:56:27","tokenAuthorization":"pw/hyLkFlQhdyq3DRvFdWw==","phoneNumber":"6285270196990","birthdate":"1998-08-30","channelRequest":"MARTIPAY","responseDescription":"Success","placeOrBirth":"Banda Aceh","stan":"123456","requestDate":"2024-01-30","fullName":"Kal Kausar","email":"kalkausar98@gmail.com","responseCode":"00"} 
Response 	 : Error : 400 : "{"errorCode":"44","sourceSystem":"DIWA-SVC","message":"ACCOUNT NOT FOUND","engMessage":"ACCOUNT NOT FOUND","idnMessage":"REKENING TIDAK DITEMUKAN","activityRefCode":"c54e72e9b580f340"}" 

 =================================================================== 

06-04-2024 15:11:49.835 [org.springframework.amqp.rabbit.RabbitListenerEndpointContainer#0-1] INFO  b.project.consumer.RabbitMQConsumer.consume - received message : {"channel":"MARTIPAY","notificationType":"REGISTRATION-ACCOUNT-BINDING","rawNotification":[{"url":"https://","bodyRequest":{"phoneNumber":"6285270196990","fullName":"Kal Kausar","birthdate":"1998-08-30","placeOrBirth":"Banda Aceh","email":"kalkausar98@gmail.com","channelRequest":"MARTIPAY","stan":"123456","requestDate":"2024-01-30","requestTime":"14:56:27","tokenAuthorization":"pw/hyLkFlQhdyq3DRvFdWw==","responseCode":"00","responseDescription":"Success"},"header":[{"key":"Content-Type","value":"Application/JSON"},{"key":"channelRequest","value":"MARTIPAY"}],"requestParams":[{"key":"id","value":"2"},{"key":"name","value":"kalkausar"}]}]}
06-04-2024 15:11:49.952 [org.springframework.amqp.rabbit.RabbitListenerEndpointContainer#0-1] INFO  b.project.consumer.RabbitMQConsumer.postApiCallback - 
 =================================================================== 

Access Rabbit MQ Consumer REGISTRATION-ACCOUNT-BINDING
URL 	 	 : http://ue-dev.bankdki.co.id/api/transactionservice/transaction/cashin 
Header 	 	 : {"Content-Type":["Application/JSON"],"channelRequest":["MARTIPAY"]} 
Request 	 : {"requestTime":"14:56:27","tokenAuthorization":"pw/hyLkFlQhdyq3DRvFdWw==","phoneNumber":"6285270196990","birthdate":"1998-08-30","channelRequest":"MARTIPAY","responseDescription":"Success","placeOrBirth":"Banda Aceh","stan":"123456","requestDate":"2024-01-30","fullName":"Kal Kausar","email":"kalkausar98@gmail.com","responseCode":"00"} 
Response 	 : Error : 400 : "{"errorCode":"44","sourceSystem":"DIWA-SVC","message":"ACCOUNT NOT FOUND","engMessage":"ACCOUNT NOT FOUND","idnMessage":"REKENING TIDAK DITEMUKAN","activityRefCode":"91c468b13d309103"}" 

 =================================================================== 

06-04-2024 15:11:49.952 [org.springframework.amqp.rabbit.RabbitListenerEndpointContainer#0-1] INFO  b.project.consumer.RabbitMQConsumer.consume - received message : {"channel":"MARTIPAY","notificationType":"REGISTRATION-ACCOUNT-BINDING","rawNotification":[{"url":"https://","bodyRequest":{"phoneNumber":"6285270196990","fullName":"Kal Kausar","birthdate":"1998-08-30","placeOrBirth":"Banda Aceh","email":"kalkausar98@gmail.com","channelRequest":"MARTIPAY","stan":"123456","requestDate":"2024-01-30","requestTime":"14:56:27","tokenAuthorization":"pw/hyLkFlQhdyq3DRvFdWw==","responseCode":"00","responseDescription":"Success"},"header":[{"key":"Content-Type","value":"Application/JSON"},{"key":"channelRequest","value":"MARTIPAY"}],"requestParams":[{"key":"id","value":"2"},{"key":"name","value":"kalkausar"}]}]}
06-04-2024 15:11:50.110 [org.springframework.amqp.rabbit.RabbitListenerEndpointContainer#0-1] INFO  b.project.consumer.RabbitMQConsumer.postApiCallback - 
 =================================================================== 

Access Rabbit MQ Consumer REGISTRATION-ACCOUNT-BINDING
URL 	 	 : http://ue-dev.bankdki.co.id/api/transactionservice/transaction/cashin 
Header 	 	 : {"Content-Type":["Application/JSON"],"channelRequest":["MARTIPAY"]} 
Request 	 : {"requestTime":"14:56:27","tokenAuthorization":"pw/hyLkFlQhdyq3DRvFdWw==","phoneNumber":"6285270196990","birthdate":"1998-08-30","channelRequest":"MARTIPAY","responseDescription":"Success","placeOrBirth":"Banda Aceh","stan":"123456","requestDate":"2024-01-30","fullName":"Kal Kausar","email":"kalkausar98@gmail.com","responseCode":"00"} 
Response 	 : Error : 400 : "{"errorCode":"44","sourceSystem":"DIWA-SVC","message":"ACCOUNT NOT FOUND","engMessage":"ACCOUNT NOT FOUND","idnMessage":"REKENING TIDAK DITEMUKAN","activityRefCode":"22c70b4a9dca43d5"}" 

 =================================================================== 

06-04-2024 15:11:50.126 [org.springframework.amqp.rabbit.RabbitListenerEndpointContainer#0-1] INFO  b.project.consumer.RabbitMQConsumer.consume - received message : {"channel":"MARTIPAY","notificationType":"REGISTRATION-ACCOUNT-BINDING","rawNotification":[{"url":"https://","bodyRequest":{"phoneNumber":"6285270196990","fullName":"Kal Kausar","birthdate":"1998-08-30","placeOrBirth":"Banda Aceh","email":"kalkausar98@gmail.com","channelRequest":"MARTIPAY","stan":"123456","requestDate":"2024-01-30","requestTime":"14:56:27","tokenAuthorization":"pw/hyLkFlQhdyq3DRvFdWw==","responseCode":"00","responseDescription":"Success"},"header":[{"key":"Content-Type","value":"Application/JSON"},{"key":"channelRequest","value":"MARTIPAY"}],"requestParams":[{"key":"id","value":"2"},{"key":"name","value":"kalkausar"}]}]}
06-04-2024 15:11:50.295 [org.springframework.amqp.rabbit.RabbitListenerEndpointContainer#0-1] INFO  b.project.consumer.RabbitMQConsumer.postApiCallback - 
 =================================================================== 

Access Rabbit MQ Consumer REGISTRATION-ACCOUNT-BINDING
URL 	 	 : http://ue-dev.bankdki.co.id/api/transactionservice/transaction/cashin 
Header 	 	 : {"Content-Type":["Application/JSON"],"channelRequest":["MARTIPAY"]} 
Request 	 : {"requestTime":"14:56:27","tokenAuthorization":"pw/hyLkFlQhdyq3DRvFdWw==","phoneNumber":"6285270196990","birthdate":"1998-08-30","channelRequest":"MARTIPAY","responseDescription":"Success","placeOrBirth":"Banda Aceh","stan":"123456","requestDate":"2024-01-30","fullName":"Kal Kausar","email":"kalkausar98@gmail.com","responseCode":"00"} 
Response 	 : Error : 400 : "{"errorCode":"44","sourceSystem":"DIWA-SVC","message":"ACCOUNT NOT FOUND","engMessage":"ACCOUNT NOT FOUND","idnMessage":"REKENING TIDAK DITEMUKAN","activityRefCode":"7eb9705867b4e49a"}" 

 =================================================================== 

06-04-2024 15:20:23.355 [main] INFO  bdki.project.ProjectApplication.logStarting - Starting ProjectApplication using Java 17.0.9 with PID 19452 (C:\Users\USER\Downloads\project\project\target\classes started by USER in C:\Users\USER\Downloads\project\project)
06-04-2024 15:20:23.410 [main] DEBUG bdki.project.ProjectApplication.logStarting - Running with Spring Boot v3.2.3, Spring v6.1.4
06-04-2024 15:20:23.418 [main] INFO  bdki.project.ProjectApplication.logStartupProfileInfo - The following 1 profile is active: "default"
06-04-2024 15:21:50.794 [main] INFO  bdki.project.ProjectApplication.logStarting - Starting ProjectApplication using Java 17.0.9 with PID 22320 (C:\Users\USER\Downloads\project\project\target\classes started by USER in C:\Users\USER\Downloads\project\project)
06-04-2024 15:21:50.805 [main] DEBUG bdki.project.ProjectApplication.logStarting - Running with Spring Boot v3.2.3, Spring v6.1.4
06-04-2024 15:21:50.819 [main] INFO  bdki.project.ProjectApplication.logStartupProfileInfo - The following 1 profile is active: "default"
06-04-2024 15:23:26.064 [main] INFO  bdki.project.ProjectApplication.logStarting - Starting ProjectApplication using Java 17.0.9 with PID 20508 (C:\Users\USER\Downloads\project\project\target\classes started by USER in C:\Users\USER\Downloads\project\project)
06-04-2024 15:23:26.066 [main] DEBUG bdki.project.ProjectApplication.logStarting - Running with Spring Boot v3.2.3, Spring v6.1.4
06-04-2024 15:23:26.104 [main] INFO  bdki.project.ProjectApplication.logStartupProfileInfo - The following 1 profile is active: "default"
06-04-2024 15:24:55.136 [main] INFO  bdki.project.ProjectApplication.logStarting - Starting ProjectApplication using Java 17.0.9 with PID 7832 (C:\Users\USER\Downloads\project\project\target\classes started by USER in C:\Users\USER\Downloads\project\project)
06-04-2024 15:24:55.144 [main] DEBUG bdki.project.ProjectApplication.logStarting - Running with Spring Boot v3.2.3, Spring v6.1.4
06-04-2024 15:24:55.147 [main] INFO  bdki.project.ProjectApplication.logStartupProfileInfo - The following 1 profile is active: "default"
06-04-2024 15:25:22.120 [main] INFO  bdki.project.ProjectApplication.logStarted - Started ProjectApplication in 29.285 seconds (process running for 31.036)
06-04-2024 15:25:44.293 [http-nio-8005-exec-1] INFO  b.project.publisher.RabbitMQProducer.sendMessage - Message sent -> {"channel":"MARTIPAY","notificationType":"REGISTRATION-ACCOUNT-BINDING","rawNotification":[{"url":"https://","bodyRequest":{"phoneNumber":"6285270196990","fullName":"Kal Kausar","birthdate":"1998-08-30","placeOrBirth":"Banda Aceh","email":"kalkausar98@gmail.com","channelRequest":"MARTIPAY","stan":"123456","requestDate":"2024-01-30","requestTime":"14:56:27","tokenAuthorization":"pw/hyLkFlQhdyq3DRvFdWw==","responseCode":"00","responseDescription":"Success"},"header":[{"key":"Content-Type","value":"Application/JSON"},{"key":"channelRequest","value":"MARTIPAY"}],"requestParams":[{"key":"id","value":"2"},{"key":"name","value":"kalkausar"}]}]}
06-04-2024 15:26:16.386 [http-nio-8005-exec-1] INFO  b.project.consumer.RabbitMQConsumer.consume - received message : {"channel":"MARTIPAY","notificationType":"REGISTRATION-ACCOUNT-BINDING","rawNotification":[{"url":"https://","bodyRequest":{"phoneNumber":"6285270196990","fullName":"Kal Kausar","birthdate":"1998-08-30","placeOrBirth":"Banda Aceh","email":"kalkausar98@gmail.com","channelRequest":"MARTIPAY","stan":"123456","requestDate":"2024-01-30","requestTime":"14:56:27","tokenAuthorization":"pw/hyLkFlQhdyq3DRvFdWw==","responseCode":"00","responseDescription":"Success"},"header":[{"key":"Content-Type","value":"Application/JSON"},{"key":"channelRequest","value":"MARTIPAY"}],"requestParams":[{"key":"id","value":"2"},{"key":"name","value":"kalkausar"}]}]}
06-04-2024 15:27:50.716 [http-nio-8005-exec-1] INFO  b.project.consumer.RabbitMQConsumer.postApiCallback - 
 =================================================================== 

Access Rabbit MQ Consumer REGISTRATION-ACCOUNT-BINDING
URL 	 	 : http://ue-dev.bankdki.co.id/api/transactionservice/transaction/cashin 
Header 	 	 : {"Content-Type":["Application/JSON"],"channelRequest":["MARTIPAY"]} 
Request 	 : {"requestTime":"14:56:27","tokenAuthorization":"pw/hyLkFlQhdyq3DRvFdWw==","phoneNumber":"6285270196990","birthdate":"1998-08-30","channelRequest":"MARTIPAY","responseDescription":"Success","placeOrBirth":"Banda Aceh","stan":"123456","requestDate":"2024-01-30","fullName":"Kal Kausar","email":"kalkausar98@gmail.com","responseCode":"00"} 
Response 	 : Error : 400 : "{"errorCode":"44","sourceSystem":"DIWA-SVC","message":"ACCOUNT NOT FOUND","engMessage":"ACCOUNT NOT FOUND","idnMessage":"REKENING TIDAK DITEMUKAN","activityRefCode":"5582a89b5c5cd1c9"}" 

 =================================================================== 

06-04-2024 15:28:45.030 [main] INFO  bdki.project.ProjectApplication.logStarting - Starting ProjectApplication using Java 17.0.9 with PID 12840 (C:\Users\USER\Downloads\project\project\target\classes started by USER in C:\Users\USER\Downloads\project\project)
06-04-2024 15:28:45.038 [main] DEBUG bdki.project.ProjectApplication.logStarting - Running with Spring Boot v3.2.3, Spring v6.1.4
06-04-2024 15:28:45.038 [main] INFO  bdki.project.ProjectApplication.logStartupProfileInfo - The following 1 profile is active: "default"
06-04-2024 15:28:57.061 [main] INFO  bdki.project.ProjectApplication.logStarted - Started ProjectApplication in 13.47 seconds (process running for 14.549)
06-04-2024 15:28:57.066 [org.springframework.amqp.rabbit.RabbitListenerEndpointContainer#0-1] INFO  b.project.consumer.RabbitMQConsumer.consume - received message : {"channel":"MARTIPAY","notificationType":"REGISTRATION-ACCOUNT-BINDING","rawNotification":[{"url":"https://","bodyRequest":{"phoneNumber":"6285270196990","fullName":"Kal Kausar","birthdate":"1998-08-30","placeOrBirth":"Banda Aceh","email":"kalkausar98@gmail.com","channelRequest":"MARTIPAY","stan":"123456","requestDate":"2024-01-30","requestTime":"14:56:27","tokenAuthorization":"pw/hyLkFlQhdyq3DRvFdWw==","responseCode":"00","responseDescription":"Success"},"header":[{"key":"Content-Type","value":"Application/JSON"},{"key":"channelRequest","value":"MARTIPAY"}],"requestParams":[{"key":"id","value":"2"},{"key":"name","value":"kalkausar"}]}]}
06-04-2024 15:28:57.425 [org.springframework.amqp.rabbit.RabbitListenerEndpointContainer#0-1] INFO  b.project.consumer.RabbitMQConsumer.postApiCallback - 
 =================================================================== 

Access Rabbit MQ Consumer REGISTRATION-ACCOUNT-BINDING
URL 	 	 : http://ue-dev.bankdki.co.id/api/transactionservice/transaction/cashin 
Header 	 	 : {"Content-Type":["Application/JSON"],"channelRequest":["MARTIPAY"]} 
Request 	 : {"requestTime":"14:56:27","tokenAuthorization":"pw/hyLkFlQhdyq3DRvFdWw==","phoneNumber":"6285270196990","birthdate":"1998-08-30","channelRequest":"MARTIPAY","responseDescription":"Success","placeOrBirth":"Banda Aceh","stan":"123456","requestDate":"2024-01-30","fullName":"Kal Kausar","email":"kalkausar98@gmail.com","responseCode":"00"} 
Response 	 : Error : 400 : "{"errorCode":"44","sourceSystem":"DIWA-SVC","message":"ACCOUNT NOT FOUND","engMessage":"ACCOUNT NOT FOUND","idnMessage":"REKENING TIDAK DITEMUKAN","activityRefCode":"2e746d2e8a56867c"}" 

 =================================================================== 

06-04-2024 15:33:05.805 [main] INFO  bdki.project.ProjectApplication.logStarting - Starting ProjectApplication using Java 17.0.9 with PID 21244 (C:\Users\USER\Downloads\project\project\target\classes started by USER in C:\Users\USER\Downloads\project\project)
06-04-2024 15:33:05.805 [main] DEBUG bdki.project.ProjectApplication.logStarting - Running with Spring Boot v3.2.3, Spring v6.1.4
06-04-2024 15:33:05.805 [main] INFO  bdki.project.ProjectApplication.logStartupProfileInfo - The following 1 profile is active: "default"
06-04-2024 15:33:17.555 [main] INFO  bdki.project.ProjectApplication.logStarted - Started ProjectApplication in 13.18 seconds (process running for 14.363)
06-04-2024 15:33:24.915 [http-nio-8005-exec-2] INFO  b.project.publisher.RabbitMQProducer.sendMessage - Message sent -> {"channel":"MARTIPAY","notificationType":"REGISTRATION-ACCOUNT-BINDING","rawNotification":[{"url":"https://","bodyRequest":{"phoneNumber":"6285270196990","fullName":"Kal Kausar","birthdate":"1998-08-30","placeOrBirth":"Banda Aceh","email":"kalkausar98@gmail.com","channelRequest":"MARTIPAY","stan":"123456","requestDate":"2024-01-30","requestTime":"14:56:27","tokenAuthorization":"pw/hyLkFlQhdyq3DRvFdWw==","responseCode":"00","responseDescription":"Success"},"header":[{"key":"Content-Type","value":"Application/JSON"},{"key":"channelRequest","value":"MARTIPAY"}],"requestParams":[{"key":"id","value":"2"},{"key":"name","value":"kalkausar"}]}]}
06-04-2024 15:33:24.947 [http-nio-8005-exec-2] INFO  b.project.consumer.RabbitMQConsumer.consume - received message : {"channel":"MARTIPAY","notificationType":"REGISTRATION-ACCOUNT-BINDING","rawNotification":[{"url":"https://","bodyRequest":{"phoneNumber":"6285270196990","fullName":"Kal Kausar","birthdate":"1998-08-30","placeOrBirth":"Banda Aceh","email":"kalkausar98@gmail.com","channelRequest":"MARTIPAY","stan":"123456","requestDate":"2024-01-30","requestTime":"14:56:27","tokenAuthorization":"pw/hyLkFlQhdyq3DRvFdWw==","responseCode":"00","responseDescription":"Success"},"header":[{"key":"Content-Type","value":"Application/JSON"},{"key":"channelRequest","value":"MARTIPAY"}],"requestParams":[{"key":"id","value":"2"},{"key":"name","value":"kalkausar"}]}]}
06-04-2024 15:33:24.965 [org.springframework.amqp.rabbit.RabbitListenerEndpointContainer#0-1] INFO  b.project.consumer.RabbitMQConsumer.consume - received message : {"channel":"MARTIPAY","notificationType":"REGISTRATION-ACCOUNT-BINDING","rawNotification":[{"url":"https://","bodyRequest":{"phoneNumber":"6285270196990","fullName":"Kal Kausar","birthdate":"1998-08-30","placeOrBirth":"Banda Aceh","email":"kalkausar98@gmail.com","channelRequest":"MARTIPAY","stan":"123456","requestDate":"2024-01-30","requestTime":"14:56:27","tokenAuthorization":"pw/hyLkFlQhdyq3DRvFdWw==","responseCode":"00","responseDescription":"Success"},"header":[{"key":"Content-Type","value":"Application/JSON"},{"key":"channelRequest","value":"MARTIPAY"}],"requestParams":[{"key":"id","value":"2"},{"key":"name","value":"kalkausar"}]}]}
06-04-2024 15:33:25.435 [org.springframework.amqp.rabbit.RabbitListenerEndpointContainer#0-1] INFO  b.project.consumer.RabbitMQConsumer.postApiCallback - 
 =================================================================== 

Access Rabbit MQ Consumer REGISTRATION-ACCOUNT-BINDING
URL 	 	 : http://ue-dev.bankdki.co.id/api/transactionservice/transaction/cashin 
Header 	 	 : {"Content-Type":["Application/JSON"],"channelRequest":["MARTIPAY"]} 
Request 	 : {"requestTime":"14:56:27","tokenAuthorization":"pw/hyLkFlQhdyq3DRvFdWw==","phoneNumber":"6285270196990","birthdate":"1998-08-30","channelRequest":"MARTIPAY","responseDescription":"Success","placeOrBirth":"Banda Aceh","stan":"123456","requestDate":"2024-01-30","fullName":"Kal Kausar","email":"kalkausar98@gmail.com","responseCode":"00"} 
Response 	 : Error : 400 : "{"errorCode":"44","sourceSystem":"DIWA-SVC","message":"ACCOUNT NOT FOUND","engMessage":"ACCOUNT NOT FOUND","idnMessage":"REKENING TIDAK DITEMUKAN","activityRefCode":"08bd780e384cd81d"}" 

 =================================================================== 

06-04-2024 15:33:25.435 [http-nio-8005-exec-2] INFO  b.project.consumer.RabbitMQConsumer.postApiCallback - 
 =================================================================== 

Access Rabbit MQ Consumer REGISTRATION-ACCOUNT-BINDING
URL 	 	 : http://ue-dev.bankdki.co.id/api/transactionservice/transaction/cashin 
Header 	 	 : {"Content-Type":["Application/JSON"],"channelRequest":["MARTIPAY"]} 
Request 	 : {"requestTime":"14:56:27","tokenAuthorization":"pw/hyLkFlQhdyq3DRvFdWw==","phoneNumber":"6285270196990","birthdate":"1998-08-30","channelRequest":"MARTIPAY","responseDescription":"Success","placeOrBirth":"Banda Aceh","stan":"123456","requestDate":"2024-01-30","fullName":"Kal Kausar","email":"kalkausar98@gmail.com","responseCode":"00"} 
Response 	 : Error : 400 : "{"errorCode":"44","sourceSystem":"DIWA-SVC","message":"ACCOUNT NOT FOUND","engMessage":"ACCOUNT NOT FOUND","idnMessage":"REKENING TIDAK DITEMUKAN","activityRefCode":"0fd0e20a7dc97412"}" 

 =================================================================== 

06-04-2024 20:34:53.798 [main] INFO  bdki.project.ProjectApplication.logStarting - Starting ProjectApplication using Java 17.0.9 with PID 16064 (C:\Users\USER\Downloads\project\project\target\classes started by USER in C:\Users\USER\Downloads\project\project)
06-04-2024 20:34:53.801 [main] DEBUG bdki.project.ProjectApplication.logStarting - Running with Spring Boot v3.2.3, Spring v6.1.4
06-04-2024 20:34:53.804 [main] INFO  bdki.project.ProjectApplication.logStartupProfileInfo - The following 1 profile is active: "default"
06-04-2024 20:35:04.899 [main] INFO  bdki.project.ProjectApplication.logStarted - Started ProjectApplication in 12.344 seconds (process running for 13.535)
06-04-2024 20:37:12.722 [http-nio-8005-exec-2] INFO  b.project.publisher.RabbitMQProducer.sendMessage - Message sent -> {"channel":"MARTIPAY","notificationType":"REGISTRATION-ACCOUNT-BINDING","rawNotification":[{"url":"https://","bodyRequest":{"phoneNumber":"6285270196990","fullName":"Kal Kausar","birthdate":"1998-08-30","placeOrBirth":"Banda Aceh","email":"kalkausar98@gmail.com","channelRequest":"MARTIPAY","stan":"123456","requestDate":"2024-01-30","requestTime":"14:56:27","tokenAuthorization":"pw/hyLkFlQhdyq3DRvFdWw==","responseCode":"00","responseDescription":"Success"},"header":[{"key":"Content-Type","value":"Application/JSON"},{"key":"channelRequest","value":"MARTIPAY"}],"requestParams":[{"key":"id","value":"2"},{"key":"name","value":"kalkausar"}]}]}
06-04-2024 20:37:12.751 [http-nio-8005-exec-2] INFO  b.project.consumer.RabbitMQConsumer.consume - received message : {"channel":"MARTIPAY","notificationType":"REGISTRATION-ACCOUNT-BINDING","rawNotification":[{"url":"https://","bodyRequest":{"phoneNumber":"6285270196990","fullName":"Kal Kausar","birthdate":"1998-08-30","placeOrBirth":"Banda Aceh","email":"kalkausar98@gmail.com","channelRequest":"MARTIPAY","stan":"123456","requestDate":"2024-01-30","requestTime":"14:56:27","tokenAuthorization":"pw/hyLkFlQhdyq3DRvFdWw==","responseCode":"00","responseDescription":"Success"},"header":[{"key":"Content-Type","value":"Application/JSON"},{"key":"channelRequest","value":"MARTIPAY"}],"requestParams":[{"key":"id","value":"2"},{"key":"name","value":"kalkausar"}]}]}
06-04-2024 20:37:12.766 [org.springframework.amqp.rabbit.RabbitListenerEndpointContainer#0-1] INFO  b.project.consumer.RabbitMQConsumer.consume - received message : {"channel":"MARTIPAY","notificationType":"REGISTRATION-ACCOUNT-BINDING","rawNotification":[{"url":"https://","bodyRequest":{"phoneNumber":"6285270196990","fullName":"Kal Kausar","birthdate":"1998-08-30","placeOrBirth":"Banda Aceh","email":"kalkausar98@gmail.com","channelRequest":"MARTIPAY","stan":"123456","requestDate":"2024-01-30","requestTime":"14:56:27","tokenAuthorization":"pw/hyLkFlQhdyq3DRvFdWw==","responseCode":"00","responseDescription":"Success"},"header":[{"key":"Content-Type","value":"Application/JSON"},{"key":"channelRequest","value":"MARTIPAY"}],"requestParams":[{"key":"id","value":"2"},{"key":"name","value":"kalkausar"}]}]}
06-04-2024 20:37:13.147 [org.springframework.amqp.rabbit.RabbitListenerEndpointContainer#0-1] INFO  b.project.consumer.RabbitMQConsumer.postApiCallback - 
 =================================================================== 

Access Rabbit MQ Consumer REGISTRATION-ACCOUNT-BINDING
URL 	 	 : http://ue-dev.bankdki.co.id/api/transactionservice/transaction/cashin 
Header 	 	 : {"Content-Type":["Application/JSON"],"channelRequest":["MARTIPAY"]} 
Request 	 : {"requestTime":"14:56:27","tokenAuthorization":"pw/hyLkFlQhdyq3DRvFdWw==","phoneNumber":"6285270196990","birthdate":"1998-08-30","channelRequest":"MARTIPAY","responseDescription":"Success","placeOrBirth":"Banda Aceh","stan":"123456","requestDate":"2024-01-30","fullName":"Kal Kausar","email":"kalkausar98@gmail.com","responseCode":"00"} 
Response 	 : Error : 400 : "{"errorCode":"44","sourceSystem":"DIWA-SVC","message":"ACCOUNT NOT FOUND","engMessage":"ACCOUNT NOT FOUND","idnMessage":"REKENING TIDAK DITEMUKAN","activityRefCode":"46cdb389e58bc228"}" 

 =================================================================== 

06-04-2024 20:37:13.148 [http-nio-8005-exec-2] INFO  b.project.consumer.RabbitMQConsumer.postApiCallback - 
 =================================================================== 

Access Rabbit MQ Consumer REGISTRATION-ACCOUNT-BINDING
URL 	 	 : http://ue-dev.bankdki.co.id/api/transactionservice/transaction/cashin 
Header 	 	 : {"Content-Type":["Application/JSON"],"channelRequest":["MARTIPAY"]} 
Request 	 : {"requestTime":"14:56:27","tokenAuthorization":"pw/hyLkFlQhdyq3DRvFdWw==","phoneNumber":"6285270196990","birthdate":"1998-08-30","channelRequest":"MARTIPAY","responseDescription":"Success","placeOrBirth":"Banda Aceh","stan":"123456","requestDate":"2024-01-30","fullName":"Kal Kausar","email":"kalkausar98@gmail.com","responseCode":"00"} 
Response 	 : Error : 400 : "{"errorCode":"44","sourceSystem":"DIWA-SVC","message":"ACCOUNT NOT FOUND","engMessage":"ACCOUNT NOT FOUND","idnMessage":"REKENING TIDAK DITEMUKAN","activityRefCode":"f739a6c008f9800f"}" 

 =================================================================== 

06-04-2024 20:42:25.236 [main] INFO  bdki.project.ProjectApplication.logStarting - Starting ProjectApplication using Java 17.0.9 with PID 14244 (C:\Users\USER\Downloads\project\project\target\classes started by USER in C:\Users\USER\Downloads\project\project)
06-04-2024 20:42:25.239 [main] DEBUG bdki.project.ProjectApplication.logStarting - Running with Spring Boot v3.2.3, Spring v6.1.4
06-04-2024 20:42:25.242 [main] INFO  bdki.project.ProjectApplication.logStartupProfileInfo - The following 1 profile is active: "default"
06-04-2024 20:42:43.437 [main] INFO  bdki.project.ProjectApplication.logStarted - Started ProjectApplication in 20.254 seconds (process running for 22.105)
06-04-2024 20:52:02.351 [main] INFO  bdki.project.ProjectApplication.logStarting - Starting ProjectApplication using Java 17.0.9 with PID 7364 (C:\Users\USER\Downloads\project\project\target\classes started by USER in C:\Users\USER\Downloads\project\project)
06-04-2024 20:52:02.353 [main] DEBUG bdki.project.ProjectApplication.logStarting - Running with Spring Boot v3.2.3, Spring v6.1.4
06-04-2024 20:52:02.356 [main] INFO  bdki.project.ProjectApplication.logStartupProfileInfo - The following 1 profile is active: "default"
06-04-2024 20:52:20.768 [main] INFO  bdki.project.ProjectApplication.logStarted - Started ProjectApplication in 20.351 seconds (process running for 22.54)
06-04-2024 20:56:52.285 [main] INFO  bdki.project.ProjectApplication.logStarting - Starting ProjectApplication using Java 17.0.9 with PID 1592 (C:\Users\USER\Downloads\project\project\target\classes started by USER in C:\Users\USER\Downloads\project\project)
06-04-2024 20:56:52.287 [main] DEBUG bdki.project.ProjectApplication.logStarting - Running with Spring Boot v3.2.3, Spring v6.1.4
06-04-2024 20:56:52.289 [main] INFO  bdki.project.ProjectApplication.logStartupProfileInfo - The following 1 profile is active: "default"
06-04-2024 20:57:03.344 [main] INFO  bdki.project.ProjectApplication.logStarted - Started ProjectApplication in 12.264 seconds (process running for 13.246)
06-04-2024 21:02:55.432 [main] INFO  bdki.project.ProjectApplication.logStarting - Starting ProjectApplication using Java 17.0.9 with PID 16068 (C:\Users\USER\Downloads\project\project\target\classes started by USER in C:\Users\USER\Downloads\project\project)
06-04-2024 21:02:55.434 [main] DEBUG bdki.project.ProjectApplication.logStarting - Running with Spring Boot v3.2.3, Spring v6.1.4
06-04-2024 21:02:55.436 [main] INFO  bdki.project.ProjectApplication.logStartupProfileInfo - The following 1 profile is active: "default"
06-04-2024 21:03:07.951 [main] INFO  bdki.project.ProjectApplication.logStarted - Started ProjectApplication in 13.675 seconds (process running for 14.593)
06-04-2024 21:18:17.830 [main] INFO  bdki.project.ProjectApplication.logStarting - Starting ProjectApplication using Java 17.0.9 with PID 1176 (C:\Users\USER\Downloads\project\project\target\classes started by USER in C:\Users\USER\Downloads\project\project)
06-04-2024 21:18:17.832 [main] DEBUG bdki.project.ProjectApplication.logStarting - Running with Spring Boot v3.2.3, Spring v6.1.4
06-04-2024 21:18:17.834 [main] INFO  bdki.project.ProjectApplication.logStartupProfileInfo - The following 1 profile is active: "default"
06-04-2024 21:18:30.586 [main] INFO  bdki.project.ProjectApplication.logStarted - Started ProjectApplication in 14.429 seconds (process running for 15.479)
06-04-2024 21:20:20.500 [http-nio-8005-exec-5] INFO  b.project.publisher.RabbitMQProducer.sendMessage - Message sent -> {"channel":"MARTIPAY","notificationType":"REGISTRATION-ACCOUNT-BINDING","rawNotification":[{"url":"https://","bodyRequest":{"phoneNumber":"6285270196990","fullName":"Kal Kausar","birthdate":"1998-08-30","placeOrBirth":"Banda Aceh","email":"kalkausar98@gmail.com","channelRequest":"MARTIPAY","stan":"123456","requestDate":"2024-01-30","requestTime":"14:56:27","tokenAuthorization":"pw/hyLkFlQhdyq3DRvFdWw==","responseCode":"00","responseDescription":"Success"},"header":[{"key":"Content-Type","value":"Application/JSON"},{"key":"channelRequest","value":"MARTIPAY"}],"requestParams":[{"key":"id","value":"2"},{"key":"name","value":"kalkausar"}]}]}
06-04-2024 21:20:20.584 [http-nio-8005-exec-5] INFO  b.project.consumer.RabbitMQConsumer.consume - received message : {"channel":"MARTIPAY","notificationType":"REGISTRATION-ACCOUNT-BINDING","rawNotification":[{"url":"https://","bodyRequest":{"phoneNumber":"6285270196990","fullName":"Kal Kausar","birthdate":"1998-08-30","placeOrBirth":"Banda Aceh","email":"kalkausar98@gmail.com","channelRequest":"MARTIPAY","stan":"123456","requestDate":"2024-01-30","requestTime":"14:56:27","tokenAuthorization":"pw/hyLkFlQhdyq3DRvFdWw==","responseCode":"00","responseDescription":"Success"},"header":[{"key":"Content-Type","value":"Application/JSON"},{"key":"channelRequest","value":"MARTIPAY"}],"requestParams":[{"key":"id","value":"2"},{"key":"name","value":"kalkausar"}]}]}
06-04-2024 21:20:20.626 [org.springframework.amqp.rabbit.RabbitListenerEndpointContainer#0-1] INFO  b.project.consumer.RabbitMQConsumer.consume - received message : {"channel":"MARTIPAY","notificationType":"REGISTRATION-ACCOUNT-BINDING","rawNotification":[{"url":"https://","bodyRequest":{"phoneNumber":"6285270196990","fullName":"Kal Kausar","birthdate":"1998-08-30","placeOrBirth":"Banda Aceh","email":"kalkausar98@gmail.com","channelRequest":"MARTIPAY","stan":"123456","requestDate":"2024-01-30","requestTime":"14:56:27","tokenAuthorization":"pw/hyLkFlQhdyq3DRvFdWw==","responseCode":"00","responseDescription":"Success"},"header":[{"key":"Content-Type","value":"Application/JSON"},{"key":"channelRequest","value":"MARTIPAY"}],"requestParams":[{"key":"id","value":"2"},{"key":"name","value":"kalkausar"}]}]}
06-04-2024 21:20:20.937 [org.springframework.amqp.rabbit.RabbitListenerEndpointContainer#0-1] INFO  b.project.consumer.RabbitMQConsumer.postApiCallback - 
 =================================================================== 

Access Rabbit MQ Consumer REGISTRATION-ACCOUNT-BINDING
URL 	 	 : http://ue-dev.bankdki.co.id/api/transactionservice/transaction/cashin 
Header 	 	 : {"Content-Type":["Application/JSON"],"channelRequest":["MARTIPAY"]} 
Request 	 : {"requestTime":"14:56:27","tokenAuthorization":"pw/hyLkFlQhdyq3DRvFdWw==","phoneNumber":"6285270196990","birthdate":"1998-08-30","channelRequest":"MARTIPAY","responseDescription":"Success","placeOrBirth":"Banda Aceh","stan":"123456","requestDate":"2024-01-30","fullName":"Kal Kausar","email":"kalkausar98@gmail.com","responseCode":"00"} 
Response 	 : Error : 400 : "{"errorCode":"44","sourceSystem":"DIWA-SVC","message":"ACCOUNT NOT FOUND","engMessage":"ACCOUNT NOT FOUND","idnMessage":"REKENING TIDAK DITEMUKAN","activityRefCode":"ad6d326d866decc1"}" 

 =================================================================== 

06-04-2024 21:20:20.945 [http-nio-8005-exec-5] INFO  b.project.consumer.RabbitMQConsumer.postApiCallback - 
 =================================================================== 

Access Rabbit MQ Consumer REGISTRATION-ACCOUNT-BINDING
URL 	 	 : http://ue-dev.bankdki.co.id/api/transactionservice/transaction/cashin 
Header 	 	 : {"Content-Type":["Application/JSON"],"channelRequest":["MARTIPAY"]} 
Request 	 : {"requestTime":"14:56:27","tokenAuthorization":"pw/hyLkFlQhdyq3DRvFdWw==","phoneNumber":"6285270196990","birthdate":"1998-08-30","channelRequest":"MARTIPAY","responseDescription":"Success","placeOrBirth":"Banda Aceh","stan":"123456","requestDate":"2024-01-30","fullName":"Kal Kausar","email":"kalkausar98@gmail.com","responseCode":"00"} 
Response 	 : Error : 400 : "{"errorCode":"44","sourceSystem":"DIWA-SVC","message":"ACCOUNT NOT FOUND","engMessage":"ACCOUNT NOT FOUND","idnMessage":"REKENING TIDAK DITEMUKAN","activityRefCode":"374836f2d8b2ff47"}" 

 =================================================================== 

06-04-2024 21:29:32.434 [main] INFO  bdki.project.ProjectApplication.logStarting - Starting ProjectApplication using Java 17.0.9 with PID 14480 (C:\Users\USER\Downloads\project\project\target\classes started by USER in C:\Users\USER\Downloads\project\project)
06-04-2024 21:29:32.438 [main] DEBUG bdki.project.ProjectApplication.logStarting - Running with Spring Boot v3.2.3, Spring v6.1.4
06-04-2024 21:29:32.442 [main] INFO  bdki.project.ProjectApplication.logStartupProfileInfo - The following 1 profile is active: "default"
06-04-2024 21:29:49.044 [main] INFO  bdki.project.ProjectApplication.logStarted - Started ProjectApplication in 18.352 seconds (process running for 19.42)
06-04-2024 21:33:13.573 [http-nio-8005-exec-2] INFO  b.project.publisher.RabbitMQProducer.sendMessage - Message sent -> {"channel":"MARTIPAY","notificationType":"REGISTRATION-ACCOUNT-BINDING","rawNotification":[{"url":"https://","bodyRequest":{"phoneNumber":"6285270196990","fullName":"Kal Kausar","birthdate":"1998-08-30","placeOrBirth":"Banda Aceh","email":"kalkausar98@gmail.com","channelRequest":"MARTIPAY","stan":"123456","requestDate":"2024-01-30","requestTime":"14:56:27","tokenAuthorization":"pw/hyLkFlQhdyq3DRvFdWw==","responseCode":"00","responseDescription":"Success"},"header":[{"key":"Content-Type","value":"Application/JSON"},{"key":"channelRequest","value":"MARTIPAY"}],"requestParams":[{"key":"id","value":"2"},{"key":"name","value":"kalkausar"}]}]}
06-04-2024 21:33:13.612 [http-nio-8005-exec-2] INFO  b.project.consumer.RabbitMQConsumer.consume - received message : {"channel":"MARTIPAY","notificationType":"REGISTRATION-ACCOUNT-BINDING","rawNotification":[{"url":"https://","bodyRequest":{"phoneNumber":"6285270196990","fullName":"Kal Kausar","birthdate":"1998-08-30","placeOrBirth":"Banda Aceh","email":"kalkausar98@gmail.com","channelRequest":"MARTIPAY","stan":"123456","requestDate":"2024-01-30","requestTime":"14:56:27","tokenAuthorization":"pw/hyLkFlQhdyq3DRvFdWw==","responseCode":"00","responseDescription":"Success"},"header":[{"key":"Content-Type","value":"Application/JSON"},{"key":"channelRequest","value":"MARTIPAY"}],"requestParams":[{"key":"id","value":"2"},{"key":"name","value":"kalkausar"}]}]}
06-04-2024 21:33:13.623 [org.springframework.amqp.rabbit.RabbitListenerEndpointContainer#0-1] INFO  b.project.consumer.RabbitMQConsumer.consume - received message : {"channel":"MARTIPAY","notificationType":"REGISTRATION-ACCOUNT-BINDING","rawNotification":[{"url":"https://","bodyRequest":{"phoneNumber":"6285270196990","fullName":"Kal Kausar","birthdate":"1998-08-30","placeOrBirth":"Banda Aceh","email":"kalkausar98@gmail.com","channelRequest":"MARTIPAY","stan":"123456","requestDate":"2024-01-30","requestTime":"14:56:27","tokenAuthorization":"pw/hyLkFlQhdyq3DRvFdWw==","responseCode":"00","responseDescription":"Success"},"header":[{"key":"Content-Type","value":"Application/JSON"},{"key":"channelRequest","value":"MARTIPAY"}],"requestParams":[{"key":"id","value":"2"},{"key":"name","value":"kalkausar"}]}]}
06-04-2024 21:33:14.023 [org.springframework.amqp.rabbit.RabbitListenerEndpointContainer#0-1] INFO  b.project.consumer.RabbitMQConsumer.postApiCallback - 
 =================================================================== 

Access Rabbit MQ Consumer REGISTRATION-ACCOUNT-BINDING
URL 	 	 : http://ue-dev.bankdki.co.id/api/transactionservice/transaction/cashin 
Header 	 	 : {"Content-Type":["Application/JSON"],"channelRequest":["MARTIPAY"]} 
Request 	 : {"requestTime":"14:56:27","tokenAuthorization":"pw/hyLkFlQhdyq3DRvFdWw==","phoneNumber":"6285270196990","birthdate":"1998-08-30","channelRequest":"MARTIPAY","responseDescription":"Success","placeOrBirth":"Banda Aceh","stan":"123456","requestDate":"2024-01-30","fullName":"Kal Kausar","email":"kalkausar98@gmail.com","responseCode":"00"} 
Response 	 : Error : 400 : "{"errorCode":"44","sourceSystem":"DIWA-SVC","message":"ACCOUNT NOT FOUND","engMessage":"ACCOUNT NOT FOUND","idnMessage":"REKENING TIDAK DITEMUKAN","activityRefCode":"bcdb09b1f80ea3b7"}" 

 =================================================================== 

06-04-2024 21:33:14.060 [http-nio-8005-exec-2] INFO  b.project.consumer.RabbitMQConsumer.postApiCallback - 
 =================================================================== 

Access Rabbit MQ Consumer REGISTRATION-ACCOUNT-BINDING
URL 	 	 : http://ue-dev.bankdki.co.id/api/transactionservice/transaction/cashin 
Header 	 	 : {"Content-Type":["Application/JSON"],"channelRequest":["MARTIPAY"]} 
Request 	 : {"requestTime":"14:56:27","tokenAuthorization":"pw/hyLkFlQhdyq3DRvFdWw==","phoneNumber":"6285270196990","birthdate":"1998-08-30","channelRequest":"MARTIPAY","responseDescription":"Success","placeOrBirth":"Banda Aceh","stan":"123456","requestDate":"2024-01-30","fullName":"Kal Kausar","email":"kalkausar98@gmail.com","responseCode":"00"} 
Response 	 : Error : 400 : "{"errorCode":"44","sourceSystem":"DIWA-SVC","message":"ACCOUNT NOT FOUND","engMessage":"ACCOUNT NOT FOUND","idnMessage":"REKENING TIDAK DITEMUKAN","activityRefCode":"ea8c1097f0157149"}" 

 =================================================================== 

