18-03-2024 00:59:11.688 [main] INFO  bdki.project.ProjectApplication.logStarting - Starting ProjectApplication using Java 17.0.9 with PID 8032 (C:\Users\USER\Downloads\project\project\target\classes started by USER in C:\Users\USER\Downloads\project\project)
18-03-2024 00:59:11.688 [main] DEBUG bdki.project.ProjectApplication.logStarting - Running with Spring Boot v3.2.3, Spring v6.1.4
18-03-2024 00:59:11.703 [main] INFO  bdki.project.ProjectApplication.logStartupProfileInfo - The following 1 profile is active: "default"
18-03-2024 00:59:28.197 [main] INFO  bdki.project.ProjectApplication.logStarted - Started ProjectApplication in 17.999 seconds (process running for 20.885)
18-03-2024 01:00:01.982 [org.springframework.amqp.rabbit.RabbitListenerEndpointContainer#0-1] INFO  b.project.consumer.RabbitMQConsumer.consume - received message : {"channel":"MARTIPAY","notificationType":"REGISTRATION-ACCOUNT-BINDING","rawNotification":[{"url":"https://","bodyRequest":{"phoneNumber":"6285270196990","fullName":"Kal Kausar","birthdate":"1998-08-30","placeOrBirth":"Banda Aceh","email":"kalkausar98@gmail.com","channelRequest":"MARTIPAY","stan":"123456","requestDate":"2024-01-30","requestTime":"14:56:27","tokenAuthorization":"pw/hyLkFlQhdyq3DRvFdWw==","responseCode":"00","responseDescription":"Success"},"header":[{"key":"Content-Type","value":"Application/JSON"},{"key":"channelRequest","value":"MARTIPAY"}],"requestParams":[{"key":"id","value":"2"},{"key":"name","value":"kalkausar"}]}]}
18-03-2024 01:01:36.951 [main] INFO  bdki.project.ProjectApplication.logStarting - Starting ProjectApplication using Java 17.0.9 with PID 12112 (C:\Users\USER\Downloads\project\project\target\classes started by USER in C:\Users\USER\Downloads\project\project)
18-03-2024 01:01:36.951 [main] DEBUG bdki.project.ProjectApplication.logStarting - Running with Spring Boot v3.2.3, Spring v6.1.4
18-03-2024 01:01:36.951 [main] INFO  bdki.project.ProjectApplication.logStartupProfileInfo - The following 1 profile is active: "default"
18-03-2024 01:01:47.447 [main] INFO  bdki.project.ProjectApplication.logStarted - Started ProjectApplication in 11.782 seconds (process running for 13.549)
18-03-2024 01:01:56.067 [org.springframework.amqp.rabbit.RabbitListenerEndpointContainer#0-1] INFO  b.project.consumer.RabbitMQConsumer.consume - received message : {"channel":"MARTIPAY","notificationType":"REGISTRATION-ACCOUNT-BINDING","rawNotification":[{"url":"https://","bodyRequest":{"phoneNumber":"6285270196990","fullName":"Kal Kausar","birthdate":"1998-08-30","placeOrBirth":"Banda Aceh","email":"kalkausar98@gmail.com","channelRequest":"MARTIPAY","stan":"123456","requestDate":"2024-01-30","requestTime":"14:56:27","tokenAuthorization":"pw/hyLkFlQhdyq3DRvFdWw==","responseCode":"00","responseDescription":"Success"},"header":[{"key":"Content-Type","value":"Application/JSON"},{"key":"channelRequest","value":"MARTIPAY"}],"requestParams":[{"key":"id","value":"2"},{"key":"name","value":"kalkausar"}]}]}
18-03-2024 01:04:22.792 [main] INFO  bdki.project.ProjectApplication.logStarting - Starting ProjectApplication using Java 17.0.9 with PID 15920 (C:\Users\USER\Downloads\project\project\target\classes started by USER in C:\Users\USER\Downloads\project\project)
18-03-2024 01:04:22.795 [main] DEBUG bdki.project.ProjectApplication.logStarting - Running with Spring Boot v3.2.3, Spring v6.1.4
18-03-2024 01:04:22.797 [main] INFO  bdki.project.ProjectApplication.logStartupProfileInfo - The following 1 profile is active: "default"
18-03-2024 01:04:36.112 [main] INFO  bdki.project.ProjectApplication.logStarted - Started ProjectApplication in 14.842 seconds (process running for 16.526)
18-03-2024 01:33:11.866 [org.springframework.amqp.rabbit.RabbitListenerEndpointContainer#0-1] INFO  b.project.consumer.RabbitMQConsumer.consume - received message : {"channel":"MARTIPAY","notificationType":"REGISTRATION-ACCOUNT-BINDING","rawNotification":[{"url":"https://","bodyRequest":{"phoneNumber":"6285270196990","fullName":"Kal Kausar","birthdate":"1998-08-30","placeOrBirth":"Banda Aceh","email":"kalkausar98@gmail.com","channelRequest":"MARTIPAY","stan":"123456","requestDate":"2024-01-30","requestTime":"14:56:27","tokenAuthorization":"pw/hyLkFlQhdyq3DRvFdWw==","responseCode":"00","responseDescription":"Success"},"header":[{"key":"Content-Type","value":"Application/JSON"},{"key":"channelRequest","value":"MARTIPAY"}],"requestParams":[{"key":"id","value":"2"},{"key":"name","value":"kalkausar"}]}]}
18-03-2024 02:32:25.694 [main] INFO  b.project.ProjectApplicationTests.logStarting - Starting ProjectApplicationTests using Java 17.0.9 with PID 6572 (started by USER in C:\Users\USER\Downloads\project\project)
18-03-2024 02:32:25.694 [main] DEBUG b.project.ProjectApplicationTests.logStarting - Running with Spring Boot v3.2.3, Spring v6.1.4
18-03-2024 02:32:25.694 [main] INFO  b.project.ProjectApplicationTests.logStartupProfileInfo - The following 1 profile is active: "default"
18-03-2024 02:32:36.035 [main] INFO  b.project.ProjectApplicationTests.logStarted - Started ProjectApplicationTests in 11.354 seconds (process running for 13.561)
18-03-2024 02:32:36.044 [org.springframework.amqp.rabbit.RabbitListenerEndpointContainer#0-1] INFO  b.project.consumer.RabbitMQConsumer.consume - received message : {"channel":"MARTIPAY","notificationType":"REGISTRATION-ACCOUNT-BINDING","rawNotification":[{"url":"https://","bodyRequest":{"phoneNumber":"6285270196990","fullName":"Kal Kausar","birthdate":"1998-08-30","placeOrBirth":"Banda Aceh","email":"kalkausar98@gmail.com","channelRequest":"MARTIPAY","stan":"123456","requestDate":"2024-01-30","requestTime":"14:56:27","tokenAuthorization":"pw/hyLkFlQhdyq3DRvFdWw==","responseCode":"00","responseDescription":"Success"},"header":[{"key":"Content-Type","value":"Application/JSON"},{"key":"channelRequest","value":"MARTIPAY"}],"requestParams":[{"key":"id","value":"2"},{"key":"name","value":"kalkausar"}]}]}
18-03-2024 02:33:22.210 [main] INFO  bdki.project.ProjectApplication.logStarting - Starting ProjectApplication using Java 17.0.9 with PID 16280 (C:\Users\USER\Downloads\project\project\target\classes started by USER in C:\Users\USER\Downloads\project\project)
18-03-2024 02:33:22.212 [main] DEBUG bdki.project.ProjectApplication.logStarting - Running with Spring Boot v3.2.3, Spring v6.1.4
18-03-2024 02:33:22.214 [main] INFO  bdki.project.ProjectApplication.logStartupProfileInfo - The following 1 profile is active: "default"
18-03-2024 02:33:31.475 [main] INFO  bdki.project.ProjectApplication.logStarted - Started ProjectApplication in 10.277 seconds (process running for 10.969)
18-03-2024 02:33:31.496 [org.springframework.amqp.rabbit.RabbitListenerEndpointContainer#0-1] INFO  b.project.consumer.RabbitMQConsumer.consume - received message : {"channel":"MARTIPAY","notificationType":"REGISTRATION-ACCOUNT-BINDING","rawNotification":[{"url":"https://","bodyRequest":{"phoneNumber":"6285270196990","fullName":"Kal Kausar","birthdate":"1998-08-30","placeOrBirth":"Banda Aceh","email":"kalkausar98@gmail.com","channelRequest":"MARTIPAY","stan":"123456","requestDate":"2024-01-30","requestTime":"14:56:27","tokenAuthorization":"pw/hyLkFlQhdyq3DRvFdWw==","responseCode":"00","responseDescription":"Success"},"header":[{"key":"Content-Type","value":"Application/JSON"},{"key":"channelRequest","value":"MARTIPAY"}],"requestParams":[{"key":"id","value":"2"},{"key":"name","value":"kalkausar"}]}]}
18-03-2024 02:36:10.952 [main] INFO  b.project.ProjectApplicationTests.logStarting - Starting ProjectApplicationTests using Java 17.0.9 with PID 8652 (started by USER in C:\Users\USER\Downloads\project\project)
18-03-2024 02:36:10.959 [main] DEBUG b.project.ProjectApplicationTests.logStarting - Running with Spring Boot v3.2.3, Spring v6.1.4
18-03-2024 02:36:10.959 [main] INFO  b.project.ProjectApplicationTests.logStartupProfileInfo - The following 1 profile is active: "default"
18-03-2024 02:36:25.731 [main] INFO  b.project.ProjectApplicationTests.logStarted - Started ProjectApplicationTests in 15.611 seconds (process running for 18.026)
18-03-2024 02:37:36.640 [main] INFO  bdki.project.ProjectApplication.logStarting - Starting ProjectApplication using Java 17.0.9 with PID 1392 (C:\Users\USER\Downloads\project\project\target\classes started by USER in C:\Users\USER\Downloads\project\project)
18-03-2024 02:37:36.645 [main] DEBUG bdki.project.ProjectApplication.logStarting - Running with Spring Boot v3.2.3, Spring v6.1.4
18-03-2024 02:37:36.645 [main] INFO  bdki.project.ProjectApplication.logStartupProfileInfo - The following 1 profile is active: "default"
18-03-2024 02:37:46.365 [main] INFO  bdki.project.ProjectApplication.logStarted - Started ProjectApplication in 11.175 seconds (process running for 11.828)
18-03-2024 02:37:55.429 [http-nio-8086-exec-1] INFO  b.project.publisher.RabbitMQProducer.sendMessage - Message sent -> {"channel":"MARTIPAY","notificationType":"REGISTRATION-ACCOUNT-BINDING","rawNotification":[{"url":"https://","bodyRequest":{"phoneNumber":"6285270196990","fullName":"Kal Kausar","birthdate":"1998-08-30","placeOrBirth":"Banda Aceh","email":"kalkausar98@gmail.com","channelRequest":"MARTIPAY","stan":"123456","requestDate":"2024-01-30","requestTime":"14:56:27","tokenAuthorization":"pw/hyLkFlQhdyq3DRvFdWw==","responseCode":"00","responseDescription":"Success"},"header":[{"key":"Content-Type","value":"Application/JSON"},{"key":"channelRequest","value":"MARTIPAY"}],"requestParams":[{"key":"id","value":"2"},{"key":"name","value":"kalkausar"}]}]}
18-03-2024 02:37:55.645 [http-nio-8086-exec-1] INFO  b.project.consumer.RabbitMQConsumer.consume - received message : {"channel":"MARTIPAY","notificationType":"REGISTRATION-ACCOUNT-BINDING","rawNotification":[{"url":"https://","bodyRequest":{"phoneNumber":"6285270196990","fullName":"Kal Kausar","birthdate":"1998-08-30","placeOrBirth":"Banda Aceh","email":"kalkausar98@gmail.com","channelRequest":"MARTIPAY","stan":"123456","requestDate":"2024-01-30","requestTime":"14:56:27","tokenAuthorization":"pw/hyLkFlQhdyq3DRvFdWw==","responseCode":"00","responseDescription":"Success"},"header":[{"key":"Content-Type","value":"Application/JSON"},{"key":"channelRequest","value":"MARTIPAY"}],"requestParams":[{"key":"id","value":"2"},{"key":"name","value":"kalkausar"}]}]}
18-03-2024 02:44:19.909 [main] INFO  b.project.ProjectApplicationTests.logStarting - Starting ProjectApplicationTests using Java 17.0.9 with PID 10000 (started by USER in C:\Users\USER\Downloads\project\project)
18-03-2024 02:44:19.909 [main] DEBUG b.project.ProjectApplicationTests.logStarting - Running with Spring Boot v3.2.3, Spring v6.1.4
18-03-2024 02:44:19.909 [main] INFO  b.project.ProjectApplicationTests.logStartupProfileInfo - The following 1 profile is active: "default"
18-03-2024 02:44:33.544 [main] INFO  b.project.ProjectApplicationTests.logStarted - Started ProjectApplicationTests in 14.613 seconds (process running for 17.581)
18-03-2024 02:45:09.674 [main] INFO  bdki.project.ProjectApplication.logStarting - Starting ProjectApplication using Java 17.0.9 with PID 4900 (C:\Users\USER\Downloads\project\project\target\classes started by USER in C:\Users\USER\Downloads\project\project)
18-03-2024 02:45:09.674 [main] DEBUG bdki.project.ProjectApplication.logStarting - Running with Spring Boot v3.2.3, Spring v6.1.4
18-03-2024 02:45:09.674 [main] INFO  bdki.project.ProjectApplication.logStartupProfileInfo - The following 1 profile is active: "default"
18-03-2024 02:45:19.139 [main] INFO  bdki.project.ProjectApplication.logStarted - Started ProjectApplication in 10.418 seconds (process running for 11.021)
18-03-2024 02:45:27.139 [http-nio-8086-exec-2] INFO  b.project.publisher.RabbitMQProducer.sendMessage - Message sent -> {"channel":"MARTIPAY","notificationType":"REGISTRATION-ACCOUNT-BINDING","rawNotification":[{"url":"https://","bodyRequest":{"phoneNumber":"6285270196990","fullName":"Kal Kausar","birthdate":"1998-08-30","placeOrBirth":"Banda Aceh","email":"kalkausar98@gmail.com","channelRequest":"MARTIPAY","stan":"123456","requestDate":"2024-01-30","requestTime":"14:56:27","tokenAuthorization":"pw/hyLkFlQhdyq3DRvFdWw==","responseCode":"00","responseDescription":"Success"},"header":[{"key":"Content-Type","value":"Application/JSON"},{"key":"channelRequest","value":"MARTIPAY"}],"requestParams":[{"key":"id","value":"2"},{"key":"name","value":"kalkausar"}]}]}
18-03-2024 02:45:27.339 [http-nio-8086-exec-2] INFO  b.project.consumer.RabbitMQConsumer.consume - received message : {"channel":"MARTIPAY","notificationType":"REGISTRATION-ACCOUNT-BINDING","rawNotification":[{"url":"https://","bodyRequest":{"phoneNumber":"6285270196990","fullName":"Kal Kausar","birthdate":"1998-08-30","placeOrBirth":"Banda Aceh","email":"kalkausar98@gmail.com","channelRequest":"MARTIPAY","stan":"123456","requestDate":"2024-01-30","requestTime":"14:56:27","tokenAuthorization":"pw/hyLkFlQhdyq3DRvFdWw==","responseCode":"00","responseDescription":"Success"},"header":[{"key":"Content-Type","value":"Application/JSON"},{"key":"channelRequest","value":"MARTIPAY"}],"requestParams":[{"key":"id","value":"2"},{"key":"name","value":"kalkausar"}]}]}
18-03-2024 02:50:37.984 [main] INFO  bdki.project.ProjectApplication.logStarting - Starting ProjectApplication using Java 17.0.9 with PID 3668 (C:\Users\USER\Downloads\project\project\target\classes started by USER in C:\Users\USER\Downloads\project\project)
18-03-2024 02:50:37.987 [main] DEBUG bdki.project.ProjectApplication.logStarting - Running with Spring Boot v3.2.3, Spring v6.1.4
18-03-2024 02:50:37.990 [main] INFO  bdki.project.ProjectApplication.logStartupProfileInfo - The following 1 profile is active: "default"
18-03-2024 02:50:52.199 [main] INFO  bdki.project.ProjectApplication.logStarted - Started ProjectApplication in 15.58 seconds (process running for 18.212)
18-03-2024 02:51:11.699 [http-nio-8086-exec-1] INFO  b.project.publisher.RabbitMQProducer.sendMessage - Message sent -> {"channel":"MARTIPAY","notificationType":"REGISTRATION-ACCOUNT-BINDING","rawNotification":[{"url":"https://","bodyRequest":{"phoneNumber":"6285270196990","fullName":"Kal Kausar","birthdate":"1998-08-30","placeOrBirth":"Banda Aceh","email":"kalkausar98@gmail.com","channelRequest":"MARTIPAY","stan":"123456","requestDate":"2024-01-30","requestTime":"14:56:27","tokenAuthorization":"pw/hyLkFlQhdyq3DRvFdWw==","responseCode":"00","responseDescription":"Success"},"header":[{"key":"Content-Type","value":"Application/JSON"},{"key":"channelRequest","value":"MARTIPAY"}],"requestParams":[{"key":"id","value":"2"},{"key":"name","value":"kalkausar"}]}]}
18-03-2024 02:51:33.809 [http-nio-8086-exec-1] INFO  b.project.consumer.RabbitMQConsumer.consume - received message : {"channel":"MARTIPAY","notificationType":"REGISTRATION-ACCOUNT-BINDING","rawNotification":[{"url":"https://","bodyRequest":{"phoneNumber":"6285270196990","fullName":"Kal Kausar","birthdate":"1998-08-30","placeOrBirth":"Banda Aceh","email":"kalkausar98@gmail.com","channelRequest":"MARTIPAY","stan":"123456","requestDate":"2024-01-30","requestTime":"14:56:27","tokenAuthorization":"pw/hyLkFlQhdyq3DRvFdWw==","responseCode":"00","responseDescription":"Success"},"header":[{"key":"Content-Type","value":"Application/JSON"},{"key":"channelRequest","value":"MARTIPAY"}],"requestParams":[{"key":"id","value":"2"},{"key":"name","value":"kalkausar"}]}]}
18-03-2024 02:53:28.340 [main] INFO  bdki.project.ProjectApplication.logStarting - Starting ProjectApplication using Java 17.0.9 with PID 14812 (C:\Users\USER\Downloads\project\project\target\classes started by USER in C:\Users\USER\Downloads\project\project)
18-03-2024 02:53:28.343 [main] DEBUG bdki.project.ProjectApplication.logStarting - Running with Spring Boot v3.2.3, Spring v6.1.4
18-03-2024 02:53:28.346 [main] INFO  bdki.project.ProjectApplication.logStartupProfileInfo - The following 1 profile is active: "default"
18-03-2024 02:53:39.513 [main] INFO  bdki.project.ProjectApplication.logStarted - Started ProjectApplication in 12.52 seconds (process running for 13.983)
18-03-2024 02:54:17.898 [http-nio-8086-exec-2] INFO  b.project.publisher.RabbitMQProducer.sendMessage - Message sent -> {"channel":"MARTIPAY","notificationType":"REGISTRATION-ACCOUNT-BINDING","rawNotification":[{"url":"https://","bodyRequest":{"phoneNumber":"6285270196990","fullName":"Kal Kausar","birthdate":"1998-08-30","placeOrBirth":"Banda Aceh","email":"kalkausar98@gmail.com","channelRequest":"MARTIPAY","stan":"123456","requestDate":"2024-01-30","requestTime":"14:56:27","tokenAuthorization":"pw/hyLkFlQhdyq3DRvFdWw==","responseCode":"00","responseDescription":"Success"},"header":[{"key":"Content-Type","value":"Application/JSON"},{"key":"channelRequest","value":"MARTIPAY"}],"requestParams":[{"key":"id","value":"2"},{"key":"name","value":"kalkausar"}]}]}
18-03-2024 02:54:30.917 [http-nio-8086-exec-2] INFO  b.project.consumer.RabbitMQConsumer.consume - received message : {"channel":"MARTIPAY","notificationType":"REGISTRATION-ACCOUNT-BINDING","rawNotification":[{"url":"https://","bodyRequest":{"phoneNumber":"6285270196990","fullName":"Kal Kausar","birthdate":"1998-08-30","placeOrBirth":"Banda Aceh","email":"kalkausar98@gmail.com","channelRequest":"MARTIPAY","stan":"123456","requestDate":"2024-01-30","requestTime":"14:56:27","tokenAuthorization":"pw/hyLkFlQhdyq3DRvFdWw==","responseCode":"00","responseDescription":"Success"},"header":[{"key":"Content-Type","value":"Application/JSON"},{"key":"channelRequest","value":"MARTIPAY"}],"requestParams":[{"key":"id","value":"2"},{"key":"name","value":"kalkausar"}]}]}
18-03-2024 03:00:35.298 [main] INFO  bdki.project.ProjectApplication.logStarting - Starting ProjectApplication using Java 17.0.9 with PID 8784 (C:\Users\USER\Downloads\project\project\target\classes started by USER in C:\Users\USER\Downloads\project\project)
18-03-2024 03:00:35.301 [main] DEBUG bdki.project.ProjectApplication.logStarting - Running with Spring Boot v3.2.3, Spring v6.1.4
18-03-2024 03:00:35.305 [main] INFO  bdki.project.ProjectApplication.logStartupProfileInfo - The following 1 profile is active: "default"
18-03-2024 03:01:06.122 [main] INFO  bdki.project.ProjectApplication.logStarted - Started ProjectApplication in 34.217 seconds (process running for 38.638)
18-03-2024 03:01:45.239 [http-nio-8086-exec-1] INFO  b.project.publisher.RabbitMQProducer.sendMessage - Message sent -> {"channel":"MARTIPAY","notificationType":"REGISTRATION-ACCOUNT-BINDING","rawNotification":[{"url":"https://","bodyRequest":{"phoneNumber":"6285270196990","fullName":"Kal Kausar","birthdate":"1998-08-30","placeOrBirth":"Banda Aceh","email":"kalkausar98@gmail.com","channelRequest":"MARTIPAY","stan":"123456","requestDate":"2024-01-30","requestTime":"14:56:27","tokenAuthorization":"pw/hyLkFlQhdyq3DRvFdWw==","responseCode":"00","responseDescription":"Success"},"header":[{"key":"Content-Type","value":"Application/JSON"},{"key":"channelRequest","value":"MARTIPAY"}],"requestParams":[{"key":"id","value":"2"},{"key":"name","value":"kalkausar"}]}]}
18-03-2024 03:02:02.615 [http-nio-8086-exec-1] INFO  b.project.consumer.RabbitMQConsumer.consume - received message : {"channel":"MARTIPAY","notificationType":"REGISTRATION-ACCOUNT-BINDING","rawNotification":[{"url":"https://","bodyRequest":{"phoneNumber":"6285270196990","fullName":"Kal Kausar","birthdate":"1998-08-30","placeOrBirth":"Banda Aceh","email":"kalkausar98@gmail.com","channelRequest":"MARTIPAY","stan":"123456","requestDate":"2024-01-30","requestTime":"14:56:27","tokenAuthorization":"pw/hyLkFlQhdyq3DRvFdWw==","responseCode":"00","responseDescription":"Success"},"header":[{"key":"Content-Type","value":"Application/JSON"},{"key":"channelRequest","value":"MARTIPAY"}],"requestParams":[{"key":"id","value":"2"},{"key":"name","value":"kalkausar"}]}]}
18-03-2024 03:08:33.326 [main] INFO  bdki.project.ProjectApplication.logStarting - Starting ProjectApplication using Java 17.0.9 with PID 7668 (C:\Users\USER\Downloads\project\project\target\classes started by USER in C:\Users\USER\Downloads\project\project)
18-03-2024 03:08:33.329 [main] DEBUG bdki.project.ProjectApplication.logStarting - Running with Spring Boot v3.2.3, Spring v6.1.4
18-03-2024 03:08:33.332 [main] INFO  bdki.project.ProjectApplication.logStartupProfileInfo - The following 1 profile is active: "default"
18-03-2024 03:08:49.064 [main] INFO  bdki.project.ProjectApplication.logStarted - Started ProjectApplication in 17.0 seconds (process running for 18.265)
18-03-2024 03:09:10.109 [http-nio-8086-exec-1] INFO  b.project.publisher.RabbitMQProducer.sendMessage - Message sent -> {"channel":"MARTIPAY","notificationType":"REGISTRATION-ACCOUNT-BINDING","rawNotification":[{"url":"https://","bodyRequest":{"phoneNumber":"6285270196990","fullName":"Kal Kausar","birthdate":"1998-08-30","placeOrBirth":"Banda Aceh","email":"kalkausar98@gmail.com","channelRequest":"MARTIPAY","stan":"123456","requestDate":"2024-01-30","requestTime":"14:56:27","tokenAuthorization":"pw/hyLkFlQhdyq3DRvFdWw==","responseCode":"00","responseDescription":"Success"},"header":[{"key":"Content-Type","value":"Application/JSON"},{"key":"channelRequest","value":"MARTIPAY"}],"requestParams":[{"key":"id","value":"2"},{"key":"name","value":"kalkausar"}]}]}
18-03-2024 03:09:30.549 [http-nio-8086-exec-1] INFO  b.project.consumer.RabbitMQConsumer.consume - received message : {"channel":"MARTIPAY","notificationType":"REGISTRATION-ACCOUNT-BINDING","rawNotification":[{"url":"https://","bodyRequest":{"phoneNumber":"6285270196990","fullName":"Kal Kausar","birthdate":"1998-08-30","placeOrBirth":"Banda Aceh","email":"kalkausar98@gmail.com","channelRequest":"MARTIPAY","stan":"123456","requestDate":"2024-01-30","requestTime":"14:56:27","tokenAuthorization":"pw/hyLkFlQhdyq3DRvFdWw==","responseCode":"00","responseDescription":"Success"},"header":[{"key":"Content-Type","value":"Application/JSON"},{"key":"channelRequest","value":"MARTIPAY"}],"requestParams":[{"key":"id","value":"2"},{"key":"name","value":"kalkausar"}]}]}
18-03-2024 03:16:31.188 [main] INFO  bdki.project.ProjectApplication.logStarting - Starting ProjectApplication using Java 17.0.9 with PID 8060 (C:\Users\USER\Downloads\project\project\target\classes started by USER in C:\Users\USER\Downloads\project\project)
18-03-2024 03:16:31.188 [main] DEBUG bdki.project.ProjectApplication.logStarting - Running with Spring Boot v3.2.3, Spring v6.1.4
18-03-2024 03:16:31.188 [main] INFO  bdki.project.ProjectApplication.logStartupProfileInfo - The following 1 profile is active: "default"
18-03-2024 03:16:48.437 [main] INFO  bdki.project.ProjectApplication.logStarted - Started ProjectApplication in 18.637 seconds (process running for 19.791)
18-03-2024 03:19:21.730 [http-nio-8086-exec-3] INFO  b.project.publisher.RabbitMQProducer.sendMessage - Message sent -> {"channel":"MARTIPAY","notificationType":"REGISTRATION-ACCOUNT-BINDING","rawNotification":[{"url":"https://","bodyRequest":{"phoneNumber":"6285270196990","fullName":"Kal Kausar","birthdate":"1998-08-30","placeOrBirth":"Banda Aceh","email":"kalkausar98@gmail.com","channelRequest":"MARTIPAY","stan":"123456","requestDate":"2024-01-30","requestTime":"14:56:27","tokenAuthorization":"pw/hyLkFlQhdyq3DRvFdWw==","responseCode":"00","responseDescription":"Success"},"header":[{"key":"Content-Type","value":"Application/JSON"},{"key":"channelRequest","value":"MARTIPAY"}],"requestParams":[{"key":"id","value":"2"},{"key":"name","value":"kalkausar"}]}]}
18-03-2024 03:19:36.413 [http-nio-8086-exec-3] INFO  b.project.consumer.RabbitMQConsumer.consume - received message : {"channel":"MARTIPAY","notificationType":"REGISTRATION-ACCOUNT-BINDING","rawNotification":[{"url":"https://","bodyRequest":{"phoneNumber":"6285270196990","fullName":"Kal Kausar","birthdate":"1998-08-30","placeOrBirth":"Banda Aceh","email":"kalkausar98@gmail.com","channelRequest":"MARTIPAY","stan":"123456","requestDate":"2024-01-30","requestTime":"14:56:27","tokenAuthorization":"pw/hyLkFlQhdyq3DRvFdWw==","responseCode":"00","responseDescription":"Success"},"header":[{"key":"Content-Type","value":"Application/JSON"},{"key":"channelRequest","value":"MARTIPAY"}],"requestParams":[{"key":"id","value":"2"},{"key":"name","value":"kalkausar"}]}]}
18-03-2024 03:21:20.411 [main] INFO  bdki.project.ProjectApplication.logStarting - Starting ProjectApplication using Java 17.0.9 with PID 6568 (C:\Users\USER\Downloads\project\project\target\classes started by USER in C:\Users\USER\Downloads\project\project)
18-03-2024 03:21:20.413 [main] DEBUG bdki.project.ProjectApplication.logStarting - Running with Spring Boot v3.2.3, Spring v6.1.4
18-03-2024 03:21:20.415 [main] INFO  bdki.project.ProjectApplication.logStartupProfileInfo - The following 1 profile is active: "default"
18-03-2024 03:21:34.470 [main] INFO  bdki.project.ProjectApplication.logStarted - Started ProjectApplication in 15.339 seconds (process running for 16.562)
18-03-2024 03:21:58.235 [http-nio-8086-exec-2] INFO  b.project.publisher.RabbitMQProducer.sendMessage - Message sent -> {"channel":"MARTIPAY","notificationType":"REGISTRATION-ACCOUNT-BINDING","rawNotification":[{"url":"https://","bodyRequest":{"phoneNumber":"6285270196990","fullName":"Kal Kausar","birthdate":"1998-08-30","placeOrBirth":"Banda Aceh","email":"kalkausar98@gmail.com","channelRequest":"MARTIPAY","stan":"123456","requestDate":"2024-01-30","requestTime":"14:56:27","tokenAuthorization":"pw/hyLkFlQhdyq3DRvFdWw==","responseCode":"00","responseDescription":"Success"},"header":[{"key":"Content-Type","value":"Application/JSON"},{"key":"channelRequest","value":"MARTIPAY"}],"requestParams":[{"key":"id","value":"2"},{"key":"name","value":"kalkausar"}]}]}
18-03-2024 03:22:14.271 [http-nio-8086-exec-2] INFO  b.project.consumer.RabbitMQConsumer.consume - received message : {"channel":"MARTIPAY","notificationType":"REGISTRATION-ACCOUNT-BINDING","rawNotification":[{"url":"https://","bodyRequest":{"phoneNumber":"6285270196990","fullName":"Kal Kausar","birthdate":"1998-08-30","placeOrBirth":"Banda Aceh","email":"kalkausar98@gmail.com","channelRequest":"MARTIPAY","stan":"123456","requestDate":"2024-01-30","requestTime":"14:56:27","tokenAuthorization":"pw/hyLkFlQhdyq3DRvFdWw==","responseCode":"00","responseDescription":"Success"},"header":[{"key":"Content-Type","value":"Application/JSON"},{"key":"channelRequest","value":"MARTIPAY"}],"requestParams":[{"key":"id","value":"2"},{"key":"name","value":"kalkausar"}]}]}
18-03-2024 03:29:24.606 [main] INFO  bdki.project.ProjectApplication.logStarting - Starting ProjectApplication using Java 17.0.9 with PID 9836 (C:\Users\USER\Downloads\project\project\target\classes started by USER in C:\Users\USER\Downloads\project\project)
18-03-2024 03:29:24.606 [main] DEBUG bdki.project.ProjectApplication.logStarting - Running with Spring Boot v3.2.3, Spring v6.1.4
18-03-2024 03:29:24.606 [main] INFO  bdki.project.ProjectApplication.logStartupProfileInfo - The following 1 profile is active: "default"
18-03-2024 03:29:40.341 [main] INFO  bdki.project.ProjectApplication.logStarted - Started ProjectApplication in 17.144 seconds (process running for 18.582)
18-03-2024 03:30:04.327 [http-nio-8086-exec-1] INFO  b.project.publisher.RabbitMQProducer.sendMessage - Message sent -> {"channel":"MARTIPAY","notificationType":"REGISTRATION-ACCOUNT-BINDING","rawNotification":[{"url":"https://","bodyRequest":{"phoneNumber":"6285270196990","fullName":"Kal Kausar","birthdate":"1998-08-30","placeOrBirth":"Banda Aceh","email":"kalkausar98@gmail.com","channelRequest":"MARTIPAY","stan":"123456","requestDate":"2024-01-30","requestTime":"14:56:27","tokenAuthorization":"pw/hyLkFlQhdyq3DRvFdWw==","responseCode":"00","responseDescription":"Success"},"header":[{"key":"Content-Type","value":"Application/JSON"},{"key":"channelRequest","value":"MARTIPAY"}],"requestParams":[{"key":"id","value":"2"},{"key":"name","value":"kalkausar"}]}]}
18-03-2024 03:30:17.361 [http-nio-8086-exec-1] INFO  b.project.consumer.RabbitMQConsumer.consume - received message : {"channel":"MARTIPAY","notificationType":"REGISTRATION-ACCOUNT-BINDING","rawNotification":[{"url":"https://","bodyRequest":{"phoneNumber":"6285270196990","fullName":"Kal Kausar","birthdate":"1998-08-30","placeOrBirth":"Banda Aceh","email":"kalkausar98@gmail.com","channelRequest":"MARTIPAY","stan":"123456","requestDate":"2024-01-30","requestTime":"14:56:27","tokenAuthorization":"pw/hyLkFlQhdyq3DRvFdWw==","responseCode":"00","responseDescription":"Success"},"header":[{"key":"Content-Type","value":"Application/JSON"},{"key":"channelRequest","value":"MARTIPAY"}],"requestParams":[{"key":"id","value":"2"},{"key":"name","value":"kalkausar"}]}]}
18-03-2024 03:34:55.007 [main] INFO  bdki.project.ProjectApplication.logStarting - Starting ProjectApplication using Java 17.0.9 with PID 16364 (C:\Users\USER\Downloads\project\project\target\classes started by USER in C:\Users\USER\Downloads\project\project)
18-03-2024 03:34:55.007 [main] DEBUG bdki.project.ProjectApplication.logStarting - Running with Spring Boot v3.2.3, Spring v6.1.4
18-03-2024 03:34:55.007 [main] INFO  bdki.project.ProjectApplication.logStartupProfileInfo - The following 1 profile is active: "default"
18-03-2024 03:35:06.995 [main] INFO  bdki.project.ProjectApplication.logStarted - Started ProjectApplication in 13.185 seconds (process running for 14.236)
18-03-2024 03:35:42.045 [http-nio-8086-exec-1] INFO  b.project.publisher.RabbitMQProducer.sendMessage - Message sent -> {"channel":"MARTIPAY","notificationType":"REGISTRATION-ACCOUNT-BINDING","rawNotification":[{"url":"https://","bodyRequest":{"phoneNumber":"6285270196990","fullName":"Kal Kausar","birthdate":"1998-08-30","placeOrBirth":"Banda Aceh","email":"kalkausar98@gmail.com","channelRequest":"MARTIPAY","stan":"123456","requestDate":"2024-01-30","requestTime":"14:56:27","tokenAuthorization":"pw/hyLkFlQhdyq3DRvFdWw==","responseCode":"00","responseDescription":"Success"},"header":[{"key":"Content-Type","value":"Application/JSON"},{"key":"channelRequest","value":"MARTIPAY"}],"requestParams":[{"key":"id","value":"2"},{"key":"name","value":"kalkausar"}]}]}
18-03-2024 03:35:54.627 [http-nio-8086-exec-1] INFO  b.project.consumer.RabbitMQConsumer.consume - received message : {"channel":"MARTIPAY","notificationType":"REGISTRATION-ACCOUNT-BINDING","rawNotification":[{"url":"https://","bodyRequest":{"phoneNumber":"6285270196990","fullName":"Kal Kausar","birthdate":"1998-08-30","placeOrBirth":"Banda Aceh","email":"kalkausar98@gmail.com","channelRequest":"MARTIPAY","stan":"123456","requestDate":"2024-01-30","requestTime":"14:56:27","tokenAuthorization":"pw/hyLkFlQhdyq3DRvFdWw==","responseCode":"00","responseDescription":"Success"},"header":[{"key":"Content-Type","value":"Application/JSON"},{"key":"channelRequest","value":"MARTIPAY"}],"requestParams":[{"key":"id","value":"2"},{"key":"name","value":"kalkausar"}]}]}
18-03-2024 03:36:55.433 [http-nio-8086-exec-1] INFO  b.project.consumer.RabbitMQConsumer.postApiCallback - 
 =================================================================== 

Access Rabbit MQ Consumer REGISTRATION-ACCOUNT-BINDING
URL 	 	 : http://ue-dev.bankdki.co.id/api/transactionservice/transaction/cashin 
Header 	 	 : {"Content-Type":["Application/JSON"],"channelRequest":["MARTIPAY"]} 
QueryParam 	 : [] 
Request 	 : {"requestTime":"14:56:27","tokenAuthorization":"pw/hyLkFlQhdyq3DRvFdWw==","phoneNumber":"6285270196990","birthdate":"1998-08-30","channelRequest":"MARTIPAY","responseDescription":"Success","placeOrBirth":"Banda Aceh","stan":"123456","requestDate":"2024-01-30","fullName":"Kal Kausar","email":"kalkausar98@gmail.com","responseCode":"00"} 
Response 	 : Error : 400 : "{"errorCode":"44","sourceSystem":"DIWA-SVC","message":"ACCOUNT NOT FOUND","engMessage":"ACCOUNT NOT FOUND","idnMessage":"REKENING TIDAK DITEMUKAN","activityRefCode":"61ad68bb3edc5ad4"}" 

 =================================================================== 

18-03-2024 03:38:52.134 [http-nio-8086-exec-1] INFO  b.project.consumer.RabbitMQConsumer.postApiCallback - 
 =================================================================== 

Access Rabbit MQ Consumer REGISTRATION-ACCOUNT-BINDING
URL 	 	 :  
Header 	 	 : {} 
QueryParam 	 : [] 
Request 	 : {} 
Response 	 : Error : JSONObject["bodyRequest"] not found. 

 =================================================================== 

18-03-2024 03:39:24.505 [main] INFO  bdki.project.ProjectApplication.logStarting - Starting ProjectApplication using Java 17.0.9 with PID 16400 (C:\Users\USER\Downloads\project\project\target\classes started by USER in C:\Users\USER\Downloads\project\project)
18-03-2024 03:39:24.507 [main] DEBUG bdki.project.ProjectApplication.logStarting - Running with Spring Boot v3.2.3, Spring v6.1.4
18-03-2024 03:39:24.509 [main] INFO  bdki.project.ProjectApplication.logStartupProfileInfo - The following 1 profile is active: "default"
18-03-2024 03:39:44.442 [main] INFO  bdki.project.ProjectApplication.logStarting - Starting ProjectApplication using Java 17.0.9 with PID 16704 (C:\Users\USER\Downloads\project\project\target\classes started by USER in C:\Users\USER\Downloads\project\project)
18-03-2024 03:39:44.448 [main] DEBUG bdki.project.ProjectApplication.logStarting - Running with Spring Boot v3.2.3, Spring v6.1.4
18-03-2024 03:39:44.451 [main] INFO  bdki.project.ProjectApplication.logStartupProfileInfo - The following 1 profile is active: "default"
18-03-2024 03:40:02.229 [main] INFO  bdki.project.ProjectApplication.logStarted - Started ProjectApplication in 20.339 seconds (process running for 22.076)
18-03-2024 03:40:54.334 [http-nio-8086-exec-1] INFO  b.project.publisher.RabbitMQProducer.sendMessage - Message sent -> {"channel":"MARTIPAY","notificationType":"REGISTRATION-ACCOUNT-BINDING","rawNotification":[{"url":"https://","bodyRequest":{"phoneNumber":"6285270196990","fullName":"Kal Kausar","birthdate":"1998-08-30","placeOrBirth":"Banda Aceh","email":"kalkausar98@gmail.com","channelRequest":"MARTIPAY","stan":"123456","requestDate":"2024-01-30","requestTime":"14:56:27","tokenAuthorization":"pw/hyLkFlQhdyq3DRvFdWw==","responseCode":"00","responseDescription":"Success"},"header":[{"key":"Content-Type","value":"Application/JSON"},{"key":"channelRequest","value":"MARTIPAY"}],"requestParams":[{"key":"id","value":"2"},{"key":"name","value":"kalkausar"}]}]}
18-03-2024 03:41:06.419 [http-nio-8086-exec-1] INFO  b.project.consumer.RabbitMQConsumer.consume - received message : {"channel":"MARTIPAY","notificationType":"REGISTRATION-ACCOUNT-BINDING","rawNotification":[{"url":"https://","bodyRequest":{"phoneNumber":"6285270196990","fullName":"Kal Kausar","birthdate":"1998-08-30","placeOrBirth":"Banda Aceh","email":"kalkausar98@gmail.com","channelRequest":"MARTIPAY","stan":"123456","requestDate":"2024-01-30","requestTime":"14:56:27","tokenAuthorization":"pw/hyLkFlQhdyq3DRvFdWw==","responseCode":"00","responseDescription":"Success"},"header":[{"key":"Content-Type","value":"Application/JSON"},{"key":"channelRequest","value":"MARTIPAY"}],"requestParams":[{"key":"id","value":"2"},{"key":"name","value":"kalkausar"}]}]}
18-03-2024 03:41:48.089 [http-nio-8086-exec-1] INFO  b.project.consumer.RabbitMQConsumer.postApiCallback - 
 =================================================================== 

Access Rabbit MQ Consumer REGISTRATION-ACCOUNT-BINDING
URL 	 	 : http://ue-dev.bankdki.co.id/api/transactionservice/transaction/cashin 
Header 	 	 : {"Content-Type":["Application/JSON"],"channelRequest":["MARTIPAY"]} 
QueryParam 	 : [] 
Request 	 : {"requestTime":"14:56:27","tokenAuthorization":"pw/hyLkFlQhdyq3DRvFdWw==","phoneNumber":"6285270196990","birthdate":"1998-08-30","channelRequest":"MARTIPAY","responseDescription":"Success","placeOrBirth":"Banda Aceh","stan":"123456","requestDate":"2024-01-30","fullName":"Kal Kausar","email":"kalkausar98@gmail.com","responseCode":"00"} 
Response 	 : Error : 400 : "{"errorCode":"44","sourceSystem":"DIWA-SVC","message":"ACCOUNT NOT FOUND","engMessage":"ACCOUNT NOT FOUND","idnMessage":"REKENING TIDAK DITEMUKAN","activityRefCode":"c75ee04418e7a9d6"}" 

 =================================================================== 

18-03-2024 03:42:25.648 [main] INFO  bdki.project.ProjectApplication.logStarting - Starting ProjectApplication using Java 17.0.9 with PID 12728 (C:\Users\USER\Downloads\project\project\target\classes started by USER in C:\Users\USER\Downloads\project\project)
18-03-2024 03:42:25.651 [main] DEBUG bdki.project.ProjectApplication.logStarting - Running with Spring Boot v3.2.3, Spring v6.1.4
18-03-2024 03:42:25.653 [main] INFO  bdki.project.ProjectApplication.logStartupProfileInfo - The following 1 profile is active: "default"
18-03-2024 03:42:40.679 [main] INFO  bdki.project.ProjectApplication.logStarted - Started ProjectApplication in 16.22 seconds (process running for 17.644)
18-03-2024 03:43:53.487 [http-nio-8086-exec-2] INFO  b.project.publisher.RabbitMQProducer.sendMessage - Message sent -> {"channel":"MARTIPAY","notificationType":"REGISTRATION-ACCOUNT-BINDING","rawNotification":[{"url":"https://","bodyRequest":{"phoneNumber":"6285270196990","fullName":"Kal Kausar","birthdate":"1998-08-30","placeOrBirth":"Banda Aceh","email":"kalkausar98@gmail.com","channelRequest":"MARTIPAY","stan":"123456","requestDate":"2024-01-30","requestTime":"14:56:27","tokenAuthorization":"pw/hyLkFlQhdyq3DRvFdWw==","responseCode":"00","responseDescription":"Success"},"header":[{"key":"Content-Type","value":"Application/JSON"},{"key":"channelRequest","value":"MARTIPAY"}],"requestParams":[{"key":"id","value":"2"},{"key":"name","value":"kalkausar"}]}]}
18-03-2024 03:44:04.644 [http-nio-8086-exec-2] INFO  b.project.consumer.RabbitMQConsumer.consume - received message : {"channel":"MARTIPAY","notificationType":"REGISTRATION-ACCOUNT-BINDING","rawNotification":[{"url":"https://","bodyRequest":{"phoneNumber":"6285270196990","fullName":"Kal Kausar","birthdate":"1998-08-30","placeOrBirth":"Banda Aceh","email":"kalkausar98@gmail.com","channelRequest":"MARTIPAY","stan":"123456","requestDate":"2024-01-30","requestTime":"14:56:27","tokenAuthorization":"pw/hyLkFlQhdyq3DRvFdWw==","responseCode":"00","responseDescription":"Success"},"header":[{"key":"Content-Type","value":"Application/JSON"},{"key":"channelRequest","value":"MARTIPAY"}],"requestParams":[{"key":"id","value":"2"},{"key":"name","value":"kalkausar"}]}]}
18-03-2024 03:44:44.735 [http-nio-8086-exec-2] INFO  b.project.consumer.RabbitMQConsumer.postApiCallback - 
 =================================================================== 

Access Rabbit MQ Consumer REGISTRATION-ACCOUNT-BINDING
URL 	 	 : http://ue-dev.bankdki.co.id/api/transactionservice/transaction/cashin 
Header 	 	 : {"Content-Type":["Application/JSON"],"channelRequest":["MARTIPAY"]} 
QueryParam 	 : [] 
Request 	 : {"requestTime":"14:56:27","tokenAuthorization":"pw/hyLkFlQhdyq3DRvFdWw==","phoneNumber":"6285270196990","birthdate":"1998-08-30","channelRequest":"MARTIPAY","responseDescription":"Success","placeOrBirth":"Banda Aceh","stan":"123456","requestDate":"2024-01-30","fullName":"Kal Kausar","email":"kalkausar98@gmail.com","responseCode":"00"} 
Response 	 : Error : 400 : "{"errorCode":"44","sourceSystem":"DIWA-SVC","message":"ACCOUNT NOT FOUND","engMessage":"ACCOUNT NOT FOUND","idnMessage":"REKENING TIDAK DITEMUKAN","activityRefCode":"2dfeb7f43cc0f0e7"}" 

 =================================================================== 

18-03-2024 03:45:59.245 [main] INFO  bdki.project.ProjectApplication.logStarting - Starting ProjectApplication using Java 17.0.9 with PID 15208 (C:\Users\USER\Downloads\project\project\target\classes started by USER in C:\Users\USER\Downloads\project\project)
18-03-2024 03:45:59.247 [main] DEBUG bdki.project.ProjectApplication.logStarting - Running with Spring Boot v3.2.3, Spring v6.1.4
18-03-2024 03:45:59.251 [main] INFO  bdki.project.ProjectApplication.logStartupProfileInfo - The following 1 profile is active: "default"
18-03-2024 03:46:11.089 [main] INFO  bdki.project.ProjectApplication.logStarted - Started ProjectApplication in 13.251 seconds (process running for 14.525)
18-03-2024 03:47:01.493 [http-nio-8086-exec-2] INFO  b.project.publisher.RabbitMQProducer.sendMessage - Message sent -> {"channel":"MARTIPAY","notificationType":"REGISTRATION-ACCOUNT-BINDING","rawNotification":[{"url":"https://","bodyRequest":{"phoneNumber":"6285270196990","fullName":"Kal Kausar","birthdate":"1998-08-30","placeOrBirth":"Banda Aceh","email":"kalkausar98@gmail.com","channelRequest":"MARTIPAY","stan":"123456","requestDate":"2024-01-30","requestTime":"14:56:27","tokenAuthorization":"pw/hyLkFlQhdyq3DRvFdWw==","responseCode":"00","responseDescription":"Success"},"header":[{"key":"Content-Type","value":"Application/JSON"},{"key":"channelRequest","value":"MARTIPAY"}],"requestParams":[{"key":"id","value":"2"},{"key":"name","value":"kalkausar"}]}]}
18-03-2024 03:47:14.073 [http-nio-8086-exec-2] INFO  b.project.consumer.RabbitMQConsumer.consume - received message : {"channel":"MARTIPAY","notificationType":"REGISTRATION-ACCOUNT-BINDING","rawNotification":[{"url":"https://","bodyRequest":{"phoneNumber":"6285270196990","fullName":"Kal Kausar","birthdate":"1998-08-30","placeOrBirth":"Banda Aceh","email":"kalkausar98@gmail.com","channelRequest":"MARTIPAY","stan":"123456","requestDate":"2024-01-30","requestTime":"14:56:27","tokenAuthorization":"pw/hyLkFlQhdyq3DRvFdWw==","responseCode":"00","responseDescription":"Success"},"header":[{"key":"Content-Type","value":"Application/JSON"},{"key":"channelRequest","value":"MARTIPAY"}],"requestParams":[{"key":"id","value":"2"},{"key":"name","value":"kalkausar"}]}]}
18-03-2024 03:47:52.773 [http-nio-8086-exec-2] INFO  b.project.consumer.RabbitMQConsumer.postApiCallback - 
 =================================================================== 

Access Rabbit MQ Consumer REGISTRATION-ACCOUNT-BINDING
URL 	 	 : http://ue-dev.bankdki.co.id/api/transactionservice/transaction/cashin 
Header 	 	 : {"Content-Type":["Application/JSON"],"channelRequest":["MARTIPAY"]} 
QueryParam 	 : [] 
Request 	 : {"requestTime":"14:56:27","tokenAuthorization":"pw/hyLkFlQhdyq3DRvFdWw==","phoneNumber":"6285270196990","birthdate":"1998-08-30","channelRequest":"MARTIPAY","responseDescription":"Success","placeOrBirth":"Banda Aceh","stan":"123456","requestDate":"2024-01-30","fullName":"Kal Kausar","email":"kalkausar98@gmail.com","responseCode":"00"} 
Response 	 : Error : 400 : "{"errorCode":"44","sourceSystem":"DIWA-SVC","message":"ACCOUNT NOT FOUND","engMessage":"ACCOUNT NOT FOUND","idnMessage":"REKENING TIDAK DITEMUKAN","activityRefCode":"531080a5d8ffc14e"}" 

 =================================================================== 

18-03-2024 14:50:52.368 [main] INFO  bdki.project.ProjectApplication.logStarting - Starting ProjectApplication using Java 17.0.9 with PID 6420 (C:\Users\USER\Downloads\project\project\target\classes started by USER in C:\Users\USER\Downloads\project\project)
18-03-2024 14:50:52.374 [main] DEBUG bdki.project.ProjectApplication.logStarting - Running with Spring Boot v3.2.3, Spring v6.1.4
18-03-2024 14:50:52.379 [main] INFO  bdki.project.ProjectApplication.logStartupProfileInfo - The following 1 profile is active: "default"
18-03-2024 14:51:20.898 [main] INFO  bdki.project.ProjectApplication.logStarted - Started ProjectApplication in 30.399 seconds (process running for 32.298)
18-03-2024 14:51:39.688 [http-nio-8086-exec-2] INFO  b.project.publisher.RabbitMQProducer.sendMessage - Message sent -> {"channel":"MARTIPAY","notificationType":"REGISTRATION-ACCOUNT-BINDING","rawNotification":[{"url":"https://","bodyRequest":{"phoneNumber":"6285270196990","fullName":"Kal Kausar","birthdate":"1998-08-30","placeOrBirth":"Banda Aceh","email":"kalkausar98@gmail.com","channelRequest":"MARTIPAY","stan":"123456","requestDate":"2024-01-30","requestTime":"14:56:27","tokenAuthorization":"pw/hyLkFlQhdyq3DRvFdWw==","responseCode":"00","responseDescription":"Success"},"header":[{"key":"Content-Type","value":"Application/JSON"},{"key":"channelRequest","value":"MARTIPAY"}],"requestParams":[{"key":"id","value":"2"},{"key":"name","value":"kalkausar"}]}]}
18-03-2024 14:52:21.004 [http-nio-8086-exec-2] INFO  b.project.consumer.RabbitMQConsumer.consume - received message : {"channel":"MARTIPAY","notificationType":"REGISTRATION-ACCOUNT-BINDING","rawNotification":[{"url":"https://","bodyRequest":{"phoneNumber":"6285270196990","fullName":"Kal Kausar","birthdate":"1998-08-30","placeOrBirth":"Banda Aceh","email":"kalkausar98@gmail.com","channelRequest":"MARTIPAY","stan":"123456","requestDate":"2024-01-30","requestTime":"14:56:27","tokenAuthorization":"pw/hyLkFlQhdyq3DRvFdWw==","responseCode":"00","responseDescription":"Success"},"header":[{"key":"Content-Type","value":"Application/JSON"},{"key":"channelRequest","value":"MARTIPAY"}],"requestParams":[{"key":"id","value":"2"},{"key":"name","value":"kalkausar"}]}]}
18-03-2024 14:54:52.584 [http-nio-8086-exec-2] INFO  b.project.consumer.RabbitMQConsumer.postApiCallback - 
 =================================================================== 

Access Rabbit MQ Consumer REGISTRATION-ACCOUNT-BINDING
URL 	 	 : http://ue-dev.bankdki.co.id/api/transactionservice/transaction/cashin 
Header 	 	 : {"Content-Type":["Application/JSON"],"channelRequest":["MARTIPAY"]} 
QueryParam 	 : [] 
Request 	 : {"requestTime":"14:56:27","tokenAuthorization":"pw/hyLkFlQhdyq3DRvFdWw==","phoneNumber":"6285270196990","birthdate":"1998-08-30","channelRequest":"MARTIPAY","responseDescription":"Success","placeOrBirth":"Banda Aceh","stan":"123456","requestDate":"2024-01-30","fullName":"Kal Kausar","email":"kalkausar98@gmail.com","responseCode":"00"} 
Response 	 : Error : 400 : "{"errorCode":"44","sourceSystem":"DIWA-SVC","message":"ACCOUNT NOT FOUND","engMessage":"ACCOUNT NOT FOUND","idnMessage":"REKENING TIDAK DITEMUKAN","activityRefCode":"813246993450fa95"}" 

 =================================================================== 

18-03-2024 15:07:54.655 [main] INFO  bdki.project.ProjectApplication.logStarting - Starting ProjectApplication using Java 17.0.9 with PID 2528 (C:\Users\USER\Downloads\project\project\target\classes started by USER in C:\Users\USER\Downloads\project\project)
18-03-2024 15:07:54.655 [main] DEBUG bdki.project.ProjectApplication.logStarting - Running with Spring Boot v3.2.3, Spring v6.1.4
18-03-2024 15:07:54.659 [main] INFO  bdki.project.ProjectApplication.logStartupProfileInfo - The following 1 profile is active: "default"
18-03-2024 15:08:08.498 [main] INFO  bdki.project.ProjectApplication.logStarted - Started ProjectApplication in 15.131 seconds (process running for 16.737)
18-03-2024 15:08:23.425 [http-nio-8086-exec-1] INFO  b.project.publisher.RabbitMQProducer.sendMessage - Message sent -> {"channel":"MARTIPAY","notificationType":"REGISTRATION-ACCOUNT-BINDING","rawNotification":[{"url":"https://","bodyRequest":{"phoneNumber":"6285270196990","fullName":"Kal Kausar","birthdate":"1998-08-30","placeOrBirth":"Banda Aceh","email":"kalkausar98@gmail.com","channelRequest":"MARTIPAY","stan":"123456","requestDate":"2024-01-30","requestTime":"14:56:27","tokenAuthorization":"pw/hyLkFlQhdyq3DRvFdWw==","responseCode":"00","responseDescription":"Success"},"header":[{"key":"Content-Type","value":"Application/JSON"},{"key":"channelRequest","value":"MARTIPAY"}],"requestParams":[{"key":"id","value":"2"},{"key":"name","value":"kalkausar"}]}]}
18-03-2024 15:08:41.579 [http-nio-8086-exec-1] INFO  b.project.consumer.RabbitMQConsumer.consume - received message : {"channel":"MARTIPAY","notificationType":"REGISTRATION-ACCOUNT-BINDING","rawNotification":[{"url":"https://","bodyRequest":{"phoneNumber":"6285270196990","fullName":"Kal Kausar","birthdate":"1998-08-30","placeOrBirth":"Banda Aceh","email":"kalkausar98@gmail.com","channelRequest":"MARTIPAY","stan":"123456","requestDate":"2024-01-30","requestTime":"14:56:27","tokenAuthorization":"pw/hyLkFlQhdyq3DRvFdWw==","responseCode":"00","responseDescription":"Success"},"header":[{"key":"Content-Type","value":"Application/JSON"},{"key":"channelRequest","value":"MARTIPAY"}],"requestParams":[{"key":"id","value":"2"},{"key":"name","value":"kalkausar"}]}]}
18-03-2024 15:09:42.280 [http-nio-8086-exec-1] INFO  b.project.consumer.RabbitMQConsumer.postApiCallback - 
 =================================================================== 

Access Rabbit MQ Consumer REGISTRATION-ACCOUNT-BINDING
URL 	 	 : http://ue-dev.bankdki.co.id/api/transactionservice/transaction/cashin 
Header 	 	 : {"Content-Type":["Application/JSON"],"channelRequest":["MARTIPAY"]} 
QueryParam 	 : [] 
Request 	 : {"requestTime":"14:56:27","tokenAuthorization":"pw/hyLkFlQhdyq3DRvFdWw==","phoneNumber":"6285270196990","birthdate":"1998-08-30","channelRequest":"MARTIPAY","responseDescription":"Success","placeOrBirth":"Banda Aceh","stan":"123456","requestDate":"2024-01-30","fullName":"Kal Kausar","email":"kalkausar98@gmail.com","responseCode":"00"} 
Response 	 : Error : 400 : "{"errorCode":"44","sourceSystem":"DIWA-SVC","message":"ACCOUNT NOT FOUND","engMessage":"ACCOUNT NOT FOUND","idnMessage":"REKENING TIDAK DITEMUKAN","activityRefCode":"096a59a391b9f50b"}" 

 =================================================================== 

18-03-2024 15:10:14.195 [main] INFO  bdki.project.ProjectApplication.logStarting - Starting ProjectApplication using Java 17.0.9 with PID 19424 (C:\Users\USER\Downloads\project\project\target\classes started by USER in C:\Users\USER\Downloads\project\project)
18-03-2024 15:10:14.195 [main] DEBUG bdki.project.ProjectApplication.logStarting - Running with Spring Boot v3.2.3, Spring v6.1.4
18-03-2024 15:10:14.205 [main] INFO  bdki.project.ProjectApplication.logStartupProfileInfo - The following 1 profile is active: "default"
18-03-2024 15:10:27.145 [main] INFO  bdki.project.ProjectApplication.logStarted - Started ProjectApplication in 14.83 seconds (process running for 17.192)
18-03-2024 15:11:06.326 [http-nio-8086-exec-1] INFO  b.project.publisher.RabbitMQProducer.sendMessage - Message sent -> {"channel":"MARTIPAY","notificationType":"REGISTRATION-ACCOUNT-BINDING","rawNotification":[{"url":"https://","bodyRequest":{"phoneNumber":"6285270196990","fullName":"Kal Kausar","birthdate":"1998-08-30","placeOrBirth":"Banda Aceh","email":"kalkausar98@gmail.com","channelRequest":"MARTIPAY","stan":"123456","requestDate":"2024-01-30","requestTime":"14:56:27","tokenAuthorization":"pw/hyLkFlQhdyq3DRvFdWw==","responseCode":"00","responseDescription":"Success"},"header":[{"key":"Content-Type","value":"Application/JSON"},{"key":"channelRequest","value":"MARTIPAY"}],"requestParams":[{"key":"id","value":"2"},{"key":"name","value":"kalkausar"}]}]}
18-03-2024 15:11:27.377 [http-nio-8086-exec-1] INFO  b.project.consumer.RabbitMQConsumer.consume - received message : {"channel":"MARTIPAY","notificationType":"REGISTRATION-ACCOUNT-BINDING","rawNotification":[{"url":"https://","bodyRequest":{"phoneNumber":"6285270196990","fullName":"Kal Kausar","birthdate":"1998-08-30","placeOrBirth":"Banda Aceh","email":"kalkausar98@gmail.com","channelRequest":"MARTIPAY","stan":"123456","requestDate":"2024-01-30","requestTime":"14:56:27","tokenAuthorization":"pw/hyLkFlQhdyq3DRvFdWw==","responseCode":"00","responseDescription":"Success"},"header":[{"key":"Content-Type","value":"Application/JSON"},{"key":"channelRequest","value":"MARTIPAY"}],"requestParams":[{"key":"id","value":"2"},{"key":"name","value":"kalkausar"}]}]}
18-03-2024 15:11:45.295 [http-nio-8086-exec-1] INFO  b.project.consumer.RabbitMQConsumer.postApiCallback - 
 =================================================================== 

Access Rabbit MQ Consumer REGISTRATION-ACCOUNT-BINDING
URL 	 	 : http://ue-dev.bankdki.co.id/api/transactionservice/transaction/cashin 
Header 	 	 : {"Content-Type":["Application/JSON"],"channelRequest":["MARTIPAY"]} 
QueryParam 	 : [] 
Request 	 : {"requestTime":"14:56:27","tokenAuthorization":"pw/hyLkFlQhdyq3DRvFdWw==","phoneNumber":"6285270196990","birthdate":"1998-08-30","channelRequest":"MARTIPAY","responseDescription":"Success","placeOrBirth":"Banda Aceh","stan":"123456","requestDate":"2024-01-30","fullName":"Kal Kausar","email":"kalkausar98@gmail.com","responseCode":"00"} 
Response 	 : Error : 400 : "{"errorCode":"44","sourceSystem":"DIWA-SVC","message":"ACCOUNT NOT FOUND","engMessage":"ACCOUNT NOT FOUND","idnMessage":"REKENING TIDAK DITEMUKAN","activityRefCode":"e55b3f5f7e24a521"}" 

 =================================================================== 

18-03-2024 15:11:56.950 [http-nio-8086-exec-1] INFO  b.project.consumer.RabbitMQConsumer.postApiCallback - 
 =================================================================== 

Access Rabbit MQ Consumer REGISTRATION-ACCOUNT-BINDING
URL 	 	 :  
Header 	 	 : {} 
QueryParam 	 : [] 
Request 	 : {} 
Response 	 : Error : JSONObject["bodyRequest"] not found. 

 =================================================================== 

18-03-2024 15:13:06.795 [main] INFO  bdki.project.ProjectApplication.logStarting - Starting ProjectApplication using Java 17.0.9 with PID 21744 (C:\Users\USER\Downloads\project\project\target\classes started by USER in C:\Users\USER\Downloads\project\project)
18-03-2024 15:13:06.795 [main] DEBUG bdki.project.ProjectApplication.logStarting - Running with Spring Boot v3.2.3, Spring v6.1.4
18-03-2024 15:13:06.800 [main] INFO  bdki.project.ProjectApplication.logStartupProfileInfo - The following 1 profile is active: "default"
18-03-2024 15:13:18.267 [main] INFO  bdki.project.ProjectApplication.logStarted - Started ProjectApplication in 12.931 seconds (process running for 14.441)
18-03-2024 15:14:01.685 [http-nio-8086-exec-1] INFO  b.project.publisher.RabbitMQProducer.sendMessage - Message sent -> {"channel":"MARTIPAY","notificationType":"REGISTRATION-ACCOUNT-BINDING","rawNotification":[{"url":"https://","bodyRequest":{"phoneNumber":"6285270196990","fullName":"Kal Kausar","birthdate":"1998-08-30","placeOrBirth":"Banda Aceh","email":"kalkausar98@gmail.com","channelRequest":"MARTIPAY","stan":"123456","requestDate":"2024-01-30","requestTime":"14:56:27","tokenAuthorization":"pw/hyLkFlQhdyq3DRvFdWw==","responseCode":"00","responseDescription":"Success"},"header":[{"key":"Content-Type","value":"Application/JSON"},{"key":"channelRequest","value":"MARTIPAY"}],"requestParams":[{"key":"id","value":"2"},{"key":"name","value":"kalkausar"}]}]}
18-03-2024 15:14:20.869 [http-nio-8086-exec-1] INFO  b.project.consumer.RabbitMQConsumer.consume - received message : {"channel":"MARTIPAY","notificationType":"REGISTRATION-ACCOUNT-BINDING","rawNotification":[{"url":"https://","bodyRequest":{"phoneNumber":"6285270196990","fullName":"Kal Kausar","birthdate":"1998-08-30","placeOrBirth":"Banda Aceh","email":"kalkausar98@gmail.com","channelRequest":"MARTIPAY","stan":"123456","requestDate":"2024-01-30","requestTime":"14:56:27","tokenAuthorization":"pw/hyLkFlQhdyq3DRvFdWw==","responseCode":"00","responseDescription":"Success"},"header":[{"key":"Content-Type","value":"Application/JSON"},{"key":"channelRequest","value":"MARTIPAY"}],"requestParams":[{"key":"id","value":"2"},{"key":"name","value":"kalkausar"}]}]}
18-03-2024 15:16:54.384 [http-nio-8086-exec-1] INFO  b.project.consumer.RabbitMQConsumer.postApiCallback - 
 =================================================================== 

Access Rabbit MQ Consumer REGISTRATION-ACCOUNT-BINDING
URL 	 	 : http://ue-dev.bankdki.co.id/api/transactionservice/transaction/cashin 
Header 	 	 : {"Content-Type":["Application/JSON"],"channelRequest":["MARTIPAY"]} 
QueryParam 	 : [] 
Request 	 : {"requestTime":"14:56:27","tokenAuthorization":"pw/hyLkFlQhdyq3DRvFdWw==","phoneNumber":"6285270196990","birthdate":"1998-08-30","channelRequest":"MARTIPAY","responseDescription":"Success","placeOrBirth":"Banda Aceh","stan":"123456","requestDate":"2024-01-30","fullName":"Kal Kausar","email":"kalkausar98@gmail.com","responseCode":"00"} 
Response 	 : Error : 400 : "{"errorCode":"44","sourceSystem":"DIWA-SVC","message":"ACCOUNT NOT FOUND","engMessage":"ACCOUNT NOT FOUND","idnMessage":"REKENING TIDAK DITEMUKAN","activityRefCode":"a34a0cb0e4a88fdf"}" 

 =================================================================== 

18-03-2024 15:21:22.673 [main] INFO  bdki.project.ProjectApplication.logStarting - Starting ProjectApplication using Java 17.0.9 with PID 12036 (C:\Users\USER\Downloads\project\project\target\classes started by USER in C:\Users\USER\Downloads\project\project)
18-03-2024 15:21:22.673 [main] DEBUG bdki.project.ProjectApplication.logStarting - Running with Spring Boot v3.2.3, Spring v6.1.4
18-03-2024 15:21:22.673 [main] INFO  bdki.project.ProjectApplication.logStartupProfileInfo - The following 1 profile is active: "default"
18-03-2024 15:21:37.053 [main] INFO  bdki.project.ProjectApplication.logStarted - Started ProjectApplication in 16.145 seconds (process running for 17.589)
18-03-2024 15:21:54.863 [http-nio-8086-exec-1] INFO  b.project.publisher.RabbitMQProducer.sendMessage - Message sent -> {"channel":"MARTIPAY","notificationType":"REGISTRATION-ACCOUNT-BINDING","rawNotification":[{"url":"https://","bodyRequest":{"phoneNumber":"6285270196990","fullName":"Kal Kausar","birthdate":"1998-08-30","placeOrBirth":"Banda Aceh","email":"kalkausar98@gmail.com","channelRequest":"MARTIPAY","stan":"123456","requestDate":"2024-01-30","requestTime":"14:56:27","tokenAuthorization":"pw/hyLkFlQhdyq3DRvFdWw==","responseCode":"00","responseDescription":"Success"},"header":[{"key":"Content-Type","value":"Application/JSON"},{"key":"channelRequest","value":"MARTIPAY"}],"requestParams":[{"key":"id","value":"2"},{"key":"name","value":"kalkausar"}]}]}
18-03-2024 15:22:16.503 [http-nio-8086-exec-1] INFO  b.project.consumer.RabbitMQConsumer.consume - received message : {"channel":"MARTIPAY","notificationType":"REGISTRATION-ACCOUNT-BINDING","rawNotification":[{"url":"https://","bodyRequest":{"phoneNumber":"6285270196990","fullName":"Kal Kausar","birthdate":"1998-08-30","placeOrBirth":"Banda Aceh","email":"kalkausar98@gmail.com","channelRequest":"MARTIPAY","stan":"123456","requestDate":"2024-01-30","requestTime":"14:56:27","tokenAuthorization":"pw/hyLkFlQhdyq3DRvFdWw==","responseCode":"00","responseDescription":"Success"},"header":[{"key":"Content-Type","value":"Application/JSON"},{"key":"channelRequest","value":"MARTIPAY"}],"requestParams":[{"key":"id","value":"2"},{"key":"name","value":"kalkausar"}]}]}
18-03-2024 15:23:22.713 [http-nio-8086-exec-1] INFO  b.project.consumer.RabbitMQConsumer.postApiCallback - 
 =================================================================== 

Access Rabbit MQ Consumer REGISTRATION-ACCOUNT-BINDING
URL 	 	 : http://ue-dev.bankdki.co.id/api/transactionservice/transaction/cashin 
Header 	 	 : {"Content-Type":["Application/JSON"],"channelRequest":["MARTIPAY"]} 
QueryParam 	 : [] 
Request 	 : {"requestTime":"14:56:27","tokenAuthorization":"pw/hyLkFlQhdyq3DRvFdWw==","phoneNumber":"6285270196990","birthdate":"1998-08-30","channelRequest":"MARTIPAY","responseDescription":"Success","placeOrBirth":"Banda Aceh","stan":"123456","requestDate":"2024-01-30","fullName":"Kal Kausar","email":"kalkausar98@gmail.com","responseCode":"00"} 
Response 	 : Error : 400 : "{"errorCode":"44","sourceSystem":"DIWA-SVC","message":"ACCOUNT NOT FOUND","engMessage":"ACCOUNT NOT FOUND","idnMessage":"REKENING TIDAK DITEMUKAN","activityRefCode":"7163cf9704fc2868"}" 

 =================================================================== 

18-03-2024 15:45:40.940 [main] INFO  b.project.ProjectApplicationTests.logStarting - Starting ProjectApplicationTests using Java 17.0.9 with PID 19312 (started by USER in C:\Users\USER\Downloads\project\project)
18-03-2024 15:45:40.940 [main] DEBUG b.project.ProjectApplicationTests.logStarting - Running with Spring Boot v3.2.3, Spring v6.1.4
18-03-2024 15:45:40.940 [main] INFO  b.project.ProjectApplicationTests.logStartupProfileInfo - The following 1 profile is active: "default"
18-03-2024 15:45:57.120 [main] INFO  b.project.ProjectApplicationTests.logStarted - Started ProjectApplicationTests in 17.992 seconds (process running for 21.213)
18-03-2024 15:46:18.428 [main] INFO  bdki.project.ProjectApplication.logStarting - Starting ProjectApplication using Java 17.0.9 with PID 13828 (C:\Users\USER\Downloads\project\project\target\classes started by USER in C:\Users\USER\Downloads\project\project)
18-03-2024 15:46:18.433 [main] DEBUG bdki.project.ProjectApplication.logStarting - Running with Spring Boot v3.2.3, Spring v6.1.4
18-03-2024 15:46:18.436 [main] INFO  bdki.project.ProjectApplication.logStartupProfileInfo - The following 1 profile is active: "default"
18-03-2024 15:46:34.062 [main] INFO  bdki.project.ProjectApplication.logStarted - Started ProjectApplication in 16.857 seconds (process running for 18.143)
18-03-2024 15:47:10.577 [http-nio-8086-exec-2] INFO  b.project.publisher.RabbitMQProducer.sendMessage - Message sent -> {"channel":"MARTIPAY","notificationType":"REGISTRATION-ACCOUNT-BINDING","rawNotification":[{"url":"https://","bodyRequest":{"phoneNumber":"6285270196990","fullName":"Kal Kausar","birthdate":"1998-08-30","placeOrBirth":"Banda Aceh","email":"kalkausar98@gmail.com","channelRequest":"MARTIPAY","stan":"123456","requestDate":"2024-01-30","requestTime":"14:56:27","tokenAuthorization":"pw/hyLkFlQhdyq3DRvFdWw==","responseCode":"00","responseDescription":"Success"},"header":[{"key":"Content-Type","value":"Application/JSON"},{"key":"channelRequest","value":"MARTIPAY"}],"requestParams":[{"key":"id","value":"2"},{"key":"name","value":"kalkausar"}]}]}
18-03-2024 15:47:27.756 [http-nio-8086-exec-2] INFO  b.project.consumer.RabbitMQConsumer.consume - received message : {"channel":"MARTIPAY","notificationType":"REGISTRATION-ACCOUNT-BINDING","rawNotification":[{"url":"https://","bodyRequest":{"phoneNumber":"6285270196990","fullName":"Kal Kausar","birthdate":"1998-08-30","placeOrBirth":"Banda Aceh","email":"kalkausar98@gmail.com","channelRequest":"MARTIPAY","stan":"123456","requestDate":"2024-01-30","requestTime":"14:56:27","tokenAuthorization":"pw/hyLkFlQhdyq3DRvFdWw==","responseCode":"00","responseDescription":"Success"},"header":[{"key":"Content-Type","value":"Application/JSON"},{"key":"channelRequest","value":"MARTIPAY"}],"requestParams":[{"key":"id","value":"2"},{"key":"name","value":"kalkausar"}]}]}
18-03-2024 15:47:54.194 [http-nio-8086-exec-2] INFO  b.project.consumer.RabbitMQConsumer.postApiCallback - 
 =================================================================== 

Access Rabbit MQ Consumer REGISTRATION-ACCOUNT-BINDING
URL 	 	 : http://ue-dev.bankdki.co.id/api/transactionservice/transaction/cashin 
Header 	 	 : {"Content-Type":["Application/JSON"],"channelRequest":["MARTIPAY"]} 
QueryParam 	 : [] 
Request 	 : {"requestTime":"14:56:27","tokenAuthorization":"pw/hyLkFlQhdyq3DRvFdWw==","phoneNumber":"6285270196990","birthdate":"1998-08-30","channelRequest":"MARTIPAY","responseDescription":"Success","placeOrBirth":"Banda Aceh","stan":"123456","requestDate":"2024-01-30","fullName":"Kal Kausar","email":"kalkausar98@gmail.com","responseCode":"00"} 
Response 	 : Error : 400 : "{"errorCode":"44","sourceSystem":"DIWA-SVC","message":"ACCOUNT NOT FOUND","engMessage":"ACCOUNT NOT FOUND","idnMessage":"REKENING TIDAK DITEMUKAN","activityRefCode":"10f98ae8640ee01c"}" 

 =================================================================== 

18-03-2024 15:48:32.518 [main] INFO  bdki.project.ProjectApplication.logStarting - Starting ProjectApplication using Java 17.0.9 with PID 18372 (C:\Users\USER\Downloads\project\project\target\classes started by USER in C:\Users\USER\Downloads\project\project)
18-03-2024 15:48:32.520 [main] DEBUG bdki.project.ProjectApplication.logStarting - Running with Spring Boot v3.2.3, Spring v6.1.4
18-03-2024 15:48:32.522 [main] INFO  bdki.project.ProjectApplication.logStartupProfileInfo - The following 1 profile is active: "default"
18-03-2024 15:48:51.262 [main] INFO  bdki.project.ProjectApplication.logStarted - Started ProjectApplication in 19.946 seconds (process running for 21.443)
18-03-2024 15:49:50.091 [http-nio-8086-exec-1] INFO  b.project.publisher.RabbitMQProducer.sendMessage - Message sent -> {"channel":"MARTIPAY","notificationType":"REGISTRATION-ACCOUNT-BINDING","rawNotification":[{"url":"https://","bodyRequest":{"phoneNumber":"6285270196990","fullName":"Kal Kausar","birthdate":"1998-08-30","placeOrBirth":"Banda Aceh","email":"kalkausar98@gmail.com","channelRequest":"MARTIPAY","stan":"123456","requestDate":"2024-01-30","requestTime":"14:56:27","tokenAuthorization":"pw/hyLkFlQhdyq3DRvFdWw==","responseCode":"00","responseDescription":"Success"},"header":[{"key":"Content-Type","value":"Application/JSON"},{"key":"channelRequest","value":"MARTIPAY"}],"requestParams":[{"key":"id","value":"2"},{"key":"name","value":"kalkausar"}]}]}
18-03-2024 15:50:09.128 [http-nio-8086-exec-1] INFO  b.project.consumer.RabbitMQConsumer.consume - received message : {"channel":"MARTIPAY","notificationType":"REGISTRATION-ACCOUNT-BINDING","rawNotification":[{"url":"https://","bodyRequest":{"phoneNumber":"6285270196990","fullName":"Kal Kausar","birthdate":"1998-08-30","placeOrBirth":"Banda Aceh","email":"kalkausar98@gmail.com","channelRequest":"MARTIPAY","stan":"123456","requestDate":"2024-01-30","requestTime":"14:56:27","tokenAuthorization":"pw/hyLkFlQhdyq3DRvFdWw==","responseCode":"00","responseDescription":"Success"},"header":[{"key":"Content-Type","value":"Application/JSON"},{"key":"channelRequest","value":"MARTIPAY"}],"requestParams":[{"key":"id","value":"2"},{"key":"name","value":"kalkausar"}]}]}
18-03-2024 15:51:12.789 [http-nio-8086-exec-1] INFO  b.project.consumer.RabbitMQConsumer.postApiCallback - 
 =================================================================== 

Access Rabbit MQ Consumer REGISTRATION-ACCOUNT-BINDING
URL 	 	 : http://ue-dev.bankdki.co.id/api/transactionservice/transaction/cashin 
Header 	 	 : {"Content-Type":["Application/JSON"],"channelRequest":["MARTIPAY"]} 
QueryParam 	 : [] 
Request 	 : {"requestTime":"14:56:27","tokenAuthorization":"pw/hyLkFlQhdyq3DRvFdWw==","phoneNumber":"6285270196990","birthdate":"1998-08-30","channelRequest":"MARTIPAY","responseDescription":"Success","placeOrBirth":"Banda Aceh","stan":"123456","requestDate":"2024-01-30","fullName":"Kal Kausar","email":"kalkausar98@gmail.com","responseCode":"00"} 
Response 	 : Error : 400 : "{"errorCode":"44","sourceSystem":"DIWA-SVC","message":"ACCOUNT NOT FOUND","engMessage":"ACCOUNT NOT FOUND","idnMessage":"REKENING TIDAK DITEMUKAN","activityRefCode":"adf29604dcd67823"}" 

 =================================================================== 

18-03-2024 15:52:28.120 [main] INFO  bdki.project.ProjectApplication.logStarting - Starting ProjectApplication using Java 17.0.9 with PID 15516 (C:\Users\USER\Downloads\project\project\target\classes started by USER in C:\Users\USER\Downloads\project\project)
18-03-2024 15:52:28.122 [main] DEBUG bdki.project.ProjectApplication.logStarting - Running with Spring Boot v3.2.3, Spring v6.1.4
18-03-2024 15:52:28.125 [main] INFO  bdki.project.ProjectApplication.logStartupProfileInfo - The following 1 profile is active: "default"
18-03-2024 15:52:40.154 [main] INFO  bdki.project.ProjectApplication.logStarted - Started ProjectApplication in 13.215 seconds (process running for 14.487)
18-03-2024 15:54:35.781 [http-nio-8086-exec-1] INFO  b.project.publisher.RabbitMQProducer.sendMessage - Message sent -> {"channel":"MARTIPAY","notificationType":"REGISTRATION-ACCOUNT-BINDING","rawNotification":[{"url":"https://","bodyRequest":{"phoneNumber":"6285270196990","fullName":"Kal Kausar","birthdate":"1998-08-30","placeOrBirth":"Banda Aceh","email":"kalkausar98@gmail.com","channelRequest":"MARTIPAY","stan":"123456","requestDate":"2024-01-30","requestTime":"14:56:27","tokenAuthorization":"pw/hyLkFlQhdyq3DRvFdWw==","responseCode":"00","responseDescription":"Success"},"header":[{"key":"Content-Type","value":"Application/JSON"},{"key":"channelRequest","value":"MARTIPAY"}],"requestParams":[{"key":"id","value":"2"},{"key":"name","value":"kalkausar"}]}]}
18-03-2024 15:54:49.676 [http-nio-8086-exec-1] INFO  b.project.consumer.RabbitMQConsumer.consume - received message : {"channel":"MARTIPAY","notificationType":"REGISTRATION-ACCOUNT-BINDING","rawNotification":[{"url":"https://","bodyRequest":{"phoneNumber":"6285270196990","fullName":"Kal Kausar","birthdate":"1998-08-30","placeOrBirth":"Banda Aceh","email":"kalkausar98@gmail.com","channelRequest":"MARTIPAY","stan":"123456","requestDate":"2024-01-30","requestTime":"14:56:27","tokenAuthorization":"pw/hyLkFlQhdyq3DRvFdWw==","responseCode":"00","responseDescription":"Success"},"header":[{"key":"Content-Type","value":"Application/JSON"},{"key":"channelRequest","value":"MARTIPAY"}],"requestParams":[{"key":"id","value":"2"},{"key":"name","value":"kalkausar"}]}]}
18-03-2024 15:56:06.501 [http-nio-8086-exec-1] INFO  b.project.consumer.RabbitMQConsumer.postApiCallback - 
 =================================================================== 

Access Rabbit MQ Consumer REGISTRATION-ACCOUNT-BINDING
URL 	 	 : http://ue-dev.bankdki.co.id/api/transactionservice/transaction/cashin 
Header 	 	 : {"Content-Type":["Application/JSON"],"channelRequest":["MARTIPAY"]} 
QueryParam 	 : [] 
Request 	 : {"requestTime":"14:56:27","tokenAuthorization":"pw/hyLkFlQhdyq3DRvFdWw==","phoneNumber":"6285270196990","birthdate":"1998-08-30","channelRequest":"MARTIPAY","responseDescription":"Success","placeOrBirth":"Banda Aceh","stan":"123456","requestDate":"2024-01-30","fullName":"Kal Kausar","email":"kalkausar98@gmail.com","responseCode":"00"} 
Response 	 : Error : 400 : "{"errorCode":"44","sourceSystem":"DIWA-SVC","message":"ACCOUNT NOT FOUND","engMessage":"ACCOUNT NOT FOUND","idnMessage":"REKENING TIDAK DITEMUKAN","activityRefCode":"6a5a8356089a6632"}" 

 =================================================================== 

