13-03-2024 09:48:43.309 [main] INFO  b.project.ProjectApplicationTests.logStarting - Starting ProjectApplicationTests using Java 17.0.9 with PID 20148 (started by USER in C:\Users\USER\Downloads\project\project)
13-03-2024 09:48:43.311 [main] DEBUG b.project.ProjectApplicationTests.logStarting - Running with Spring Boot v3.2.3, Spring v6.1.4
13-03-2024 09:48:43.311 [main] INFO  b.project.ProjectApplicationTests.logStartupProfileInfo - The following 1 profile is active: "default"
13-03-2024 09:49:00.507 [main] INFO  b.project.ProjectApplicationTests.logStarted - Started ProjectApplicationTests in 18.679 seconds (process running for 21.623)
13-03-2024 09:50:14.407 [main] INFO  bdki.project.ProjectApplication.logStarting - Starting ProjectApplication using Java 17.0.9 with PID 3352 (C:\Users\USER\Downloads\project\project\target\classes started by USER in C:\Users\USER\Downloads\project\project)
13-03-2024 09:50:14.461 [main] DEBUG bdki.project.ProjectApplication.logStarting - Running with Spring Boot v3.2.3, Spring v6.1.4
13-03-2024 09:50:14.482 [main] INFO  bdki.project.ProjectApplication.logStartupProfileInfo - The following 1 profile is active: "default"
13-03-2024 09:50:24.017 [main] INFO  bdki.project.ProjectApplication.logStarted - Started ProjectApplication in 11.348 seconds (process running for 12.13)
13-03-2024 09:59:05.794 [main] INFO  bdki.project.ProjectApplication.logStarting - Starting ProjectApplication using Java 17.0.9 with PID 14788 (C:\Users\USER\Downloads\project\project\target\classes started by USER in C:\Users\USER\Downloads\project\project)
13-03-2024 09:59:05.794 [main] DEBUG bdki.project.ProjectApplication.logStarting - Running with Spring Boot v3.2.3, Spring v6.1.4
13-03-2024 09:59:05.794 [main] INFO  bdki.project.ProjectApplication.logStartupProfileInfo - The following 1 profile is active: "default"
13-03-2024 09:59:15.394 [main] INFO  bdki.project.ProjectApplication.logStarted - Started ProjectApplication in 10.78 seconds (process running for 11.657)
13-03-2024 10:01:07.534 [main] INFO  bdki.project.ProjectApplication.logStarting - Starting ProjectApplication using Java 17.0.9 with PID 19772 (C:\Users\USER\Downloads\project\project\target\classes started by USER in C:\Users\USER\Downloads\project\project)
13-03-2024 10:01:07.534 [main] DEBUG bdki.project.ProjectApplication.logStarting - Running with Spring Boot v3.2.3, Spring v6.1.4
13-03-2024 10:01:07.538 [main] INFO  bdki.project.ProjectApplication.logStartupProfileInfo - The following 1 profile is active: "default"
13-03-2024 10:01:17.786 [main] INFO  bdki.project.ProjectApplication.logStarted - Started ProjectApplication in 11.649 seconds (process running for 12.319)
13-03-2024 10:02:47.683 [main] INFO  bdki.project.ProjectApplication.logStarting - Starting ProjectApplication using Java 17.0.9 with PID 14684 (C:\Users\USER\Downloads\project\project\target\classes started by USER in C:\Users\USER\Downloads\project\project)
13-03-2024 10:02:47.686 [main] DEBUG bdki.project.ProjectApplication.logStarting - Running with Spring Boot v3.2.3, Spring v6.1.4
13-03-2024 10:02:47.688 [main] INFO  bdki.project.ProjectApplication.logStartupProfileInfo - The following 1 profile is active: "default"
13-03-2024 10:02:54.909 [main] INFO  bdki.project.ProjectApplication.logStarted - Started ProjectApplication in 8.455 seconds (process running for 9.237)
13-03-2024 10:04:26.268 [main] INFO  bdki.project.ProjectApplication.logStarting - Starting ProjectApplication using Java 17.0.9 with PID 18260 (C:\Users\USER\Downloads\project\project\target\classes started by USER in C:\Users\USER\Downloads\project\project)
13-03-2024 10:04:26.271 [main] DEBUG bdki.project.ProjectApplication.logStarting - Running with Spring Boot v3.2.3, Spring v6.1.4
13-03-2024 10:04:26.273 [main] INFO  bdki.project.ProjectApplication.logStartupProfileInfo - The following 1 profile is active: "default"
13-03-2024 10:04:35.969 [main] INFO  bdki.project.ProjectApplication.logStarted - Started ProjectApplication in 11.849 seconds (process running for 13.096)
13-03-2024 10:07:50.686 [http-nio-8080-exec-2] INFO  b.project.services.RabbitMQProducer.sendMessage - Message sent -> sample message
13-03-2024 11:39:50.386 [main] INFO  b.project.ProjectApplicationTests.logStarting - Starting ProjectApplicationTests using Java 17.0.9 with PID 15668 (started by USER in C:\Users\USER\Downloads\project\project)
13-03-2024 11:39:50.390 [main] DEBUG b.project.ProjectApplicationTests.logStarting - Running with Spring Boot v3.2.3, Spring v6.1.4
13-03-2024 11:39:50.392 [main] INFO  b.project.ProjectApplicationTests.logStartupProfileInfo - The following 1 profile is active: "default"
13-03-2024 11:42:02.334 [main] INFO  b.project.ProjectApplicationTests.logStarting - Starting ProjectApplicationTests using Java 17.0.9 with PID 20588 (started by USER in C:\Users\USER\Downloads\project\project)
13-03-2024 11:42:02.337 [main] DEBUG b.project.ProjectApplicationTests.logStarting - Running with Spring Boot v3.2.3, Spring v6.1.4
13-03-2024 11:42:02.337 [main] INFO  b.project.ProjectApplicationTests.logStartupProfileInfo - The following 1 profile is active: "default"
13-03-2024 11:45:00.735 [main] INFO  b.project.ProjectApplicationTests.logStarting - Starting ProjectApplicationTests using Java 17.0.9 with PID 22008 (started by USER in C:\Users\USER\Downloads\project\project)
13-03-2024 11:45:00.740 [main] DEBUG b.project.ProjectApplicationTests.logStarting - Running with Spring Boot v3.2.3, Spring v6.1.4
13-03-2024 11:45:00.743 [main] INFO  b.project.ProjectApplicationTests.logStartupProfileInfo - The following 1 profile is active: "default"
13-03-2024 11:46:46.173 [main] INFO  b.project.ProjectApplicationTests.logStarting - Starting ProjectApplicationTests using Java 17.0.9 with PID 15660 (started by USER in C:\Users\USER\Downloads\project\project)
13-03-2024 11:46:46.178 [main] DEBUG b.project.ProjectApplicationTests.logStarting - Running with Spring Boot v3.2.3, Spring v6.1.4
13-03-2024 11:46:46.178 [main] INFO  b.project.ProjectApplicationTests.logStartupProfileInfo - The following 1 profile is active: "default"
13-03-2024 11:47:00.983 [main] INFO  b.project.ProjectApplicationTests.logStarted - Started ProjectApplicationTests in 16.306 seconds (process running for 19.942)
13-03-2024 11:58:09.807 [main] INFO  b.project.ProjectApplicationTests.logStarting - Starting ProjectApplicationTests using Java 17.0.9 with PID 10964 (started by USER in C:\Users\USER\Downloads\project\project)
13-03-2024 11:58:09.816 [main] DEBUG b.project.ProjectApplicationTests.logStarting - Running with Spring Boot v3.2.3, Spring v6.1.4
13-03-2024 11:58:09.820 [main] INFO  b.project.ProjectApplicationTests.logStartupProfileInfo - The following 1 profile is active: "default"
13-03-2024 11:58:31.627 [main] INFO  b.project.ProjectApplicationTests.logStarted - Started ProjectApplicationTests in 23.79 seconds (process running for 29.625)
13-03-2024 14:42:03.943 [main] INFO  b.project.ProjectApplicationTests.logStarting - Starting ProjectApplicationTests using Java 17.0.9 with PID 23328 (started by USER in C:\Users\USER\Downloads\project\project)
13-03-2024 14:42:03.963 [main] DEBUG b.project.ProjectApplicationTests.logStarting - Running with Spring Boot v3.2.3, Spring v6.1.4
13-03-2024 14:42:03.969 [main] INFO  b.project.ProjectApplicationTests.logStartupProfileInfo - The following 1 profile is active: "default"
13-03-2024 14:45:30.338 [main] INFO  b.project.ProjectApplicationTests.logStarting - Starting ProjectApplicationTests using Java 17.0.9 with PID 2380 (started by USER in C:\Users\USER\Downloads\project\project)
13-03-2024 14:45:30.338 [main] DEBUG b.project.ProjectApplicationTests.logStarting - Running with Spring Boot v3.2.3, Spring v6.1.4
13-03-2024 14:45:30.345 [main] INFO  b.project.ProjectApplicationTests.logStartupProfileInfo - The following 1 profile is active: "default"
13-03-2024 14:50:29.715 [main] INFO  b.project.ProjectApplicationTests.logStarting - Starting ProjectApplicationTests using Java 17.0.9 with PID 17188 (started by USER in C:\Users\USER\Downloads\project\project)
13-03-2024 14:50:29.719 [main] DEBUG b.project.ProjectApplicationTests.logStarting - Running with Spring Boot v3.2.3, Spring v6.1.4
13-03-2024 14:50:29.722 [main] INFO  b.project.ProjectApplicationTests.logStartupProfileInfo - The following 1 profile is active: "default"
13-03-2024 14:56:19.903 [main] INFO  b.project.ProjectApplicationTests.logStarting - Starting ProjectApplicationTests using Java 17.0.9 with PID 5188 (started by USER in C:\Users\USER\Downloads\project\project)
13-03-2024 14:56:19.903 [main] DEBUG b.project.ProjectApplicationTests.logStarting - Running with Spring Boot v3.2.3, Spring v6.1.4
13-03-2024 14:56:19.912 [main] INFO  b.project.ProjectApplicationTests.logStartupProfileInfo - The following 1 profile is active: "default"
13-03-2024 14:56:34.531 [main] INFO  b.project.ProjectApplicationTests.logStarted - Started ProjectApplicationTests in 15.939 seconds (process running for 19.387)
13-03-2024 14:58:41.271 [main] INFO  bdki.project.ProjectApplication.logStarting - Starting ProjectApplication using Java 17.0.9 with PID 7760 (C:\Users\USER\Downloads\project\project\target\classes started by USER in C:\Users\USER\Downloads\project\project)
13-03-2024 14:58:41.271 [main] DEBUG bdki.project.ProjectApplication.logStarting - Running with Spring Boot v3.2.3, Spring v6.1.4
13-03-2024 14:58:41.271 [main] INFO  bdki.project.ProjectApplication.logStartupProfileInfo - The following 1 profile is active: "default"
13-03-2024 15:00:29.763 [main] INFO  bdki.project.ProjectApplication.logStarting - Starting ProjectApplication using Java 17.0.9 with PID 10876 (C:\Users\USER\Downloads\project\project\target\classes started by USER in C:\Users\USER\Downloads\project\project)
13-03-2024 15:00:29.765 [main] DEBUG bdki.project.ProjectApplication.logStarting - Running with Spring Boot v3.2.3, Spring v6.1.4
13-03-2024 15:00:29.768 [main] INFO  bdki.project.ProjectApplication.logStartupProfileInfo - The following 1 profile is active: "default"
13-03-2024 15:03:14.960 [main] INFO  bdki.project.ProjectApplication.logStarting - Starting ProjectApplication using Java 17.0.9 with PID 21064 (C:\Users\USER\Downloads\project\project\target\classes started by USER in C:\Users\USER\Downloads\project\project)
13-03-2024 15:03:14.960 [main] DEBUG bdki.project.ProjectApplication.logStarting - Running with Spring Boot v3.2.3, Spring v6.1.4
13-03-2024 15:03:14.960 [main] INFO  bdki.project.ProjectApplication.logStartupProfileInfo - The following 1 profile is active: "default"
13-03-2024 15:03:37.401 [main] INFO  bdki.project.ProjectApplication.logStarted - Started ProjectApplication in 23.725 seconds (process running for 24.69)
13-03-2024 15:09:26.102 [main] INFO  b.project.ProjectApplicationTests.logStarting - Starting ProjectApplicationTests using Java 17.0.9 with PID 4724 (started by USER in C:\Users\USER\Downloads\project\project)
13-03-2024 15:09:26.102 [main] DEBUG b.project.ProjectApplicationTests.logStarting - Running with Spring Boot v3.2.3, Spring v6.1.4
13-03-2024 15:09:26.110 [main] INFO  b.project.ProjectApplicationTests.logStartupProfileInfo - The following 1 profile is active: "default"
13-03-2024 15:14:25.648 [main] INFO  b.project.ProjectApplicationTests.logStarting - Starting ProjectApplicationTests using Java 17.0.9 with PID 11096 (started by USER in C:\Users\USER\Downloads\project\project)
13-03-2024 15:14:25.651 [main] DEBUG b.project.ProjectApplicationTests.logStarting - Running with Spring Boot v3.2.3, Spring v6.1.4
13-03-2024 15:14:25.654 [main] INFO  b.project.ProjectApplicationTests.logStartupProfileInfo - The following 1 profile is active: "default"
13-03-2024 15:20:28.292 [main] INFO  b.project.ProjectApplicationTests.logStarting - Starting ProjectApplicationTests using Java 17.0.9 with PID 18028 (started by USER in C:\Users\USER\Downloads\project\project)
13-03-2024 15:20:28.299 [main] DEBUG b.project.ProjectApplicationTests.logStarting - Running with Spring Boot v3.2.3, Spring v6.1.4
13-03-2024 15:20:28.314 [main] INFO  b.project.ProjectApplicationTests.logStartupProfileInfo - The following 1 profile is active: "default"
13-03-2024 15:31:03.184 [main] INFO  b.project.ProjectApplicationTests.logStarting - Starting ProjectApplicationTests using Java 17.0.9 with PID 17920 (started by USER in C:\Users\USER\Downloads\project\project)
13-03-2024 15:31:03.184 [main] DEBUG b.project.ProjectApplicationTests.logStarting - Running with Spring Boot v3.2.3, Spring v6.1.4
13-03-2024 15:31:03.192 [main] INFO  b.project.ProjectApplicationTests.logStartupProfileInfo - The following 1 profile is active: "default"
13-03-2024 18:39:46.642 [main] INFO  b.project.ProjectApplicationTests.logStarting - Starting ProjectApplicationTests using Java 17.0.9 with PID 11568 (started by USER in C:\Users\USER\Downloads\project\project)
13-03-2024 18:39:46.648 [main] DEBUG b.project.ProjectApplicationTests.logStarting - Running with Spring Boot v3.2.3, Spring v6.1.4
13-03-2024 18:39:46.654 [main] INFO  b.project.ProjectApplicationTests.logStartupProfileInfo - The following 1 profile is active: "default"
13-03-2024 19:28:11.869 [main] INFO  b.project.ProjectApplicationTests.logStarting - Starting ProjectApplicationTests using Java 17.0.9 with PID 6612 (started by USER in C:\Users\USER\Downloads\project\project)
13-03-2024 19:28:11.873 [main] DEBUG b.project.ProjectApplicationTests.logStarting - Running with Spring Boot v3.2.3, Spring v6.1.4
13-03-2024 19:28:11.879 [main] INFO  b.project.ProjectApplicationTests.logStartupProfileInfo - The following 1 profile is active: "default"
13-03-2024 19:32:36.615 [main] INFO  b.project.ProjectApplicationTests.logStarting - Starting ProjectApplicationTests using Java 17.0.9 with PID 19544 (started by USER in C:\Users\USER\Downloads\project\project)
13-03-2024 19:32:36.619 [main] DEBUG b.project.ProjectApplicationTests.logStarting - Running with Spring Boot v3.2.3, Spring v6.1.4
13-03-2024 19:32:36.623 [main] INFO  b.project.ProjectApplicationTests.logStartupProfileInfo - The following 1 profile is active: "default"
13-03-2024 19:32:52.782 [main] INFO  b.project.ProjectApplicationTests.logStarted - Started ProjectApplicationTests in 17.51 seconds (process running for 21.446)
13-03-2024 19:33:36.779 [main] INFO  bdki.project.ProjectApplication.logStarting - Starting ProjectApplication using Java 17.0.9 with PID 13328 (C:\Users\USER\Downloads\project\project\target\classes started by USER in C:\Users\USER\Downloads\project\project)
13-03-2024 19:33:36.779 [main] DEBUG bdki.project.ProjectApplication.logStarting - Running with Spring Boot v3.2.3, Spring v6.1.4
13-03-2024 19:33:36.783 [main] INFO  bdki.project.ProjectApplication.logStartupProfileInfo - The following 1 profile is active: "default"
13-03-2024 19:33:46.569 [main] INFO  bdki.project.ProjectApplication.logStarted - Started ProjectApplication in 11.5 seconds (process running for 12.359)
13-03-2024 19:34:50.759 [http-nio-8080-exec-2] ERROR bdki.project.services.UserServices.processUser - Error processing category payment: could not execute statement [ERROR: relation "schema_diwa_master_refs.tbl_category_payment" does not exist
  Position: 13] [insert into schema_diwa_master_refs.tbl_category_payment (additional_info,code,create_at,description,name,status,update_at) values (?,?,?,?,?,?,?)]; SQL [insert into schema_diwa_master_refs.tbl_category_payment (additional_info,code,create_at,description,name,status,update_at) values (?,?,?,?,?,?,?)]
13-03-2024 19:36:00.302 [main] INFO  bdki.project.ProjectApplication.logStarting - Starting ProjectApplication using Java 17.0.9 with PID 23216 (C:\Users\USER\Downloads\project\project\target\classes started by USER in C:\Users\USER\Downloads\project\project)
13-03-2024 19:36:00.304 [main] DEBUG bdki.project.ProjectApplication.logStarting - Running with Spring Boot v3.2.3, Spring v6.1.4
13-03-2024 19:36:00.306 [main] INFO  bdki.project.ProjectApplication.logStartupProfileInfo - The following 1 profile is active: "default"
13-03-2024 19:36:11.397 [main] INFO  bdki.project.ProjectApplication.logStarted - Started ProjectApplication in 12.578 seconds (process running for 13.552)
13-03-2024 19:39:47.238 [main] INFO  bdki.project.ProjectApplication.logStarting - Starting ProjectApplication using Java 17.0.9 with PID 24240 (C:\Users\USER\Downloads\project\project\target\classes started by USER in C:\Users\USER\Downloads\project\project)
13-03-2024 19:39:47.238 [main] DEBUG bdki.project.ProjectApplication.logStarting - Running with Spring Boot v3.2.3, Spring v6.1.4
13-03-2024 19:39:47.243 [main] INFO  bdki.project.ProjectApplication.logStartupProfileInfo - The following 1 profile is active: "default"
13-03-2024 19:39:57.573 [main] INFO  bdki.project.ProjectApplication.logStarted - Started ProjectApplication in 12.091 seconds (process running for 13.066)
13-03-2024 19:58:28.478 [main] INFO  bdki.project.ProjectApplication.logStarting - Starting ProjectApplication using Java 17.0.9 with PID 17760 (C:\Users\USER\Downloads\project\project\target\classes started by USER in C:\Users\USER\Downloads\project\project)
13-03-2024 19:58:28.486 [main] DEBUG bdki.project.ProjectApplication.logStarting - Running with Spring Boot v3.2.3, Spring v6.1.4
13-03-2024 19:58:28.486 [main] INFO  bdki.project.ProjectApplication.logStartupProfileInfo - The following 1 profile is active: "default"
13-03-2024 19:58:38.576 [main] INFO  bdki.project.ProjectApplication.logStarted - Started ProjectApplication in 11.23 seconds (process running for 12.199)
13-03-2024 19:58:51.282 [http-nio-8080-exec-1] INFO  b.project.services.RabbitMQProducer.sendMessage - Message sent -> Berhasil memproses Dewa Channel: User(id=1, name=kamu, description=Deskripsi, code=Kode, status=true, userInfo={"key1":"value1","key2":"value2"}, createAt=Wed Mar 13 19:58:51 WIB 2024, updateAt=Wed Mar 13 19:58:51 WIB 2024)
13-03-2024 19:59:03.876 [http-nio-8080-exec-1] ERROR bdki.project.services.UserServices.processUser - Error processing : java.io.IOException
13-03-2024 20:08:04.315 [main] INFO  bdki.project.ProjectApplication.logStarting - Starting ProjectApplication using Java 17.0.9 with PID 4352 (C:\Users\USER\Downloads\project\project\target\classes started by USER in C:\Users\USER\Downloads\project\project)
13-03-2024 20:08:04.315 [main] DEBUG bdki.project.ProjectApplication.logStarting - Running with Spring Boot v3.2.3, Spring v6.1.4
13-03-2024 20:08:04.315 [main] INFO  bdki.project.ProjectApplication.logStartupProfileInfo - The following 1 profile is active: "default"
13-03-2024 20:08:11.208 [main] INFO  bdki.project.ProjectApplication.logStarted - Started ProjectApplication in 7.812 seconds (process running for 8.515)
13-03-2024 20:08:18.380 [http-nio-8080-exec-2] INFO  b.project.services.RabbitMQProducer.sendMessage - Message sent -> Berhasil memproses Dewa Channel: User(id=1, name=kamu, description=Deskripsi, code=Kode, status=true, userInfo={"key1":"value1","key2":"value2"}, createAt=Wed Mar 13 20:08:18 WIB 2024, updateAt=Wed Mar 13 20:08:18 WIB 2024)
13-03-2024 20:08:30.612 [http-nio-8080-exec-2] ERROR bdki.project.services.UserServices.processUser - Error processing : java.io.IOException
13-03-2024 20:39:35.167 [main] INFO  bdki.project.ProjectApplication.logStarting - Starting ProjectApplication using Java 17.0.9 with PID 22976 (C:\Users\USER\Downloads\project\project\target\classes started by USER in C:\Users\USER\Downloads\project\project)
13-03-2024 20:39:35.167 [main] DEBUG bdki.project.ProjectApplication.logStarting - Running with Spring Boot v3.2.3, Spring v6.1.4
13-03-2024 20:39:35.167 [main] INFO  bdki.project.ProjectApplication.logStartupProfileInfo - The following 1 profile is active: "default"
13-03-2024 20:39:44.068 [main] INFO  bdki.project.ProjectApplication.logStarted - Started ProjectApplication in 10.317 seconds (process running for 11.295)
13-03-2024 20:39:52.738 [http-nio-8080-exec-1] INFO  b.project.services.RabbitMQProducer.sendMessage - Message sent -> Berhasil memproses Dewa Channel: User(id=1, name=kamu, description=Deskripsi, code=Kode, status=true, userInfo={"key1":"value1","key2":"value2"}, createAt=Wed Mar 13 20:39:52 WIB 2024, updateAt=Wed Mar 13 20:39:52 WIB 2024)
13-03-2024 20:39:52.778 [http-nio-8080-exec-1] ERROR bdki.project.services.UserServices.processUser - Error processing : java.net.ConnectException: Connection refused: no further information
13-03-2024 20:45:29.552 [main] INFO  b.project.ProjectApplicationTests.logStarting - Starting ProjectApplicationTests using Java 17.0.9 with PID 20168 (started by USER in C:\Users\USER\Downloads\project\project)
13-03-2024 20:45:29.556 [main] DEBUG b.project.ProjectApplicationTests.logStarting - Running with Spring Boot v3.2.3, Spring v6.1.4
13-03-2024 20:45:29.556 [main] INFO  b.project.ProjectApplicationTests.logStartupProfileInfo - The following 1 profile is active: "default"
13-03-2024 20:45:39.492 [main] INFO  b.project.ProjectApplicationTests.logStarted - Started ProjectApplicationTests in 10.965 seconds (process running for 13.58)
13-03-2024 20:46:30.214 [main] INFO  bdki.project.ProjectApplication.logStarting - Starting ProjectApplication using Java 17.0.9 with PID 18848 (C:\Users\USER\Downloads\project\project\target\classes started by USER in C:\Users\USER\Downloads\project\project)
13-03-2024 20:46:30.214 [main] DEBUG bdki.project.ProjectApplication.logStarting - Running with Spring Boot v3.2.3, Spring v6.1.4
13-03-2024 20:46:30.229 [main] INFO  bdki.project.ProjectApplication.logStartupProfileInfo - The following 1 profile is active: "default"
13-03-2024 20:46:40.440 [main] INFO  bdki.project.ProjectApplication.logStarted - Started ProjectApplication in 11.722 seconds (process running for 12.64)
13-03-2024 20:47:19.021 [http-nio-8080-exec-1] INFO  b.project.services.RabbitMQProducer.sendMessage - Message sent -> Berhasil memproses Dewa Channel: User(id=1, name=kamu, description=Deskripsi, code=Kode, status=true, userInfo={"key1":"value1","key2":"value2"}, createAt=Wed Mar 13 20:47:18 WIB 2024, updateAt=Wed Mar 13 20:47:18 WIB 2024)
13-03-2024 20:47:19.162 [http-nio-8080-exec-1] ERROR bdki.project.services.UserServices.processUser - Error processing : java.io.IOException
13-03-2024 20:50:40.861 [main] INFO  b.project.ProjectApplicationTests.logStarting - Starting ProjectApplicationTests using Java 17.0.9 with PID 21028 (started by USER in C:\Users\USER\Downloads\project\project)
13-03-2024 20:50:40.864 [main] DEBUG b.project.ProjectApplicationTests.logStarting - Running with Spring Boot v3.2.3, Spring v6.1.4
13-03-2024 20:50:40.866 [main] INFO  b.project.ProjectApplicationTests.logStartupProfileInfo - The following 1 profile is active: "default"
13-03-2024 20:50:52.563 [main] INFO  b.project.ProjectApplicationTests.logStarted - Started ProjectApplicationTests in 12.645 seconds (process running for 15.319)
13-03-2024 21:00:44.622 [main] INFO  bdki.project.ProjectApplication.logStarting - Starting ProjectApplication using Java 17.0.9 with PID 4456 (C:\Users\USER\Downloads\project\project\target\classes started by USER in C:\Users\USER\Downloads\project\project)
13-03-2024 21:00:44.639 [main] DEBUG bdki.project.ProjectApplication.logStarting - Running with Spring Boot v3.2.3, Spring v6.1.4
13-03-2024 21:00:44.655 [main] INFO  bdki.project.ProjectApplication.logStartupProfileInfo - The following 1 profile is active: "default"
13-03-2024 21:00:55.043 [main] INFO  bdki.project.ProjectApplication.logStarted - Started ProjectApplication in 11.945 seconds (process running for 12.717)
13-03-2024 21:01:12.681 [http-nio-8080-exec-2] INFO  b.project.services.RabbitMQProducer.sendMessage - Message sent -> Berhasil memproses Dewa Channel: User(id=1, name=kamu, description=Deskripsi, code=Kode, status=true, userInfo={"key1":"value1","key2":"value2"}, createAt=Wed Mar 13 21:01:12 WIB 2024, updateAt=Wed Mar 13 21:01:12 WIB 2024)
13-03-2024 21:01:12.901 [http-nio-8080-exec-2] ERROR bdki.project.services.UserServices.processUser - Error processing : java.io.IOException
13-03-2024 21:01:12.901 [http-nio-8080-exec-2] INFO  b.project.services.RabbitMQProducer.sendMessage - Message sent -> Failed to send to RabbitMQ: java.io.IOException
13-03-2024 21:02:42.847 [main] INFO  bdki.project.ProjectApplication.logStarting - Starting ProjectApplication using Java 17.0.9 with PID 22356 (C:\Users\USER\Downloads\project\project\target\classes started by USER in C:\Users\USER\Downloads\project\project)
13-03-2024 21:02:42.847 [main] DEBUG bdki.project.ProjectApplication.logStarting - Running with Spring Boot v3.2.3, Spring v6.1.4
13-03-2024 21:02:42.847 [main] INFO  bdki.project.ProjectApplication.logStartupProfileInfo - The following 1 profile is active: "default"
13-03-2024 21:02:54.975 [main] INFO  bdki.project.ProjectApplication.logStarted - Started ProjectApplication in 13.463 seconds (process running for 14.221)
13-03-2024 21:03:02.344 [http-nio-8080-exec-3] INFO  b.project.services.RabbitMQProducer.sendMessage - Message sent -> Berhasil memproses Dewa Channel: User(id=1, name=kamu, description=Deskripsi, code=Kode, status=true, userInfo={"key1":"value1","key2":"value2"}, createAt=Wed Mar 13 21:03:02 WIB 2024, updateAt=Wed Mar 13 21:03:02 WIB 2024)
13-03-2024 21:03:02.699 [http-nio-8080-exec-3] ERROR bdki.project.services.UserServices.processUser - Error processing : java.io.IOException
13-03-2024 21:06:37.969 [main] INFO  b.project.ProjectApplicationTests.logStarting - Starting ProjectApplicationTests using Java 17.0.9 with PID 17876 (started by USER in C:\Users\USER\Downloads\project\project)
13-03-2024 21:06:37.969 [main] DEBUG b.project.ProjectApplicationTests.logStarting - Running with Spring Boot v3.2.3, Spring v6.1.4
13-03-2024 21:06:37.974 [main] INFO  b.project.ProjectApplicationTests.logStartupProfileInfo - The following 1 profile is active: "default"
13-03-2024 21:06:53.861 [main] INFO  b.project.ProjectApplicationTests.logStarted - Started ProjectApplicationTests in 18.346 seconds (process running for 21.81)
13-03-2024 21:07:30.240 [main] INFO  bdki.project.ProjectApplication.logStarting - Starting ProjectApplication using Java 17.0.9 with PID 3888 (C:\Users\USER\Downloads\project\project\target\classes started by USER in C:\Users\USER\Downloads\project\project)
13-03-2024 21:07:30.240 [main] DEBUG bdki.project.ProjectApplication.logStarting - Running with Spring Boot v3.2.3, Spring v6.1.4
13-03-2024 21:07:30.246 [main] INFO  bdki.project.ProjectApplication.logStartupProfileInfo - The following 1 profile is active: "default"
13-03-2024 21:07:41.863 [main] INFO  bdki.project.ProjectApplication.logStarted - Started ProjectApplication in 13.262 seconds (process running for 14.056)
13-03-2024 21:07:50.200 [http-nio-8080-exec-3] INFO  b.project.services.RabbitMQProducer.sendMessage - Message sent -> Berhasil memproses Dewa Channel: User(id=1, name=kamu, description=Deskripsi, code=Kode, status=true, userInfo={"key1":"value1","key2":"value2"}, createAt=Wed Mar 13 21:07:50 WIB 2024, updateAt=Wed Mar 13 21:07:50 WIB 2024)
13-03-2024 21:07:50.366 [http-nio-8080-exec-3] ERROR bdki.project.services.UserServices.processUser - Error processing : java.io.IOException
13-03-2024 21:07:50.366 [http-nio-8080-exec-3] INFO  b.project.services.RabbitMQProducer.sendMessage - Message sent -> Failed to process user: java.io.IOException
13-03-2024 21:13:44.435 [main] INFO  bdki.project.ProjectApplication.logStarting - Starting ProjectApplication using Java 17.0.9 with PID 2492 (C:\Users\USER\Downloads\project\project\target\classes started by USER in C:\Users\USER\Downloads\project\project)
13-03-2024 21:13:44.435 [main] DEBUG bdki.project.ProjectApplication.logStarting - Running with Spring Boot v3.2.3, Spring v6.1.4
13-03-2024 21:13:44.440 [main] INFO  bdki.project.ProjectApplication.logStartupProfileInfo - The following 1 profile is active: "default"
13-03-2024 21:13:54.885 [main] INFO  bdki.project.ProjectApplication.logStarted - Started ProjectApplication in 11.88 seconds (process running for 12.7)
13-03-2024 21:14:01.454 [http-nio-8080-exec-2] INFO  b.project.services.RabbitMQProducer.sendMessage - Message sent -> Berhasil memproses Dewa Channel: User(id=2, name=kamu, description=Deskripsi, code=Kode, status=true, userInfo={"key1":"value1","key2":"value2"}, createAt=Wed Mar 13 21:14:01 WIB 2024, updateAt=Wed Mar 13 21:14:01 WIB 2024)
13-03-2024 21:14:01.790 [http-nio-8080-exec-2] ERROR bdki.project.services.UserServices.processUser - Error processing : java.io.IOException
13-03-2024 21:14:01.790 [http-nio-8080-exec-2] INFO  b.project.services.RabbitMQProducer.sendMessage - Message sent -> Failed to process user: java.io.IOException
13-03-2024 21:15:36.220 [main] INFO  bdki.project.ProjectApplication.logStarting - Starting ProjectApplication using Java 17.0.9 with PID 20284 (C:\Users\USER\Downloads\project\project\target\classes started by USER in C:\Users\USER\Downloads\project\project)
13-03-2024 21:15:36.225 [main] DEBUG bdki.project.ProjectApplication.logStarting - Running with Spring Boot v3.2.3, Spring v6.1.4
13-03-2024 21:15:36.240 [main] INFO  bdki.project.ProjectApplication.logStartupProfileInfo - The following 1 profile is active: "default"
13-03-2024 21:15:47.685 [main] INFO  bdki.project.ProjectApplication.logStarted - Started ProjectApplication in 13.578 seconds (process running for 14.826)
13-03-2024 21:16:04.049 [http-nio-8080-exec-2] INFO  b.project.services.RabbitMQProducer.sendMessage - Message sent -> Berhasil memproses Dewa Channel: User(id=3, name=kamu, description=Deskripsi, code=Kode, status=true, userInfo={"key1":"value1","key2":"value2"}, createAt=Wed Mar 13 21:16:03 WIB 2024, updateAt=Wed Mar 13 21:16:03 WIB 2024)
13-03-2024 21:16:04.209 [http-nio-8080-exec-2] ERROR bdki.project.services.UserServices.processUser - Error processing : java.io.IOException
13-03-2024 21:19:04.315 [main] INFO  bdki.project.ProjectApplication.logStarting - Starting ProjectApplication using Java 17.0.9 with PID 10328 (C:\Users\USER\Downloads\project\project\target\classes started by USER in C:\Users\USER\Downloads\project\project)
13-03-2024 21:19:04.315 [main] DEBUG bdki.project.ProjectApplication.logStarting - Running with Spring Boot v3.2.3, Spring v6.1.4
13-03-2024 21:19:04.315 [main] INFO  bdki.project.ProjectApplication.logStartupProfileInfo - The following 1 profile is active: "default"
13-03-2024 21:19:15.799 [main] INFO  bdki.project.ProjectApplication.logStarted - Started ProjectApplication in 12.929 seconds (process running for 14.407)
13-03-2024 21:19:25.000 [http-nio-8080-exec-1] INFO  b.project.services.RabbitMQProducer.sendMessage - Message sent -> Berhasil sending to RabbitMQ: User(id=4, name=kamu, description=Deskripsi, code=Kode, status=true, userInfo={"key1":"value1","key2":"value2"}, createAt=Wed Mar 13 21:19:24 WIB 2024, updateAt=Wed Mar 13 21:19:24 WIB 2024)
13-03-2024 21:19:25.125 [http-nio-8080-exec-1] ERROR bdki.project.services.UserServices.processUser - Error processing : java.io.IOException
13-03-2024 21:22:21.702 [main] INFO  b.project.ProjectApplicationTests.logStarting - Starting ProjectApplicationTests using Java 17.0.9 with PID 19492 (started by USER in C:\Users\USER\Downloads\project\project)
13-03-2024 21:22:21.702 [main] DEBUG b.project.ProjectApplicationTests.logStarting - Running with Spring Boot v3.2.3, Spring v6.1.4
13-03-2024 21:22:21.702 [main] INFO  b.project.ProjectApplicationTests.logStartupProfileInfo - The following 1 profile is active: "default"
13-03-2024 21:22:42.752 [main] INFO  b.project.ProjectApplicationTests.logStarted - Started ProjectApplicationTests in 21.942 seconds (process running for 24.918)
13-03-2024 21:23:20.356 [main] INFO  bdki.project.ProjectApplication.logStarting - Starting ProjectApplication using Java 17.0.9 with PID 15668 (C:\Users\USER\Downloads\project\project\target\classes started by USER in C:\Users\USER\Downloads\project\project)
13-03-2024 21:23:20.359 [main] DEBUG bdki.project.ProjectApplication.logStarting - Running with Spring Boot v3.2.3, Spring v6.1.4
13-03-2024 21:23:20.361 [main] INFO  bdki.project.ProjectApplication.logStartupProfileInfo - The following 1 profile is active: "default"
13-03-2024 21:23:32.760 [main] INFO  bdki.project.ProjectApplication.logStarted - Started ProjectApplication in 14.179 seconds (process running for 14.993)
13-03-2024 21:23:44.120 [http-nio-8080-exec-2] INFO  b.project.services.RabbitMQProducer.sendMessage - Message sent -> Berhasil sending to RabbitMQ: User(id=5, name=kamu, description=Deskripsi, code=Kode, status=true, userInfo={"key1":"value1","key2":"value2"}, createAt=Wed Mar 13 21:23:44 WIB 2024, updateAt=Wed Mar 13 21:23:44 WIB 2024)
13-03-2024 21:23:44.249 [http-nio-8080-exec-2] ERROR bdki.project.services.UserServices.processUser - Error processing : java.io.IOException
13-03-2024 21:25:51.676 [main] INFO  b.project.ProjectApplicationTests.logStarting - Starting ProjectApplicationTests using Java 17.0.9 with PID 21768 (started by USER in C:\Users\USER\Downloads\project\project)
13-03-2024 21:25:51.678 [main] DEBUG b.project.ProjectApplicationTests.logStarting - Running with Spring Boot v3.2.3, Spring v6.1.4
13-03-2024 21:25:51.680 [main] INFO  b.project.ProjectApplicationTests.logStartupProfileInfo - The following 1 profile is active: "default"
13-03-2024 21:26:04.659 [main] INFO  b.project.ProjectApplicationTests.logStarted - Started ProjectApplicationTests in 13.87 seconds (process running for 16.511)
13-03-2024 21:26:39.101 [main] INFO  bdki.project.ProjectApplication.logStarting - Starting ProjectApplication using Java 17.0.9 with PID 4360 (C:\Users\USER\Downloads\project\project\target\classes started by USER in C:\Users\USER\Downloads\project\project)
13-03-2024 21:26:39.101 [main] DEBUG bdki.project.ProjectApplication.logStarting - Running with Spring Boot v3.2.3, Spring v6.1.4
13-03-2024 21:26:39.101 [main] INFO  bdki.project.ProjectApplication.logStartupProfileInfo - The following 1 profile is active: "default"
13-03-2024 21:26:49.998 [main] INFO  bdki.project.ProjectApplication.logStarted - Started ProjectApplication in 12.729 seconds (process running for 13.609)
13-03-2024 21:27:10.149 [http-nio-8080-exec-2] INFO  b.project.services.RabbitMQProducer.sendMessage - Message sent -> Berhasil sending to RabbitMQ: User(id=6, name=kamu, description=Deskripsi, code=Kode, status=true, userInfo={"key1":"value1","key2":"value2"}, createAt=Wed Mar 13 21:27:10 WIB 2024, updateAt=Wed Mar 13 21:27:10 WIB 2024)
13-03-2024 21:27:15.233 [http-nio-8080-exec-2] ERROR bdki.project.services.UserServices.processUser - Error processing : java.net.ConnectException: Connection refused: no further information
13-03-2024 21:46:10.320 [main] INFO  b.project.ProjectApplicationTests.logStarting - Starting ProjectApplicationTests using Java 17.0.9 with PID 16248 (started by USER in C:\Users\USER\Downloads\project\project)
13-03-2024 21:46:10.322 [main] DEBUG b.project.ProjectApplicationTests.logStarting - Running with Spring Boot v3.2.3, Spring v6.1.4
13-03-2024 21:46:10.332 [main] INFO  b.project.ProjectApplicationTests.logStartupProfileInfo - The following 1 profile is active: "default"
13-03-2024 21:46:30.325 [main] INFO  b.project.ProjectApplicationTests.logStarted - Started ProjectApplicationTests in 21.233 seconds (process running for 24.138)
13-03-2024 21:47:28.952 [main] INFO  bdki.project.ProjectApplication.logStarting - Starting ProjectApplication using Java 17.0.9 with PID 12424 (C:\Users\USER\Downloads\project\project\target\classes started by USER in C:\Users\USER\Downloads\project\project)
13-03-2024 21:47:28.952 [main] DEBUG bdki.project.ProjectApplication.logStarting - Running with Spring Boot v3.2.3, Spring v6.1.4
13-03-2024 21:47:28.952 [main] INFO  bdki.project.ProjectApplication.logStartupProfileInfo - The following 1 profile is active: "default"
13-03-2024 21:47:40.643 [main] INFO  bdki.project.ProjectApplication.logStarted - Started ProjectApplication in 13.316 seconds (process running for 14.333)
13-03-2024 21:48:29.722 [main] INFO  bdki.project.ProjectApplication.logStarting - Starting ProjectApplication using Java 17.0.9 with PID 22136 (C:\Users\USER\Downloads\project\project\target\classes started by USER in C:\Users\USER\Downloads\project\project)
13-03-2024 21:48:29.727 [main] DEBUG bdki.project.ProjectApplication.logStarting - Running with Spring Boot v3.2.3, Spring v6.1.4
13-03-2024 21:48:29.732 [main] INFO  bdki.project.ProjectApplication.logStartupProfileInfo - The following 1 profile is active: "default"
13-03-2024 21:48:50.873 [main] INFO  bdki.project.ProjectApplication.logStarted - Started ProjectApplication in 22.973 seconds (process running for 24.641)
13-03-2024 21:50:49.384 [main] INFO  bdki.project.ProjectApplication.logStarting - Starting ProjectApplication using Java 17.0.9 with PID 23308 (C:\Users\USER\Downloads\project\project\target\classes started by USER in C:\Users\USER\Downloads\project\project)
13-03-2024 21:50:49.386 [main] DEBUG bdki.project.ProjectApplication.logStarting - Running with Spring Boot v3.2.3, Spring v6.1.4
13-03-2024 21:50:49.388 [main] INFO  bdki.project.ProjectApplication.logStartupProfileInfo - The following 1 profile is active: "default"
13-03-2024 21:50:59.381 [main] INFO  bdki.project.ProjectApplication.logStarted - Started ProjectApplication in 12.077 seconds (process running for 12.873)
13-03-2024 21:51:09.677 [http-nio-8080-exec-1] INFO  b.project.services.RabbitMQProducer.sendMessage - Message sent -> Berhasil sending to RabbitMQ: User(id=7, name=kamu, description=Deskripsi, code=Kode, status=true, userInfo={"key1":"value1","key2":"value2"}, createAt=Wed Mar 13 21:51:09 WIB 2024, updateAt=Wed Mar 13 21:51:09 WIB 2024)
13-03-2024 21:51:14.720 [http-nio-8080-exec-1] ERROR bdki.project.services.UserServices.processUser - Error processing : java.net.ConnectException: Connection refused: no further information
13-03-2024 21:51:58.576 [main] INFO  bdki.project.ProjectApplication.logStarting - Starting ProjectApplication using Java 17.0.9 with PID 20904 (C:\Users\USER\Downloads\project\project\target\classes started by USER in C:\Users\USER\Downloads\project\project)
13-03-2024 21:51:58.576 [main] DEBUG bdki.project.ProjectApplication.logStarting - Running with Spring Boot v3.2.3, Spring v6.1.4
13-03-2024 21:51:58.591 [main] INFO  bdki.project.ProjectApplication.logStartupProfileInfo - The following 1 profile is active: "default"
13-03-2024 21:52:17.501 [main] INFO  bdki.project.ProjectApplication.logStarted - Started ProjectApplication in 20.716 seconds (process running for 22.51)
13-03-2024 21:55:41.056 [http-nio-8080-exec-2] INFO  b.project.services.RabbitMQProducer.sendMessage - Message sent -> Berhasil sending to RabbitMQ: User(id=8, name=kamu, description=Deskripsi, code=Kode, status=true, userInfo={"key1":"value1","key2":"value2"}, createAt=Wed Mar 13 21:55:04 WIB 2024, updateAt=Wed Mar 13 21:55:04 WIB 2024)
13-03-2024 22:00:01.896 [main] INFO  bdki.project.ProjectApplication.logStarting - Starting ProjectApplication using Java 17.0.9 with PID 18724 (C:\Users\USER\Downloads\project\project\target\classes started by USER in C:\Users\USER\Downloads\project\project)
13-03-2024 22:00:01.898 [main] DEBUG bdki.project.ProjectApplication.logStarting - Running with Spring Boot v3.2.3, Spring v6.1.4
13-03-2024 22:00:01.901 [main] INFO  bdki.project.ProjectApplication.logStartupProfileInfo - The following 1 profile is active: "default"
13-03-2024 22:00:20.060 [main] INFO  bdki.project.ProjectApplication.logStarted - Started ProjectApplication in 19.756 seconds (process running for 21.327)
13-03-2024 22:01:29.951 [http-nio-8080-exec-2] INFO  b.project.services.RabbitMQProducer.sendMessage - Message sent -> Berhasil sending to RabbitMQ: User(id=9, name=kamu, description=Deskripsi, code=Kode, status=true, userInfo={"key1":"value1","key2":"value2"}, createAt=Wed Mar 13 22:01:11 WIB 2024, updateAt=Wed Mar 13 22:01:11 WIB 2024)
13-03-2024 22:09:20.570 [main] INFO  bdki.project.ProjectApplication.logStarting - Starting ProjectApplication using Java 17.0.9 with PID 5636 (C:\Users\USER\Downloads\project\project\target\classes started by USER in C:\Users\USER\Downloads\project\project)
13-03-2024 22:09:20.570 [main] DEBUG bdki.project.ProjectApplication.logStarting - Running with Spring Boot v3.2.3, Spring v6.1.4
13-03-2024 22:09:20.570 [main] INFO  bdki.project.ProjectApplication.logStartupProfileInfo - The following 1 profile is active: "default"
13-03-2024 22:09:31.712 [main] INFO  bdki.project.ProjectApplication.logStarted - Started ProjectApplication in 12.794 seconds (process running for 13.988)
13-03-2024 22:11:06.428 [http-nio-8080-exec-2] INFO  b.project.services.RabbitMQProducer.sendMessage - Message sent -> Berhasil sending to RabbitMQ: User(id=10, name=kamu, description=Deskripsi, code=Kode, status=true, userInfo={"key1":"value1","key2":"value2"}, createAt=Wed Mar 13 22:10:31 WIB 2024, updateAt=Wed Mar 13 22:10:31 WIB 2024)
13-03-2024 22:21:50.408 [main] INFO  bdki.project.ProjectApplication.logStarting - Starting ProjectApplication using Java 17.0.9 with PID 5076 (C:\Users\USER\Downloads\project\project\target\classes started by USER in C:\Users\USER\Downloads\project\project)
13-03-2024 22:21:50.408 [main] DEBUG bdki.project.ProjectApplication.logStarting - Running with Spring Boot v3.2.3, Spring v6.1.4
13-03-2024 22:21:50.408 [main] INFO  bdki.project.ProjectApplication.logStartupProfileInfo - The following 1 profile is active: "default"
13-03-2024 22:22:01.078 [main] INFO  bdki.project.ProjectApplication.logStarted - Started ProjectApplication in 12.017 seconds (process running for 13.645)
13-03-2024 22:23:18.568 [http-nio-8080-exec-1] INFO  b.project.services.RabbitMQProducer.sendMessage - Message sent -> Berhasil sending to RabbitMQ: User(id=11, name=kamu, description=Deskripsi, code=Kode, status=true, userInfo={"key1":"value1","key2":"value2"}, createAt=Wed Mar 13 22:23:01 WIB 2024, updateAt=Wed Mar 13 22:23:01 WIB 2024)
13-03-2024 22:39:14.394 [main] INFO  bdki.project.ProjectApplication.logStarting - Starting ProjectApplication using Java 17.0.9 with PID 14296 (C:\Users\USER\Downloads\project\project\target\classes started by USER in C:\Users\USER\Downloads\project\project)
13-03-2024 22:39:14.398 [main] DEBUG bdki.project.ProjectApplication.logStarting - Running with Spring Boot v3.2.3, Spring v6.1.4
13-03-2024 22:39:14.398 [main] INFO  bdki.project.ProjectApplication.logStartupProfileInfo - The following 1 profile is active: "default"
13-03-2024 22:39:23.209 [main] INFO  bdki.project.ProjectApplication.logStarted - Started ProjectApplication in 10.336 seconds (process running for 11.464)
13-03-2024 22:40:17.578 [http-nio-8080-exec-2] INFO  b.project.services.RabbitMQProducer.sendMessage - Message sent -> Berhasil sending to RabbitMQ: User(id=12, name=kamu, description=Deskripsi, code=Kode, status=true, userInfo={"key1":"value1","key2":"value2"}, createAt=Wed Mar 13 22:40:17 WIB 2024, updateAt=Wed Mar 13 22:40:17 WIB 2024)
13-03-2024 22:40:22.620 [http-nio-8080-exec-2] ERROR b.project.services.RabbitMQProducer.sendMessage - Failed to send message to RabbitMQ: java.net.ConnectException: Connection refused: no further information
13-03-2024 22:43:35.572 [main] INFO  bdki.project.ProjectApplication.logStarting - Starting ProjectApplication using Java 17.0.9 with PID 15696 (C:\Users\USER\Downloads\project\project\target\classes started by USER in C:\Users\USER\Downloads\project\project)
13-03-2024 22:43:35.575 [main] DEBUG bdki.project.ProjectApplication.logStarting - Running with Spring Boot v3.2.3, Spring v6.1.4
13-03-2024 22:43:35.577 [main] INFO  bdki.project.ProjectApplication.logStartupProfileInfo - The following 1 profile is active: "default"
13-03-2024 22:43:54.072 [main] INFO  bdki.project.ProjectApplication.logStarted - Started ProjectApplication in 19.973 seconds (process running for 21.102)
13-03-2024 22:44:52.717 [http-nio-8080-exec-2] INFO  b.project.services.RabbitMQProducer.sendMessage - Message sent -> Berhasil sending to RabbitMQ: User(id=13, name=kamu, description=Deskripsi, code=Kode, status=true, userInfo={"key1":"value1","key2":"value2"}, createAt=Wed Mar 13 22:44:44 WIB 2024, updateAt=Wed Mar 13 22:44:44 WIB 2024)
13-03-2024 22:44:59.055 [http-nio-8080-exec-2] ERROR b.project.services.RabbitMQProducer.sendMessage - Failed to send message to RabbitMQ: java.net.ConnectException: Connection refused: no further information
13-03-2024 22:47:00.092 [main] INFO  bdki.project.ProjectApplication.logStarting - Starting ProjectApplication using Java 17.0.9 with PID 20748 (C:\Users\USER\Downloads\project\project\target\classes started by USER in C:\Users\USER\Downloads\project\project)
13-03-2024 22:47:00.096 [main] DEBUG bdki.project.ProjectApplication.logStarting - Running with Spring Boot v3.2.3, Spring v6.1.4
13-03-2024 22:47:00.097 [main] INFO  bdki.project.ProjectApplication.logStartupProfileInfo - The following 1 profile is active: "default"
13-03-2024 22:47:09.107 [main] INFO  bdki.project.ProjectApplication.logStarted - Started ProjectApplication in 10.275 seconds (process running for 11.073)
13-03-2024 22:47:15.522 [http-nio-8080-exec-2] INFO  b.project.services.RabbitMQProducer.sendMessage - Message sent -> Berhasil sending to RabbitMQ: User(id=14, name=kamu, description=Deskripsi, code=Kode, status=true, userInfo={"key1":"value1","key2":"value2"}, createAt=Wed Mar 13 22:47:15 WIB 2024, updateAt=Wed Mar 13 22:47:15 WIB 2024)
13-03-2024 22:47:20.569 [http-nio-8080-exec-2] ERROR b.project.services.RabbitMQProducer.sendMessage - Failed to send message to RabbitMQ: java.net.ConnectException: Connection refused: no further information
13-03-2024 22:49:41.195 [main] INFO  bdki.project.ProjectApplication.logStarting - Starting ProjectApplication using Java 17.0.9 with PID 19912 (C:\Users\USER\Downloads\project\project\target\classes started by USER in C:\Users\USER\Downloads\project\project)
13-03-2024 22:49:41.198 [main] DEBUG bdki.project.ProjectApplication.logStarting - Running with Spring Boot v3.2.3, Spring v6.1.4
13-03-2024 22:49:41.198 [main] INFO  bdki.project.ProjectApplication.logStartupProfileInfo - The following 1 profile is active: "default"
13-03-2024 22:49:50.018 [main] INFO  bdki.project.ProjectApplication.logStarted - Started ProjectApplication in 10.315 seconds (process running for 11.117)
13-03-2024 22:49:58.895 [http-nio-8080-exec-1] INFO  b.project.services.RabbitMQProducer.sendMessage - Message sent -> Berhasil sending to RabbitMQ: User(id=15, name=kamu, description=Deskripsi, code=Kode, status=true, userInfo={"key1":"value1","key2":"value2"}, createAt=Wed Mar 13 22:49:58 WIB 2024, updateAt=Wed Mar 13 22:49:58 WIB 2024)
13-03-2024 22:49:58.928 [http-nio-8080-exec-1] ERROR b.project.services.RabbitMQProducer.sendMessage - Failed to send message to RabbitMQ: java.net.ConnectException: Connection refused: no further information
13-03-2024 22:51:40.542 [main] INFO  bdki.project.ProjectApplication.logStarting - Starting ProjectApplication using Java 17.0.9 with PID 15680 (C:\Users\USER\Downloads\project\project\target\classes started by USER in C:\Users\USER\Downloads\project\project)
13-03-2024 22:51:40.542 [main] DEBUG bdki.project.ProjectApplication.logStarting - Running with Spring Boot v3.2.3, Spring v6.1.4
13-03-2024 22:51:40.547 [main] INFO  bdki.project.ProjectApplication.logStartupProfileInfo - The following 1 profile is active: "default"
13-03-2024 22:51:49.567 [main] INFO  bdki.project.ProjectApplication.logStarted - Started ProjectApplication in 10.21 seconds (process running for 11.016)
13-03-2024 22:52:07.322 [http-nio-8080-exec-1] INFO  b.project.services.RabbitMQProducer.sendMessage - Message sent -> Berhasil sending to RabbitMQ: User(id=16, name=kamu, description=Deskripsi, code=Kode, status=true, userInfo={"key1":"value1","key2":"value2"}, createAt=Wed Mar 13 22:52:07 WIB 2024, updateAt=Wed Mar 13 22:52:07 WIB 2024)
13-03-2024 22:52:07.492 [http-nio-8080-exec-1] ERROR b.project.services.RabbitMQProducer.sendMessage - Failed to send message to RabbitMQ: java.io.IOException
13-03-2024 23:11:21.624 [main] INFO  bdki.project.ProjectApplication.logStarting - Starting ProjectApplication using Java 17.0.9 with PID 3588 (C:\Users\USER\Downloads\project\project\target\classes started by USER in C:\Users\USER\Downloads\project\project)
13-03-2024 23:11:21.715 [main] DEBUG bdki.project.ProjectApplication.logStarting - Running with Spring Boot v3.2.3, Spring v6.1.4
13-03-2024 23:11:21.721 [main] INFO  bdki.project.ProjectApplication.logStartupProfileInfo - The following 1 profile is active: "default"
13-03-2024 23:12:36.386 [main] INFO  bdki.project.ProjectApplication.logStarted - Started ProjectApplication in 79.422 seconds (process running for 85.39)
13-03-2024 23:13:47.086 [http-nio-8080-exec-6] INFO  b.project.services.RabbitMQProducer.sendMessage - Message sent -> Berhasil sending to RabbitMQ: User(id=17, name=kamu, description=Deskripsi, code=Kode, status=true, userInfo={"key1":"value1","key2":"value2"}, createAt=Wed Mar 13 23:13:38 WIB 2024, updateAt=Wed Mar 13 23:13:38 WIB 2024)
13-03-2024 23:13:50.284 [http-nio-8080-exec-6] ERROR b.project.services.RabbitMQProducer.sendMessage - Failed to send message to RabbitMQ: java.io.IOException
13-03-2024 23:20:22.644 [main] INFO  bdki.project.ProjectApplication.logStarting - Starting ProjectApplication using Java 17.0.9 with PID 15820 (C:\Users\USER\Downloads\project\project\target\classes started by USER in C:\Users\USER\Downloads\project\project)
13-03-2024 23:20:22.646 [main] DEBUG bdki.project.ProjectApplication.logStarting - Running with Spring Boot v3.2.3, Spring v6.1.4
13-03-2024 23:20:22.646 [main] INFO  bdki.project.ProjectApplication.logStartupProfileInfo - The following 1 profile is active: "default"
13-03-2024 23:20:34.257 [main] INFO  bdki.project.ProjectApplication.logStarted - Started ProjectApplication in 12.997 seconds (process running for 14.131)
13-03-2024 23:35:04.131 [http-nio-8080-exec-2] INFO  b.project.services.RabbitMQProducer.sendMessage - Message sent -> Berhasil sending to RabbitMQ: User(id=18, name=kamu, description=Deskripsi, code=Kode, status=true, userInfo={"key1":"value1","key2":"value2"}, createAt=Wed Mar 13 23:21:39 WIB 2024, updateAt=Wed Mar 13 23:21:39 WIB 2024)
13-03-2024 23:35:06.030 [http-nio-8080-exec-2] ERROR b.project.services.RabbitMQProducer.sendMessage - Failed to send message to RabbitMQ: java.io.IOException
13-03-2024 23:38:40.285 [main] INFO  b.project.ProjectApplicationTests.logStarting - Starting ProjectApplicationTests using Java 17.0.9 with PID 8588 (started by USER in C:\Users\USER\Downloads\project\project)
13-03-2024 23:38:40.285 [main] DEBUG b.project.ProjectApplicationTests.logStarting - Running with Spring Boot v3.2.3, Spring v6.1.4
13-03-2024 23:38:40.285 [main] INFO  b.project.ProjectApplicationTests.logStartupProfileInfo - The following 1 profile is active: "default"
13-03-2024 23:38:54.301 [main] INFO  b.project.ProjectApplicationTests.logStarted - Started ProjectApplicationTests in 15.112 seconds (process running for 18.158)
13-03-2024 23:49:12.458 [main] INFO  b.project.ProjectApplicationTests.logStarting - Starting ProjectApplicationTests using Java 17.0.9 with PID 14844 (started by USER in C:\Users\USER\Downloads\project\project)
13-03-2024 23:49:12.458 [main] DEBUG b.project.ProjectApplicationTests.logStarting - Running with Spring Boot v3.2.3, Spring v6.1.4
13-03-2024 23:49:12.458 [main] INFO  b.project.ProjectApplicationTests.logStartupProfileInfo - The following 1 profile is active: "default"
13-03-2024 23:49:21.299 [main] INFO  b.project.ProjectApplicationTests.logStarted - Started ProjectApplicationTests in 9.78 seconds (process running for 12.22)
13-03-2024 23:50:16.811 [main] INFO  bdki.project.ProjectApplication.logStarting - Starting ProjectApplication using Java 17.0.9 with PID 6092 (C:\Users\USER\Downloads\project\project\target\classes started by USER in C:\Users\USER\Downloads\project\project)
13-03-2024 23:50:16.811 [main] DEBUG bdki.project.ProjectApplication.logStarting - Running with Spring Boot v3.2.3, Spring v6.1.4
13-03-2024 23:50:16.819 [main] INFO  bdki.project.ProjectApplication.logStartupProfileInfo - The following 1 profile is active: "default"
13-03-2024 23:50:26.597 [main] INFO  bdki.project.ProjectApplication.logStarted - Started ProjectApplication in 10.921 seconds (process running for 11.571)
13-03-2024 23:50:46.030 [http-nio-8080-exec-1] INFO  b.project.services.RabbitMQProducer.sendMessage - Message sent -> hello
13-03-2024 23:52:26.206 [http-nio-8080-exec-5] INFO  b.project.services.RabbitMQProducer.sendMessage - Message sent -> Berhasil sending to RabbitMQ: User(id=19, name=kamu, description=Deskripsi, code=Kode, status=true, userInfo={"key1":"value1","key2":"value2"}, createAt=Wed Mar 13 23:52:26 WIB 2024, updateAt=Wed Mar 13 23:52:26 WIB 2024)
13-03-2024 23:52:26.232 [http-nio-8080-exec-5] ERROR bdki.project.services.UserServices.processUser - Error processing : java.io.IOException
